Using pre-set license
Built from '2021.2/release' branch; Version is '2021.2.15f1 (3b8567f665bb) revision 3900775'; Using compiler version '192829333'; Build Type 'Release'
OS: 'Windows 11  (10.0.22000) 64bit Core' Language: 'en' Physical Memory: 16015 MB
BatchMode: 1, IsHumanControllingUs: 0, StartBugReporterOnCrash: 0, Is64bit: 1, IsPro: 1

COMMAND LINE ARGUMENTS:
C:\Program Files\Unity\Hub\Editor\2021.2.15f1\Editor\Unity.exe
-adb2
-batchMode
-noUpm
-name
AssetImportWorker9
-projectPath
D:/NASA-SUITS-AR-Displays
-logFile
Logs/AssetImportWorker9.log
-srvPort
57063
Successfully changed project path to: D:/NASA-SUITS-AR-Displays
D:/NASA-SUITS-AR-Displays
[UnityMemory] Configuration Parameters - Can be set up in boot.config
    "memorysetup-bucket-allocator-granularity=16"
    "memorysetup-bucket-allocator-bucket-count=8"
    "memorysetup-bucket-allocator-block-size=33554432"
    "memorysetup-bucket-allocator-block-count=8"
    "memorysetup-main-allocator-block-size=16777216"
    "memorysetup-thread-allocator-block-size=16777216"
    "memorysetup-gfx-main-allocator-block-size=16777216"
    "memorysetup-gfx-thread-allocator-block-size=16777216"
    "memorysetup-cache-allocator-block-size=4194304"
    "memorysetup-typetree-allocator-block-size=2097152"
    "memorysetup-profiler-bucket-allocator-granularity=16"
    "memorysetup-profiler-bucket-allocator-bucket-count=8"
    "memorysetup-profiler-bucket-allocator-block-size=33554432"
    "memorysetup-profiler-bucket-allocator-block-count=8"
    "memorysetup-profiler-allocator-block-size=16777216"
    "memorysetup-profiler-editor-allocator-block-size=1048576"
    "memorysetup-temp-allocator-size-main=16777216"
    "memorysetup-job-temp-allocator-block-size=2097152"
    "memorysetup-job-temp-allocator-block-size-background=1048576"
    "memorysetup-job-temp-allocator-reduction-small-platforms=262144"
    "memorysetup-temp-allocator-size-background-worker=32768"
    "memorysetup-temp-allocator-size-job-worker=262144"
    "memorysetup-temp-allocator-size-preload-manager=33554432"
    "memorysetup-temp-allocator-size-nav-mesh-worker=65536"
    "memorysetup-temp-allocator-size-audio-worker=65536"
    "memorysetup-temp-allocator-size-cloud-worker=32768"
    "memorysetup-temp-allocator-size-gi-baking-worker=262144"
    "memorysetup-temp-allocator-size-gfx=262144"
Refreshing native plugins compatible for Editor in 116.93 ms, found 29 plugins.
Preloading 1 native plugins for Editor in 1.38 ms.
Initialize engine version: 2021.2.15f1 (3b8567f665bb)
[Subsystems] Discovering subsystems at path C:/Program Files/Unity/Hub/Editor/2021.2.15f1/Editor/Data/Resources/UnitySubsystems
[Subsystems] Discovering subsystems at path D:/NASA-SUITS-AR-Displays/Assets
GfxDevice: creating device client; threaded=0; jobified=0
Direct3D:
    Version:  Direct3D 11.0 [level 11.1]
    Renderer: NVIDIA GeForce MX330 (ID=0x1d16)
    Vendor:   NVIDIA
    VRAM:     1983 MB
    Driver:   30.0.14.7141
Initialize mono
Mono path[0] = 'C:/Program Files/Unity/Hub/Editor/2021.2.15f1/Editor/Data/Managed'
Mono path[1] = 'C:/Program Files/Unity/Hub/Editor/2021.2.15f1/Editor/Data/MonoBleedingEdge/lib/mono/unityjit-win32'
Mono config path = 'C:/Program Files/Unity/Hub/Editor/2021.2.15f1/Editor/Data/MonoBleedingEdge/etc'
Using monoOptions --debugger-agent=transport=dt_socket,embedding=1,server=y,suspend=n,address=127.0.0.1:56584
Begin MonoManager ReloadAssembly
Registering precompiled unity dll's ...
Register platform support module: C:/Program Files/Unity/Hub/Editor/2021.2.15f1/Editor/Data/PlaybackEngines/WebGLSupport/UnityEditor.WebGL.Extensions.dll
Register platform support module: C:/Program Files/Unity/Hub/Editor/2021.2.15f1/Editor/Data/PlaybackEngines/AndroidPlayer/UnityEditor.Android.Extensions.dll
Register platform support module: C:/Program Files/Unity/Hub/Editor/2021.2.15f1/Editor/Data/PlaybackEngines/WindowsStandaloneSupport/UnityEditor.WindowsStandalone.Extensions.dll
Register platform support module: C:/Program Files/Unity/Hub/Editor/2021.2.15f1/Editor/Data/PlaybackEngines/MetroSupport/UnityEditor.UWP.Extensions.dll
Registered in 0.004007 seconds.
Native extension for UWP target not found
Native extension for WindowsStandalone target not found
Native extension for Android target not found
Native extension for WebGL target not found
Refreshing native plugins compatible for Editor in 97.42 ms, found 29 plugins.
Preloading 1 native plugins for Editor in 0.20 ms.
Mono: successfully reloaded assembly
- Completed reload, in  0.644 seconds
Domain Reload Profiling:
	ReloadAssembly (644ms)
		BeginReloadAssembly (77ms)
			ExecutionOrderSort (0ms)
			DisableScriptedObjects (0ms)
			BackupInstance (0ms)
			ReleaseScriptingObjects (0ms)
			CreateAndSetChildDomain (2ms)
		EndReloadAssembly (471ms)
			LoadAssemblies (73ms)
			RebuildTransferFunctionScriptingTraits (0ms)
			SetupTypeCache (105ms)
			ReleaseScriptCaches (0ms)
			RebuildScriptCaches (29ms)
			SetupLoadedEditorAssemblies (283ms)
				LogAssemblyErrors (0ms)
				InitializePlatformSupportModulesInManaged (57ms)
				SetLoadedEditorAssemblies (0ms)
				RefreshPlugins (98ms)
				BeforeProcessingInitializeOnLoad (1ms)
				ProcessInitializeOnLoadAttributes (85ms)
				ProcessInitializeOnLoadMethodAttributes (41ms)
				AfterProcessingInitializeOnLoad (0ms)
				EditorAssembliesLoaded (0ms)
			ExecutionOrderSort2 (0ms)
			AwakeInstancesAfterBackupRestoration (0ms)
Platform modules already initialized, skipping
Registering precompiled user dll's ...
Registered in 0.008295 seconds.
Android Extension - Scanning For ADB Devices 766 ms
Begin MonoManager ReloadAssembly
Symbol file LoadedFromMemory is not a mono symbol file
Native extension for UWP target not found
Native extension for WindowsStandalone target not found
Native extension for Android target not found
Native extension for WebGL target not found
Refreshing native plugins compatible for Editor in 89.46 ms, found 29 plugins.
Preloading 1 native plugins for Editor in 0.04 ms.
[XR] [MROpenXR][Info   ][15:11:00.205452][tid:2ca4] MeshProvider_RegisterLifecycleProvider
[XR] [MROpenXR][Info   ][15:11:00.205568][tid:2ca4] InputProvider_RegisterLifeCycleProvider
[XR] [MROpenXR][Info   ][15:11:00.206020][tid:2ca4] MicrosoftOpenXRPlugin_SetPluginEnvironment unityVersion=2021.2.15f1
[XR] Error loading subsystem: Display (1) (header mismatch?)
[XR] [MROpenXR][Info   ][15:11:00.239211][tid:2ca4] MicrosoftOpenXRPlugin_SetPluginEnvironment openXRPluginVersion=1.3.1
[XR] [MROpenXR][Info   ][15:11:00.239262][tid:2ca4] MicrosoftOpenXRPlugin_SetPluginEnvironment mrOpenXRPluginVersion=1.3.1.0
[XR] [MROpenXR][Info   ][15:11:00.239324][tid:2ca4] OnPluginStarted UnityVersion=2021.2.15f1 OpenXRPluginVersion=1.3.1 MROpenXRPluginVersion=1.3.1.0 PartA_PrivTags=33554432
Mono: successfully reloaded assembly
Package Manager log level set to [2]
- Completed reload, in  5.363 seconds
Domain Reload Profiling:
	ReloadAssembly (5364ms)
		BeginReloadAssembly (87ms)
			ExecutionOrderSort (0ms)
			DisableScriptedObjects (4ms)
			BackupInstance (0ms)
			ReleaseScriptingObjects (0ms)
			CreateAndSetChildDomain (20ms)
		EndReloadAssembly (5196ms)
			LoadAssemblies (76ms)
			RebuildTransferFunctionScriptingTraits (0ms)
			SetupTypeCache (259ms)
			ReleaseScriptCaches (1ms)
			RebuildScriptCaches (98ms)
			SetupLoadedEditorAssemblies (4720ms)
				LogAssemblyErrors (0ms)
				InitializePlatformSupportModulesInManaged (21ms)
				SetLoadedEditorAssemblies (0ms)
				RefreshPlugins (90ms)
				BeforeProcessingInitializeOnLoad (100ms)
				ProcessInitializeOnLoadAttributes (1606ms)
				ProcessInitializeOnLoadMethodAttributes (2898ms)
				AfterProcessingInitializeOnLoad (5ms)
				EditorAssembliesLoaded (0ms)
			ExecutionOrderSort2 (0ms)
			AwakeInstancesAfterBackupRestoration (3ms)
Platform modules already initialized, skipping
========================================================================
Worker process is ready to serve import requests
Launched and connected shader compiler UnityShaderCompiler.exe after 0.05 seconds
Refreshing native plugins compatible for Editor in 3.51 ms, found 29 plugins.
Preloading 1 native plugins for Editor in 0.04 ms.
Unloading 5924 Unused Serialized files (Serialized files now loaded: 0)
Unloading 992 unused Assets / (3.8 MB). Loaded Objects now: 6105.
Memory consumption went from 284.4 MB to 280.6 MB.
Total: 7.114900 ms (FindLiveObjects: 0.701700 ms CreateObjectMapping: 0.472900 ms MarkObjects: 3.654100 ms  DeleteObjects: 2.284800 ms)

AssetImportParameters requested are different than current active one (requested -> active):
  custom:video-decoder-ogg-theora: a1e56fd34408186e4bbccfd4996cb3dc -> 
  custom:container-muxer-webm: aa71ff27fc2769a1b78a27578f13a17b -> 
  custom:container-demuxer-webm: 4f35f7cbe854078d1ac9338744f61a02 -> 
  custom:video-encoder-webm-vp8: eb34c28f22e8b96e1ab97ce403110664 -> 
  custom:audio-encoder-webm-vorbis: bf7c407c2cedff20999df2af8eb42d56 -> 
  custom:framework-win-MediaFoundation: 216162199b28c13a410421893ffa2e32 -> 
  custom:container-demuxer-ogg: 62fdf1f143b41e24485cea50d1cbac27 -> 
  custom:video-decoder-webm-vp8: 9c59270c3fd7afecdb556c50c9e8de78 -> 
  custom:audio-decoder-ogg-vorbis: bf7c407c2cedff20999df2af8eb42d56 -> 
========================================================================
Received Prepare
Registering precompiled user dll's ...
Registered in 0.009636 seconds.
Begin MonoManager ReloadAssembly
Symbol file LoadedFromMemory is not a mono symbol file
Native extension for UWP target not found
Native extension for WindowsStandalone target not found
Native extension for Android target not found
Native extension for WebGL target not found
Refreshing native plugins compatible for Editor in 1.81 ms, found 29 plugins.
Preloading 1 native plugins for Editor in 0.05 ms.
[XR] [MROpenXR][Info   ][15:39:47.625676][tid:2ca4] MicrosoftOpenXRPlugin_SetPluginEnvironment unityVersion=2021.2.15f1
[XR] [MROpenXR][Info   ][15:39:47.626220][tid:2ca4] MicrosoftOpenXRPlugin_SetPluginEnvironment openXRPluginVersion=1.3.1
[XR] [MROpenXR][Info   ][15:39:47.626269][tid:2ca4] MicrosoftOpenXRPlugin_SetPluginEnvironment mrOpenXRPluginVersion=1.3.1.0
[XR] [MROpenXR][Info   ][15:39:47.626328][tid:2ca4] OnPluginStarted UnityVersion=2021.2.15f1 OpenXRPluginVersion=1.3.1 MROpenXRPluginVersion=1.3.1.0 PartA_PrivTags=33554432
Mono: successfully reloaded assembly
- Completed reload, in  1.836 seconds
Domain Reload Profiling:
	ReloadAssembly (1837ms)
		BeginReloadAssembly (265ms)
			ExecutionOrderSort (0ms)
			DisableScriptedObjects (5ms)
			BackupInstance (0ms)
			ReleaseScriptingObjects (0ms)
			CreateAndSetChildDomain (162ms)
		EndReloadAssembly (1484ms)
			LoadAssemblies (120ms)
			RebuildTransferFunctionScriptingTraits (0ms)
			SetupTypeCache (273ms)
			ReleaseScriptCaches (4ms)
			RebuildScriptCaches (131ms)
			SetupLoadedEditorAssemblies (903ms)
				LogAssemblyErrors (0ms)
				InitializePlatformSupportModulesInManaged (18ms)
				SetLoadedEditorAssemblies (0ms)
				RefreshPlugins (2ms)
				BeforeProcessingInitializeOnLoad (90ms)
				ProcessInitializeOnLoadAttributes (279ms)
				ProcessInitializeOnLoadMethodAttributes (510ms)
				AfterProcessingInitializeOnLoad (4ms)
				EditorAssembliesLoaded (0ms)
			ExecutionOrderSort2 (0ms)
			AwakeInstancesAfterBackupRestoration (9ms)
Platform modules already initialized, skipping
Refreshing native plugins compatible for Editor in 6.81 ms, found 29 plugins.
Preloading 1 native plugins for Editor in 0.03 ms.
Unloading 5789 Unused Serialized files (Serialized files now loaded: 0)
Unloading 122 unused Assets / (2.3 MB). Loaded Objects now: 6113.
Memory consumption went from 269.5 MB to 267.2 MB.
Total: 4.263800 ms (FindLiveObjects: 0.495600 ms CreateObjectMapping: 0.246300 ms MarkObjects: 2.882500 ms  DeleteObjects: 0.638100 ms)

AssetImportParameters requested are different than current active one (requested -> active):
  custom:video-decoder-ogg-theora: a1e56fd34408186e4bbccfd4996cb3dc -> 
  custom:container-muxer-webm: aa71ff27fc2769a1b78a27578f13a17b -> 
  custom:container-demuxer-webm: 4f35f7cbe854078d1ac9338744f61a02 -> 
  custom:video-encoder-webm-vp8: eb34c28f22e8b96e1ab97ce403110664 -> 
  custom:audio-encoder-webm-vorbis: bf7c407c2cedff20999df2af8eb42d56 -> 
  custom:framework-win-MediaFoundation: 216162199b28c13a410421893ffa2e32 -> 
  custom:container-demuxer-ogg: 62fdf1f143b41e24485cea50d1cbac27 -> 
  custom:video-decoder-webm-vp8: 9c59270c3fd7afecdb556c50c9e8de78 -> 
  custom:audio-decoder-ogg-vorbis: bf7c407c2cedff20999df2af8eb42d56 -> 
========================================================================
Received Prepare
Registering precompiled user dll's ...
Registered in 0.007723 seconds.
Begin MonoManager ReloadAssembly
Symbol file LoadedFromMemory is not a mono symbol file
Native extension for UWP target not found
Native extension for WindowsStandalone target not found
Native extension for Android target not found
Native extension for WebGL target not found
Refreshing native plugins compatible for Editor in 5.30 ms, found 29 plugins.
Preloading 1 native plugins for Editor in 0.07 ms.
[XR] [MROpenXR][Info   ][15:49:28.239219][tid:2ca4] MicrosoftOpenXRPlugin_SetPluginEnvironment unityVersion=2021.2.15f1
[XR] [MROpenXR][Info   ][15:49:28.239635][tid:2ca4] MicrosoftOpenXRPlugin_SetPluginEnvironment openXRPluginVersion=1.3.1
[XR] [MROpenXR][Info   ][15:49:28.239715][tid:2ca4] MicrosoftOpenXRPlugin_SetPluginEnvironment mrOpenXRPluginVersion=1.3.1.0
[XR] [MROpenXR][Info   ][15:49:28.239782][tid:2ca4] OnPluginStarted UnityVersion=2021.2.15f1 OpenXRPluginVersion=1.3.1 MROpenXRPluginVersion=1.3.1.0 PartA_PrivTags=33554432
Mono: successfully reloaded assembly
- Completed reload, in  2.627 seconds
Domain Reload Profiling:
	ReloadAssembly (2628ms)
		BeginReloadAssembly (163ms)
			ExecutionOrderSort (0ms)
			DisableScriptedObjects (14ms)
			BackupInstance (0ms)
			ReleaseScriptingObjects (0ms)
			CreateAndSetChildDomain (69ms)
		EndReloadAssembly (2370ms)
			LoadAssemblies (108ms)
			RebuildTransferFunctionScriptingTraits (0ms)
			SetupTypeCache (309ms)
			ReleaseScriptCaches (5ms)
			RebuildScriptCaches (106ms)
			SetupLoadedEditorAssemblies (1729ms)
				LogAssemblyErrors (0ms)
				InitializePlatformSupportModulesInManaged (27ms)
				SetLoadedEditorAssemblies (2ms)
				RefreshPlugins (5ms)
				BeforeProcessingInitializeOnLoad (131ms)
				ProcessInitializeOnLoadAttributes (455ms)
				ProcessInitializeOnLoadMethodAttributes (1102ms)
				AfterProcessingInitializeOnLoad (6ms)
				EditorAssembliesLoaded (0ms)
			ExecutionOrderSort2 (0ms)
			AwakeInstancesAfterBackupRestoration (17ms)
Platform modules already initialized, skipping
Refreshing native plugins compatible for Editor in 12.42 ms, found 29 plugins.
Preloading 1 native plugins for Editor in 0.03 ms.
Unloading 5789 Unused Serialized files (Serialized files now loaded: 0)
Unloading 122 unused Assets / (2.3 MB). Loaded Objects now: 6121.
Memory consumption went from 269.5 MB to 267.2 MB.
Total: 9.226400 ms (FindLiveObjects: 1.638500 ms CreateObjectMapping: 0.405100 ms MarkObjects: 6.394900 ms  DeleteObjects: 0.784700 ms)

AssetImportParameters requested are different than current active one (requested -> active):
  custom:video-decoder-ogg-theora: a1e56fd34408186e4bbccfd4996cb3dc -> 
  custom:container-muxer-webm: aa71ff27fc2769a1b78a27578f13a17b -> 
  custom:container-demuxer-webm: 4f35f7cbe854078d1ac9338744f61a02 -> 
  custom:video-encoder-webm-vp8: eb34c28f22e8b96e1ab97ce403110664 -> 
  custom:audio-encoder-webm-vorbis: bf7c407c2cedff20999df2af8eb42d56 -> 
  custom:framework-win-MediaFoundation: 216162199b28c13a410421893ffa2e32 -> 
  custom:container-demuxer-ogg: 62fdf1f143b41e24485cea50d1cbac27 -> 
  custom:video-decoder-webm-vp8: 9c59270c3fd7afecdb556c50c9e8de78 -> 
  custom:audio-decoder-ogg-vorbis: bf7c407c2cedff20999df2af8eb42d56 -> 
========================================================================
Received Prepare
Registering precompiled user dll's ...
Registered in 0.006173 seconds.
Begin MonoManager ReloadAssembly
Symbol file LoadedFromMemory is not a mono symbol file
Native extension for UWP target not found
Native extension for WindowsStandalone target not found
Native extension for Android target not found
Native extension for WebGL target not found
Refreshing native plugins compatible for Editor in 1.60 ms, found 29 plugins.
Preloading 1 native plugins for Editor in 0.04 ms.
[XR] [MROpenXR][Info   ][15:50:48.386134][tid:2ca4] MicrosoftOpenXRPlugin_SetPluginEnvironment unityVersion=2021.2.15f1
[XR] [MROpenXR][Info   ][15:50:48.386832][tid:2ca4] MicrosoftOpenXRPlugin_SetPluginEnvironment openXRPluginVersion=1.3.1
[XR] [MROpenXR][Info   ][15:50:48.387048][tid:2ca4] MicrosoftOpenXRPlugin_SetPluginEnvironment mrOpenXRPluginVersion=1.3.1.0
[XR] [MROpenXR][Info   ][15:50:48.387180][tid:2ca4] OnPluginStarted UnityVersion=2021.2.15f1 OpenXRPluginVersion=1.3.1 MROpenXRPluginVersion=1.3.1.0 PartA_PrivTags=33554432
Mono: successfully reloaded assembly
- Completed reload, in  2.400 seconds
Domain Reload Profiling:
	ReloadAssembly (2401ms)
		BeginReloadAssembly (139ms)
			ExecutionOrderSort (0ms)
			DisableScriptedObjects (3ms)
			BackupInstance (0ms)
			ReleaseScriptingObjects (0ms)
			CreateAndSetChildDomain (56ms)
		EndReloadAssembly (2174ms)
			LoadAssemblies (83ms)
			RebuildTransferFunctionScriptingTraits (0ms)
			SetupTypeCache (328ms)
			ReleaseScriptCaches (5ms)
			RebuildScriptCaches (166ms)
			SetupLoadedEditorAssemblies (1490ms)
				LogAssemblyErrors (0ms)
				InitializePlatformSupportModulesInManaged (22ms)
				SetLoadedEditorAssemblies (0ms)
				RefreshPlugins (2ms)
				BeforeProcessingInitializeOnLoad (103ms)
				ProcessInitializeOnLoadAttributes (402ms)
				ProcessInitializeOnLoadMethodAttributes (954ms)
				AfterProcessingInitializeOnLoad (6ms)
				EditorAssembliesLoaded (1ms)
			ExecutionOrderSort2 (0ms)
			AwakeInstancesAfterBackupRestoration (19ms)
Platform modules already initialized, skipping
Refreshing native plugins compatible for Editor in 11.77 ms, found 29 plugins.
Preloading 1 native plugins for Editor in 0.04 ms.
Unloading 5789 Unused Serialized files (Serialized files now loaded: 0)
Unloading 122 unused Assets / (2.3 MB). Loaded Objects now: 6129.
Memory consumption went from 269.6 MB to 267.3 MB.
Total: 6.183600 ms (FindLiveObjects: 0.515100 ms CreateObjectMapping: 0.271500 ms MarkObjects: 4.370700 ms  DeleteObjects: 1.023500 ms)

AssetImportParameters requested are different than current active one (requested -> active):
  custom:video-decoder-ogg-theora: a1e56fd34408186e4bbccfd4996cb3dc -> 
  custom:container-muxer-webm: aa71ff27fc2769a1b78a27578f13a17b -> 
  custom:container-demuxer-webm: 4f35f7cbe854078d1ac9338744f61a02 -> 
  custom:video-encoder-webm-vp8: eb34c28f22e8b96e1ab97ce403110664 -> 
  custom:audio-encoder-webm-vorbis: bf7c407c2cedff20999df2af8eb42d56 -> 
  custom:framework-win-MediaFoundation: 216162199b28c13a410421893ffa2e32 -> 
  custom:container-demuxer-ogg: 62fdf1f143b41e24485cea50d1cbac27 -> 
  custom:video-decoder-webm-vp8: 9c59270c3fd7afecdb556c50c9e8de78 -> 
  custom:audio-decoder-ogg-vorbis: bf7c407c2cedff20999df2af8eb42d56 -> 
========================================================================
Received Import Request.
  Time since last request: 73756.482481 seconds.
  path: Assets/SampleScenes/Textures/GUIButtonEmpty.png
  artifactKey: Guid(c65405de1316e7f47b4884a5143589cc) Importer(815301076,1909f56bfc062723c751e8b465ee728b)
Start importing Assets/SampleScenes/Textures/GUIButtonEmpty.png using Guid(c65405de1316e7f47b4884a5143589cc) Importer(815301076,1909f56bfc062723c751e8b465ee728b)  -> (artifact id: '991f39494724697df71186473a4ee2df') in 0.123234 seconds 
========================================================================
Received Import Request.
  Time since last request: 0.000028 seconds.
  path: Assets/SampleScenes/Textures/GUIButtonReset.png
  artifactKey: Guid(656566cd3f0724ab1b3f90a4407b381f) Importer(815301076,1909f56bfc062723c751e8b465ee728b)
Start importing Assets/SampleScenes/Textures/GUIButtonReset.png using Guid(656566cd3f0724ab1b3f90a4407b381f) Importer(815301076,1909f56bfc062723c751e8b465ee728b)  -> (artifact id: 'ad0a0584642930cde6a8a3346d15d09d') in 0.139168 seconds 
========================================================================
Received Import Request.
  Time since last request: 0.000039 seconds.
  path: Assets/SampleScenes/Textures/GUIButtonSwitchRight.png
  artifactKey: Guid(18ae03f5df3df2e47815aff6f3c6e50c) Importer(815301076,1909f56bfc062723c751e8b465ee728b)
Start importing Assets/SampleScenes/Textures/GUIButtonSwitchRight.png using Guid(18ae03f5df3df2e47815aff6f3c6e50c) Importer(815301076,1909f56bfc062723c751e8b465ee728b)  -> (artifact id: '48bc2610eb387ac72202a9477631e9d4') in 0.070440 seconds 
========================================================================
Received Import Request.
  Time since last request: 0.000027 seconds.
  path: Assets/SampleScenes/Textures/GUIButtonRun.png
  artifactKey: Guid(d475714451e40d84286be5d2dfabff88) Importer(815301076,1909f56bfc062723c751e8b465ee728b)
Start importing Assets/SampleScenes/Textures/GUIButtonRun.png using Guid(d475714451e40d84286be5d2dfabff88) Importer(815301076,1909f56bfc062723c751e8b465ee728b)  -> (artifact id: 'b1334f37688739d126525871562c0915') in 0.058042 seconds 
========================================================================
Received Import Request.
  Time since last request: 0.000039 seconds.
  path: Assets/Samples/Mixed Reality Toolkit Examples/2.7.3/Experimental - HandMenuLayout/Materials/HandMenu_AppButton_Backplate_Blue.mat
  artifactKey: Guid(0fe725b7b93aeb04eb37f8e04ec836b6) Importer(815301076,1909f56bfc062723c751e8b465ee728b)
Start importing Assets/Samples/Mixed Reality Toolkit Examples/2.7.3/Experimental - HandMenuLayout/Materials/HandMenu_AppButton_Backplate_Blue.mat using Guid(0fe725b7b93aeb04eb37f8e04ec836b6) Importer(815301076,1909f56bfc062723c751e8b465ee728b)  -> (artifact id: 'd652debc900a457ed78ee2c21b2be1bf') in 0.131136 seconds 
========================================================================
Received Import Request.
  Time since last request: 0.737626 seconds.
  path: Assets/Samples/Mixed Reality Toolkit Examples/2.7.3/Demos - UX/Interactables/Prefabs/Model_PushButton.prefab
  artifactKey: Guid(29a6f5316e0868e47adff5eee8945193) Importer(815301076,1909f56bfc062723c751e8b465ee728b)
Start importing Assets/Samples/Mixed Reality Toolkit Examples/2.7.3/Demos - UX/Interactables/Prefabs/Model_PushButton.prefab using Guid(29a6f5316e0868e47adff5eee8945193) Importer(815301076,1909f56bfc062723c751e8b465ee728b)  -> (artifact id: 'a3e2f5ad7f9e84ed530e12a05865a45d') in 0.297576 seconds 
========================================================================
Received Prepare
Registering precompiled user dll's ...
Registered in 0.008398 seconds.
Begin MonoManager ReloadAssembly
Symbol file LoadedFromMemory is not a mono symbol file
Native extension for UWP target not found
Native extension for WindowsStandalone target not found
Native extension for Android target not found
Native extension for WebGL target not found
Refreshing native plugins compatible for Editor in 2.70 ms, found 29 plugins.
Preloading 1 native plugins for Editor in 0.05 ms.
[XR] [MROpenXR][Info   ][15:54:24.702996][tid:2ca4] MicrosoftOpenXRPlugin_SetPluginEnvironment unityVersion=2021.2.15f1
[XR] [MROpenXR][Info   ][15:54:24.703629][tid:2ca4] MicrosoftOpenXRPlugin_SetPluginEnvironment openXRPluginVersion=1.3.1
[XR] [MROpenXR][Info   ][15:54:24.703830][tid:2ca4] MicrosoftOpenXRPlugin_SetPluginEnvironment mrOpenXRPluginVersion=1.3.1.0
[XR] [MROpenXR][Info   ][15:54:24.703931][tid:2ca4] OnPluginStarted UnityVersion=2021.2.15f1 OpenXRPluginVersion=1.3.1 MROpenXRPluginVersion=1.3.1.0 PartA_PrivTags=33554432
Mono: successfully reloaded assembly
- Completed reload, in  2.037 seconds
Domain Reload Profiling:
	ReloadAssembly (2039ms)
		BeginReloadAssembly (140ms)
			ExecutionOrderSort (0ms)
			DisableScriptedObjects (3ms)
			BackupInstance (0ms)
			ReleaseScriptingObjects (0ms)
			CreateAndSetChildDomain (54ms)
		EndReloadAssembly (1786ms)
			LoadAssemblies (108ms)
			RebuildTransferFunctionScriptingTraits (0ms)
			SetupTypeCache (343ms)
			ReleaseScriptCaches (6ms)
			RebuildScriptCaches (112ms)
			SetupLoadedEditorAssemblies (1139ms)
				LogAssemblyErrors (0ms)
				InitializePlatformSupportModulesInManaged (18ms)
				SetLoadedEditorAssemblies (1ms)
				RefreshPlugins (3ms)
				BeforeProcessingInitializeOnLoad (122ms)
				ProcessInitializeOnLoadAttributes (392ms)
				ProcessInitializeOnLoadMethodAttributes (595ms)
				AfterProcessingInitializeOnLoad (6ms)
				EditorAssembliesLoaded (1ms)
			ExecutionOrderSort2 (0ms)
			AwakeInstancesAfterBackupRestoration (17ms)
Platform modules already initialized, skipping
Refreshing native plugins compatible for Editor in 12.03 ms, found 29 plugins.
Preloading 1 native plugins for Editor in 0.03 ms.
Unloading 5789 Unused Serialized files (Serialized files now loaded: 0)
Unloading 122 unused Assets / (2.3 MB). Loaded Objects now: 6177.
Memory consumption went from 273.9 MB to 271.7 MB.
Total: 9.803600 ms (FindLiveObjects: 1.028800 ms CreateObjectMapping: 0.744600 ms MarkObjects: 6.579900 ms  DeleteObjects: 1.449000 ms)

AssetImportParameters requested are different than current active one (requested -> active):
  custom:video-decoder-ogg-theora: a1e56fd34408186e4bbccfd4996cb3dc -> 
  custom:container-muxer-webm: aa71ff27fc2769a1b78a27578f13a17b -> 
  custom:container-demuxer-webm: 4f35f7cbe854078d1ac9338744f61a02 -> 
  custom:video-encoder-webm-vp8: eb34c28f22e8b96e1ab97ce403110664 -> 
  custom:audio-encoder-webm-vorbis: bf7c407c2cedff20999df2af8eb42d56 -> 
  custom:framework-win-MediaFoundation: 216162199b28c13a410421893ffa2e32 -> 
  custom:container-demuxer-ogg: 62fdf1f143b41e24485cea50d1cbac27 -> 
  custom:video-decoder-webm-vp8: 9c59270c3fd7afecdb556c50c9e8de78 -> 
  custom:audio-decoder-ogg-vorbis: bf7c407c2cedff20999df2af8eb42d56 -> 
========================================================================
Received Prepare
Registering precompiled user dll's ...
Registered in 0.106949 seconds.
Begin MonoManager ReloadAssembly
Symbol file LoadedFromMemory is not a mono symbol file
Native extension for UWP target not found
Native extension for WindowsStandalone target not found
Native extension for Android target not found
Native extension for WebGL target not found
Refreshing native plugins compatible for Editor in 2.28 ms, found 29 plugins.
Preloading 1 native plugins for Editor in 0.05 ms.
[XR] [MROpenXR][Info   ][21:37:39.720304][tid:2ca4] MicrosoftOpenXRPlugin_SetPluginEnvironment unityVersion=2021.2.15f1
[XR] [MROpenXR][Info   ][21:37:39.720679][tid:2ca4] MicrosoftOpenXRPlugin_SetPluginEnvironment openXRPluginVersion=1.3.1
[XR] [MROpenXR][Info   ][21:37:39.720721][tid:2ca4] MicrosoftOpenXRPlugin_SetPluginEnvironment mrOpenXRPluginVersion=1.3.1.0
[XR] [MROpenXR][Info   ][21:37:39.720777][tid:2ca4] OnPluginStarted UnityVersion=2021.2.15f1 OpenXRPluginVersion=1.3.1 MROpenXRPluginVersion=1.3.1.0 PartA_PrivTags=33554432
Mono: successfully reloaded assembly
- Completed reload, in 62.363 seconds
Domain Reload Profiling:
	ReloadAssembly (63213ms)
		BeginReloadAssembly (38485ms)
			ExecutionOrderSort (0ms)
			DisableScriptedObjects (10989ms)
			BackupInstance (0ms)
			ReleaseScriptingObjects (0ms)
			CreateAndSetChildDomain (13911ms)
		EndReloadAssembly (23817ms)
			LoadAssemblies (1478ms)
			RebuildTransferFunctionScriptingTraits (0ms)
			SetupTypeCache (1190ms)
			ReleaseScriptCaches (61ms)
			RebuildScriptCaches (264ms)
			SetupLoadedEditorAssemblies (20385ms)
				LogAssemblyErrors (0ms)
				InitializePlatformSupportModulesInManaged (202ms)
				SetLoadedEditorAssemblies (98ms)
				RefreshPlugins (2ms)
				BeforeProcessingInitializeOnLoad (245ms)
				ProcessInitializeOnLoadAttributes (3276ms)
				ProcessInitializeOnLoadMethodAttributes (16558ms)
				AfterProcessingInitializeOnLoad (4ms)
				EditorAssembliesLoaded (0ms)
			ExecutionOrderSort2 (0ms)
			AwakeInstancesAfterBackupRestoration (8ms)
Platform modules already initialized, skipping
Refreshing native plugins compatible for Editor in 6.57 ms, found 29 plugins.
Preloading 1 native plugins for Editor in 0.02 ms.
Unloading 5789 Unused Serialized files (Serialized files now loaded: 0)
Unloading 122 unused Assets / (2.3 MB). Loaded Objects now: 6185.
Memory consumption went from 274.0 MB to 271.7 MB.
Total: 1660.835300 ms (FindLiveObjects: 0.399800 ms CreateObjectMapping: 0.243000 ms MarkObjects: 1521.764300 ms  DeleteObjects: 138.426200 ms)

AssetImportParameters requested are different than current active one (requested -> active):
  custom:video-decoder-ogg-theora: a1e56fd34408186e4bbccfd4996cb3dc -> 
  custom:container-muxer-webm: aa71ff27fc2769a1b78a27578f13a17b -> 
  custom:container-demuxer-webm: 4f35f7cbe854078d1ac9338744f61a02 -> 
  custom:video-encoder-webm-vp8: eb34c28f22e8b96e1ab97ce403110664 -> 
  custom:audio-encoder-webm-vorbis: bf7c407c2cedff20999df2af8eb42d56 -> 
  custom:framework-win-MediaFoundation: 216162199b28c13a410421893ffa2e32 -> 
  custom:container-demuxer-ogg: 62fdf1f143b41e24485cea50d1cbac27 -> 
  custom:video-decoder-webm-vp8: 9c59270c3fd7afecdb556c50c9e8de78 -> 
  custom:audio-decoder-ogg-vorbis: bf7c407c2cedff20999df2af8eb42d56 -> 
========================================================================
Received Prepare
Refreshing native plugins compatible for Editor in 223.13 ms, found 29 plugins.
Preloading 1 native plugins for Editor in 0.05 ms.
Unloading 123 Unused Serialized files (Serialized files now loaded: 0)
Unloading 122 unused Assets / (2.3 MB). Loaded Objects now: 6185.
Memory consumption went from 139.2 MB to 136.9 MB.
Total: 4.338300 ms (FindLiveObjects: 0.533800 ms CreateObjectMapping: 0.272800 ms MarkObjects: 2.908200 ms  DeleteObjects: 0.622500 ms)

AssetImportParameters requested are different than current active one (requested -> active):
  custom:video-decoder-ogg-theora: a1e56fd34408186e4bbccfd4996cb3dc -> 
  custom:container-muxer-webm: aa71ff27fc2769a1b78a27578f13a17b -> 
  custom:container-demuxer-webm: 4f35f7cbe854078d1ac9338744f61a02 -> 
  custom:video-encoder-webm-vp8: eb34c28f22e8b96e1ab97ce403110664 -> 
  custom:audio-encoder-webm-vorbis: bf7c407c2cedff20999df2af8eb42d56 -> 
  custom:framework-win-MediaFoundation: 216162199b28c13a410421893ffa2e32 -> 
  custom:container-demuxer-ogg: 62fdf1f143b41e24485cea50d1cbac27 -> 
  custom:video-decoder-webm-vp8: 9c59270c3fd7afecdb556c50c9e8de78 -> 
  custom:audio-decoder-ogg-vorbis: bf7c407c2cedff20999df2af8eb42d56 -> 
========================================================================
Received Prepare
Refreshing native plugins compatible for Editor in 1235.20 ms, found 29 plugins.
Preloading 1 native plugins for Editor in 80.01 ms.
Unloading 123 Unused Serialized files (Serialized files now loaded: 0)
Unloading 122 unused Assets / (2.3 MB). Loaded Objects now: 6185.
Memory consumption went from 139.2 MB to 136.9 MB.
Total: 28304.374400 ms (FindLiveObjects: 631.421000 ms CreateObjectMapping: 0.374500 ms MarkObjects: 27671.624100 ms  DeleteObjects: 0.952100 ms)

AssetImportParameters requested are different than current active one (requested -> active):
  custom:video-decoder-ogg-theora: a1e56fd34408186e4bbccfd4996cb3dc -> 
  custom:container-muxer-webm: aa71ff27fc2769a1b78a27578f13a17b -> 
  custom:container-demuxer-webm: 4f35f7cbe854078d1ac9338744f61a02 -> 
  custom:video-encoder-webm-vp8: eb34c28f22e8b96e1ab97ce403110664 -> 
  custom:audio-encoder-webm-vorbis: bf7c407c2cedff20999df2af8eb42d56 -> 
  custom:framework-win-MediaFoundation: 216162199b28c13a410421893ffa2e32 -> 
  custom:container-demuxer-ogg: 62fdf1f143b41e24485cea50d1cbac27 -> 
  custom:video-decoder-webm-vp8: 9c59270c3fd7afecdb556c50c9e8de78 -> 
  custom:audio-decoder-ogg-vorbis: bf7c407c2cedff20999df2af8eb42d56 -> 
========================================================================
Received Prepare
Refreshing native plugins compatible for Editor in 88.34 ms, found 29 plugins.
Preloading 1 native plugins for Editor in 0.03 ms.
Unloading 123 Unused Serialized files (Serialized files now loaded: 0)
Unloading 122 unused Assets / (2.3 MB). Loaded Objects now: 6185.
Memory consumption went from 139.2 MB to 136.9 MB.
Total: 12.001300 ms (FindLiveObjects: 0.405600 ms CreateObjectMapping: 0.206900 ms MarkObjects: 10.665800 ms  DeleteObjects: 0.722100 ms)

AssetImportParameters requested are different than current active one (requested -> active):
  custom:video-decoder-ogg-theora: a1e56fd34408186e4bbccfd4996cb3dc -> 
  custom:container-muxer-webm: aa71ff27fc2769a1b78a27578f13a17b -> 
  custom:container-demuxer-webm: 4f35f7cbe854078d1ac9338744f61a02 -> 
  custom:video-encoder-webm-vp8: eb34c28f22e8b96e1ab97ce403110664 -> 
  custom:audio-encoder-webm-vorbis: bf7c407c2cedff20999df2af8eb42d56 -> 
  custom:framework-win-MediaFoundation: 216162199b28c13a410421893ffa2e32 -> 
  custom:container-demuxer-ogg: 62fdf1f143b41e24485cea50d1cbac27 -> 
  custom:video-decoder-webm-vp8: 9c59270c3fd7afecdb556c50c9e8de78 -> 
  custom:audio-decoder-ogg-vorbis: bf7c407c2cedff20999df2af8eb42d56 -> 
========================================================================
Received Prepare
Registering precompiled user dll's ...
Registered in 0.056235 seconds.
Begin MonoManager ReloadAssembly
Symbol file LoadedFromMemory is not a mono symbol file
Native extension for UWP target not found
Native extension for WindowsStandalone target not found
Native extension for Android target not found
Native extension for WebGL target not found
Refreshing native plugins compatible for Editor in 43.73 ms, found 29 plugins.
Preloading 1 native plugins for Editor in 0.05 ms.
[XR] [MROpenXR][Info   ][22:57:17.400842][tid:2ca4] MicrosoftOpenXRPlugin_SetPluginEnvironment unityVersion=2021.2.15f1
[XR] [MROpenXR][Info   ][22:57:17.401418][tid:2ca4] MicrosoftOpenXRPlugin_SetPluginEnvironment openXRPluginVersion=1.3.1
[XR] [MROpenXR][Info   ][22:57:17.401492][tid:2ca4] MicrosoftOpenXRPlugin_SetPluginEnvironment mrOpenXRPluginVersion=1.3.1.0
[XR] [MROpenXR][Info   ][22:57:17.401614][tid:2ca4] OnPluginStarted UnityVersion=2021.2.15f1 OpenXRPluginVersion=1.3.1 MROpenXRPluginVersion=1.3.1.0 PartA_PrivTags=33554432
Mono: successfully reloaded assembly
- Completed reload, in 33.761 seconds
Domain Reload Profiling:
	ReloadAssembly (33910ms)
		BeginReloadAssembly (18289ms)
			ExecutionOrderSort (0ms)
			DisableScriptedObjects (2940ms)
			BackupInstance (0ms)
			ReleaseScriptingObjects (0ms)
			CreateAndSetChildDomain (8145ms)
		EndReloadAssembly (15141ms)
			LoadAssemblies (1139ms)
			RebuildTransferFunctionScriptingTraits (0ms)
			SetupTypeCache (1245ms)
			ReleaseScriptCaches (25ms)
			RebuildScriptCaches (80ms)
			SetupLoadedEditorAssemblies (12554ms)
				LogAssemblyErrors (0ms)
				InitializePlatformSupportModulesInManaged (21ms)
				SetLoadedEditorAssemblies (48ms)
				RefreshPlugins (44ms)
				BeforeProcessingInitializeOnLoad (170ms)
				ProcessInitializeOnLoadAttributes (1003ms)
				ProcessInitializeOnLoadMethodAttributes (11247ms)
				AfterProcessingInitializeOnLoad (21ms)
				EditorAssembliesLoaded (1ms)
			ExecutionOrderSort2 (0ms)
			AwakeInstancesAfterBackupRestoration (11ms)
Platform modules already initialized, skipping
Refreshing native plugins compatible for Editor in 29.36 ms, found 29 plugins.
Preloading 1 native plugins for Editor in 0.03 ms.
Unloading 5789 Unused Serialized files (Serialized files now loaded: 0)
Unloading 122 unused Assets / (2.3 MB). Loaded Objects now: 6193.
Memory consumption went from 274.1 MB to 271.8 MB.
Total: 5.374000 ms (FindLiveObjects: 0.482700 ms CreateObjectMapping: 0.250000 ms MarkObjects: 3.930600 ms  DeleteObjects: 0.709300 ms)

AssetImportParameters requested are different than current active one (requested -> active):
  custom:video-decoder-ogg-theora: a1e56fd34408186e4bbccfd4996cb3dc -> 
  custom:container-muxer-webm: aa71ff27fc2769a1b78a27578f13a17b -> 
  custom:container-demuxer-webm: 4f35f7cbe854078d1ac9338744f61a02 -> 
  custom:video-encoder-webm-vp8: eb34c28f22e8b96e1ab97ce403110664 -> 
  custom:audio-encoder-webm-vorbis: bf7c407c2cedff20999df2af8eb42d56 -> 
  custom:framework-win-MediaFoundation: 216162199b28c13a410421893ffa2e32 -> 
  custom:container-demuxer-ogg: 62fdf1f143b41e24485cea50d1cbac27 -> 
  custom:video-decoder-webm-vp8: 9c59270c3fd7afecdb556c50c9e8de78 -> 
  custom:audio-decoder-ogg-vorbis: bf7c407c2cedff20999df2af8eb42d56 -> 
========================================================================
Received Prepare
Registering precompiled user dll's ...
Registered in 0.006312 seconds.
Begin MonoManager ReloadAssembly
Symbol file LoadedFromMemory is not a mono symbol file
Native extension for UWP target not found
Native extension for WindowsStandalone target not found
Native extension for Android target not found
Native extension for WebGL target not found
Refreshing native plugins compatible for Editor in 1.48 ms, found 29 plugins.
Preloading 1 native plugins for Editor in 0.04 ms.
[XR] [MROpenXR][Info   ][22:57:47.472436][tid:2ca4] MicrosoftOpenXRPlugin_SetPluginEnvironment unityVersion=2021.2.15f1
[XR] [MROpenXR][Info   ][22:57:47.472747][tid:2ca4] MicrosoftOpenXRPlugin_SetPluginEnvironment openXRPluginVersion=1.3.1
[XR] [MROpenXR][Info   ][22:57:47.472789][tid:2ca4] MicrosoftOpenXRPlugin_SetPluginEnvironment mrOpenXRPluginVersion=1.3.1.0
[XR] [MROpenXR][Info   ][22:57:47.472841][tid:2ca4] OnPluginStarted UnityVersion=2021.2.15f1 OpenXRPluginVersion=1.3.1 MROpenXRPluginVersion=1.3.1.0 PartA_PrivTags=33554432
Mono: successfully reloaded assembly
- Completed reload, in  2.799 seconds
Domain Reload Profiling:
	ReloadAssembly (2799ms)
		BeginReloadAssembly (235ms)
			ExecutionOrderSort (0ms)
			DisableScriptedObjects (3ms)
			BackupInstance (0ms)
			ReleaseScriptingObjects (0ms)
			CreateAndSetChildDomain (94ms)
		EndReloadAssembly (2443ms)
			LoadAssemblies (199ms)
			RebuildTransferFunctionScriptingTraits (0ms)
			SetupTypeCache (289ms)
			ReleaseScriptCaches (4ms)
			RebuildScriptCaches (98ms)
			SetupLoadedEditorAssemblies (1708ms)
				LogAssemblyErrors (0ms)
				InitializePlatformSupportModulesInManaged (18ms)
				SetLoadedEditorAssemblies (26ms)
				RefreshPlugins (2ms)
				BeforeProcessingInitializeOnLoad (82ms)
				ProcessInitializeOnLoadAttributes (551ms)
				ProcessInitializeOnLoadMethodAttributes (1026ms)
				AfterProcessingInitializeOnLoad (3ms)
				EditorAssembliesLoaded (0ms)
			ExecutionOrderSort2 (0ms)
			AwakeInstancesAfterBackupRestoration (8ms)
Platform modules already initialized, skipping
Refreshing native plugins compatible for Editor in 9.40 ms, found 29 plugins.
Preloading 1 native plugins for Editor in 0.04 ms.
Unloading 5789 Unused Serialized files (Serialized files now loaded: 0)
Unloading 122 unused Assets / (2.3 MB). Loaded Objects now: 6201.
Memory consumption went from 274.1 MB to 271.8 MB.
Total: 29.853600 ms (FindLiveObjects: 0.678700 ms CreateObjectMapping: 0.243100 ms MarkObjects: 28.303700 ms  DeleteObjects: 0.626200 ms)

AssetImportParameters requested are different than current active one (requested -> active):
  custom:video-decoder-ogg-theora: a1e56fd34408186e4bbccfd4996cb3dc -> 
  custom:container-muxer-webm: aa71ff27fc2769a1b78a27578f13a17b -> 
  custom:container-demuxer-webm: 4f35f7cbe854078d1ac9338744f61a02 -> 
  custom:video-encoder-webm-vp8: eb34c28f22e8b96e1ab97ce403110664 -> 
  custom:audio-encoder-webm-vorbis: bf7c407c2cedff20999df2af8eb42d56 -> 
  custom:framework-win-MediaFoundation: 216162199b28c13a410421893ffa2e32 -> 
  custom:container-demuxer-ogg: 62fdf1f143b41e24485cea50d1cbac27 -> 
  custom:video-decoder-webm-vp8: 9c59270c3fd7afecdb556c50c9e8de78 -> 
  custom:audio-decoder-ogg-vorbis: bf7c407c2cedff20999df2af8eb42d56 -> 
========================================================================
Received Import Request.
  Time since last request: 25562.011714 seconds.
  path: Assets/Scripts/SaveLoad.cs
  artifactKey: Guid(a838dc99823acc2489f92c254fc58944) Importer(815301076,1909f56bfc062723c751e8b465ee728b)
Start importing Assets/Scripts/SaveLoad.cs using Guid(a838dc99823acc2489f92c254fc58944) Importer(815301076,1909f56bfc062723c751e8b465ee728b)  -> (artifact id: '4f37dc66e23b351b44ddb9109a61c51f') in 0.158317 seconds 
========================================================================
Received Prepare
Registering precompiled user dll's ...
Registered in 0.007894 seconds.
Begin MonoManager ReloadAssembly
Symbol file LoadedFromMemory is not a mono symbol file
Native extension for UWP target not found
Native extension for WindowsStandalone target not found
Native extension for Android target not found
Native extension for WebGL target not found
Refreshing native plugins compatible for Editor in 2.01 ms, found 29 plugins.
Preloading 1 native plugins for Editor in 0.08 ms.
[XR] [MROpenXR][Info   ][23:03:52.923465][tid:2ca4] MicrosoftOpenXRPlugin_SetPluginEnvironment unityVersion=2021.2.15f1
[XR] [MROpenXR][Info   ][23:03:52.923839][tid:2ca4] MicrosoftOpenXRPlugin_SetPluginEnvironment openXRPluginVersion=1.3.1
[XR] [MROpenXR][Info   ][23:03:52.923885][tid:2ca4] MicrosoftOpenXRPlugin_SetPluginEnvironment mrOpenXRPluginVersion=1.3.1.0
[XR] [MROpenXR][Info   ][23:03:52.923945][tid:2ca4] OnPluginStarted UnityVersion=2021.2.15f1 OpenXRPluginVersion=1.3.1 MROpenXRPluginVersion=1.3.1.0 PartA_PrivTags=33554432
Mono: successfully reloaded assembly
- Completed reload, in  1.917 seconds
Domain Reload Profiling:
	ReloadAssembly (1917ms)
		BeginReloadAssembly (224ms)
			ExecutionOrderSort (0ms)
			DisableScriptedObjects (3ms)
			BackupInstance (0ms)
			ReleaseScriptingObjects (0ms)
			CreateAndSetChildDomain (132ms)
		EndReloadAssembly (1617ms)
			LoadAssemblies (95ms)
			RebuildTransferFunctionScriptingTraits (0ms)
			SetupTypeCache (267ms)
			ReleaseScriptCaches (4ms)
			RebuildScriptCaches (93ms)
			SetupLoadedEditorAssemblies (1066ms)
				LogAssemblyErrors (0ms)
				InitializePlatformSupportModulesInManaged (23ms)
				SetLoadedEditorAssemblies (0ms)
				RefreshPlugins (2ms)
				BeforeProcessingInitializeOnLoad (119ms)
				ProcessInitializeOnLoadAttributes (341ms)
				ProcessInitializeOnLoadMethodAttributes (576ms)
				AfterProcessingInitializeOnLoad (4ms)
				EditorAssembliesLoaded (0ms)
			ExecutionOrderSort2 (0ms)
			AwakeInstancesAfterBackupRestoration (12ms)
Platform modules already initialized, skipping
Refreshing native plugins compatible for Editor in 9.26 ms, found 29 plugins.
Preloading 1 native plugins for Editor in 0.03 ms.
Unloading 5789 Unused Serialized files (Serialized files now loaded: 0)
Unloading 122 unused Assets / (2.3 MB). Loaded Objects now: 6209.
Memory consumption went from 274.1 MB to 271.8 MB.
Total: 9.678500 ms (FindLiveObjects: 0.845100 ms CreateObjectMapping: 0.545600 ms MarkObjects: 6.662800 ms  DeleteObjects: 1.622300 ms)

AssetImportParameters requested are different than current active one (requested -> active):
  custom:video-decoder-ogg-theora: a1e56fd34408186e4bbccfd4996cb3dc -> 
  custom:container-muxer-webm: aa71ff27fc2769a1b78a27578f13a17b -> 
  custom:container-demuxer-webm: 4f35f7cbe854078d1ac9338744f61a02 -> 
  custom:video-encoder-webm-vp8: eb34c28f22e8b96e1ab97ce403110664 -> 
  custom:audio-encoder-webm-vorbis: bf7c407c2cedff20999df2af8eb42d56 -> 
  custom:framework-win-MediaFoundation: 216162199b28c13a410421893ffa2e32 -> 
  custom:container-demuxer-ogg: 62fdf1f143b41e24485cea50d1cbac27 -> 
  custom:video-decoder-webm-vp8: 9c59270c3fd7afecdb556c50c9e8de78 -> 
  custom:audio-decoder-ogg-vorbis: bf7c407c2cedff20999df2af8eb42d56 -> 
========================================================================
Received Prepare
Registering precompiled user dll's ...
Registered in 0.008282 seconds.
Begin MonoManager ReloadAssembly
Symbol file LoadedFromMemory is not a mono symbol file
Native extension for UWP target not found
Native extension for WindowsStandalone target not found
Native extension for Android target not found
Native extension for WebGL target not found
Refreshing native plugins compatible for Editor in 1.71 ms, found 29 plugins.
Preloading 1 native plugins for Editor in 0.04 ms.
[XR] [MROpenXR][Info   ][23:06:57.791730][tid:2ca4] MicrosoftOpenXRPlugin_SetPluginEnvironment unityVersion=2021.2.15f1
[XR] [MROpenXR][Info   ][23:06:57.792104][tid:2ca4] MicrosoftOpenXRPlugin_SetPluginEnvironment openXRPluginVersion=1.3.1
[XR] [MROpenXR][Info   ][23:06:57.792155][tid:2ca4] MicrosoftOpenXRPlugin_SetPluginEnvironment mrOpenXRPluginVersion=1.3.1.0
[XR] [MROpenXR][Info   ][23:06:57.792225][tid:2ca4] OnPluginStarted UnityVersion=2021.2.15f1 OpenXRPluginVersion=1.3.1 MROpenXRPluginVersion=1.3.1.0 PartA_PrivTags=33554432
Mono: successfully reloaded assembly
- Completed reload, in  2.232 seconds
Domain Reload Profiling:
	ReloadAssembly (2233ms)
		BeginReloadAssembly (331ms)
			ExecutionOrderSort (0ms)
			DisableScriptedObjects (6ms)
			BackupInstance (0ms)
			ReleaseScriptingObjects (0ms)
			CreateAndSetChildDomain (93ms)
		EndReloadAssembly (1794ms)
			LoadAssemblies (216ms)
			RebuildTransferFunctionScriptingTraits (0ms)
			SetupTypeCache (295ms)
			ReleaseScriptCaches (5ms)
			RebuildScriptCaches (130ms)
			SetupLoadedEditorAssemblies (1209ms)
				LogAssemblyErrors (0ms)
				InitializePlatformSupportModulesInManaged (20ms)
				SetLoadedEditorAssemblies (0ms)
				RefreshPlugins (2ms)
				BeforeProcessingInitializeOnLoad (99ms)
				ProcessInitializeOnLoadAttributes (362ms)
				ProcessInitializeOnLoadMethodAttributes (722ms)
				AfterProcessingInitializeOnLoad (3ms)
				EditorAssembliesLoaded (0ms)
			ExecutionOrderSort2 (0ms)
			AwakeInstancesAfterBackupRestoration (13ms)
Platform modules already initialized, skipping
Refreshing native plugins compatible for Editor in 7.52 ms, found 29 plugins.
Preloading 1 native plugins for Editor in 0.03 ms.
Unloading 5789 Unused Serialized files (Serialized files now loaded: 0)
Unloading 122 unused Assets / (2.3 MB). Loaded Objects now: 6217.
Memory consumption went from 274.2 MB to 271.9 MB.
Total: 46.319300 ms (FindLiveObjects: 0.446200 ms CreateObjectMapping: 0.235400 ms MarkObjects: 44.998900 ms  DeleteObjects: 0.636700 ms)

AssetImportParameters requested are different than current active one (requested -> active):
  custom:video-decoder-ogg-theora: a1e56fd34408186e4bbccfd4996cb3dc -> 
  custom:container-muxer-webm: aa71ff27fc2769a1b78a27578f13a17b -> 
  custom:container-demuxer-webm: 4f35f7cbe854078d1ac9338744f61a02 -> 
  custom:video-encoder-webm-vp8: eb34c28f22e8b96e1ab97ce403110664 -> 
  custom:audio-encoder-webm-vorbis: bf7c407c2cedff20999df2af8eb42d56 -> 
  custom:framework-win-MediaFoundation: 216162199b28c13a410421893ffa2e32 -> 
  custom:container-demuxer-ogg: 62fdf1f143b41e24485cea50d1cbac27 -> 
  custom:video-decoder-webm-vp8: 9c59270c3fd7afecdb556c50c9e8de78 -> 
  custom:audio-decoder-ogg-vorbis: bf7c407c2cedff20999df2af8eb42d56 -> 
========================================================================
Received Prepare
Registering precompiled user dll's ...
Registered in 0.007414 seconds.
Begin MonoManager ReloadAssembly
Symbol file LoadedFromMemory is not a mono symbol file
Native extension for UWP target not found
Native extension for WindowsStandalone target not found
Native extension for Android target not found
Native extension for WebGL target not found
Refreshing native plugins compatible for Editor in 1.64 ms, found 29 plugins.
Preloading 1 native plugins for Editor in 0.04 ms.
[XR] [MROpenXR][Info   ][23:07:35.084865][tid:2ca4] MicrosoftOpenXRPlugin_SetPluginEnvironment unityVersion=2021.2.15f1
[XR] [MROpenXR][Info   ][23:07:35.085379][tid:2ca4] MicrosoftOpenXRPlugin_SetPluginEnvironment openXRPluginVersion=1.3.1
[XR] [MROpenXR][Info   ][23:07:35.085450][tid:2ca4] MicrosoftOpenXRPlugin_SetPluginEnvironment mrOpenXRPluginVersion=1.3.1.0
[XR] [MROpenXR][Info   ][23:07:35.085513][tid:2ca4] OnPluginStarted UnityVersion=2021.2.15f1 OpenXRPluginVersion=1.3.1 MROpenXRPluginVersion=1.3.1.0 PartA_PrivTags=33554432
Mono: successfully reloaded assembly
- Completed reload, in  2.284 seconds
Domain Reload Profiling:
	ReloadAssembly (2285ms)
		BeginReloadAssembly (289ms)
			ExecutionOrderSort (0ms)
			DisableScriptedObjects (4ms)
			BackupInstance (0ms)
			ReleaseScriptingObjects (0ms)
			CreateAndSetChildDomain (90ms)
		EndReloadAssembly (1734ms)
			LoadAssemblies (231ms)
			RebuildTransferFunctionScriptingTraits (0ms)
			SetupTypeCache (285ms)
			ReleaseScriptCaches (3ms)
			RebuildScriptCaches (95ms)
			SetupLoadedEditorAssemblies (1101ms)
				LogAssemblyErrors (0ms)
				InitializePlatformSupportModulesInManaged (25ms)
				SetLoadedEditorAssemblies (0ms)
				RefreshPlugins (2ms)
				BeforeProcessingInitializeOnLoad (106ms)
				ProcessInitializeOnLoadAttributes (379ms)
				ProcessInitializeOnLoadMethodAttributes (582ms)
				AfterProcessingInitializeOnLoad (6ms)
				EditorAssembliesLoaded (0ms)
			ExecutionOrderSort2 (0ms)
			AwakeInstancesAfterBackupRestoration (12ms)
Platform modules already initialized, skipping
Refreshing native plugins compatible for Editor in 7.31 ms, found 29 plugins.
Preloading 1 native plugins for Editor in 0.03 ms.
Unloading 5789 Unused Serialized files (Serialized files now loaded: 0)
Unloading 122 unused Assets / (2.3 MB). Loaded Objects now: 6225.
Memory consumption went from 274.2 MB to 271.9 MB.
Total: 5.078800 ms (FindLiveObjects: 0.573800 ms CreateObjectMapping: 0.297300 ms MarkObjects: 3.590500 ms  DeleteObjects: 0.615100 ms)

AssetImportParameters requested are different than current active one (requested -> active):
  custom:video-decoder-ogg-theora: a1e56fd34408186e4bbccfd4996cb3dc -> 
  custom:container-muxer-webm: aa71ff27fc2769a1b78a27578f13a17b -> 
  custom:container-demuxer-webm: 4f35f7cbe854078d1ac9338744f61a02 -> 
  custom:video-encoder-webm-vp8: eb34c28f22e8b96e1ab97ce403110664 -> 
  custom:audio-encoder-webm-vorbis: bf7c407c2cedff20999df2af8eb42d56 -> 
  custom:framework-win-MediaFoundation: 216162199b28c13a410421893ffa2e32 -> 
  custom:container-demuxer-ogg: 62fdf1f143b41e24485cea50d1cbac27 -> 
  custom:video-decoder-webm-vp8: 9c59270c3fd7afecdb556c50c9e8de78 -> 
  custom:audio-decoder-ogg-vorbis: bf7c407c2cedff20999df2af8eb42d56 -> 
========================================================================
Received Prepare
Registering precompiled user dll's ...
Registered in 0.007802 seconds.
Begin MonoManager ReloadAssembly
Symbol file LoadedFromMemory is not a mono symbol file
Native extension for UWP target not found
Native extension for WindowsStandalone target not found
Native extension for Android target not found
Native extension for WebGL target not found
Refreshing native plugins compatible for Editor in 2.00 ms, found 29 plugins.
Preloading 1 native plugins for Editor in 0.04 ms.
[XR] [MROpenXR][Info   ][23:28:16.379208][tid:2ca4] MicrosoftOpenXRPlugin_SetPluginEnvironment unityVersion=2021.2.15f1
[XR] [MROpenXR][Info   ][23:28:16.379649][tid:2ca4] MicrosoftOpenXRPlugin_SetPluginEnvironment openXRPluginVersion=1.3.1
[XR] [MROpenXR][Info   ][23:28:16.379690][tid:2ca4] MicrosoftOpenXRPlugin_SetPluginEnvironment mrOpenXRPluginVersion=1.3.1.0
[XR] [MROpenXR][Info   ][23:28:16.379745][tid:2ca4] OnPluginStarted UnityVersion=2021.2.15f1 OpenXRPluginVersion=1.3.1 MROpenXRPluginVersion=1.3.1.0 PartA_PrivTags=33554432
Mono: successfully reloaded assembly
- Completed reload, in 10.421 seconds
Domain Reload Profiling:
	ReloadAssembly (10424ms)
		BeginReloadAssembly (795ms)
			ExecutionOrderSort (0ms)
			DisableScriptedObjects (25ms)
			BackupInstance (0ms)
			ReleaseScriptingObjects (0ms)
			CreateAndSetChildDomain (146ms)
		EndReloadAssembly (9529ms)
			LoadAssemblies (558ms)
			RebuildTransferFunctionScriptingTraits (0ms)
			SetupTypeCache (286ms)
			ReleaseScriptCaches (5ms)
			RebuildScriptCaches (146ms)
			SetupLoadedEditorAssemblies (8804ms)
				LogAssemblyErrors (0ms)
				InitializePlatformSupportModulesInManaged (21ms)
				SetLoadedEditorAssemblies (1ms)
				RefreshPlugins (2ms)
				BeforeProcessingInitializeOnLoad (96ms)
				ProcessInitializeOnLoadAttributes (920ms)
				ProcessInitializeOnLoadMethodAttributes (7759ms)
				AfterProcessingInitializeOnLoad (4ms)
				EditorAssembliesLoaded (0ms)
			ExecutionOrderSort2 (0ms)
			AwakeInstancesAfterBackupRestoration (10ms)
Platform modules already initialized, skipping
Refreshing native plugins compatible for Editor in 6.89 ms, found 29 plugins.
Preloading 1 native plugins for Editor in 0.02 ms.
Unloading 5789 Unused Serialized files (Serialized files now loaded: 0)
Unloading 122 unused Assets / (2.3 MB). Loaded Objects now: 6233.
Memory consumption went from 274.3 MB to 272.0 MB.
Total: 7.783800 ms (FindLiveObjects: 0.669300 ms CreateObjectMapping: 0.538800 ms MarkObjects: 5.880600 ms  DeleteObjects: 0.693300 ms)

AssetImportParameters requested are different than current active one (requested -> active):
  custom:video-decoder-ogg-theora: a1e56fd34408186e4bbccfd4996cb3dc -> 
  custom:container-muxer-webm: aa71ff27fc2769a1b78a27578f13a17b -> 
  custom:container-demuxer-webm: 4f35f7cbe854078d1ac9338744f61a02 -> 
  custom:video-encoder-webm-vp8: eb34c28f22e8b96e1ab97ce403110664 -> 
  custom:audio-encoder-webm-vorbis: bf7c407c2cedff20999df2af8eb42d56 -> 
  custom:framework-win-MediaFoundation: 216162199b28c13a410421893ffa2e32 -> 
  custom:container-demuxer-ogg: 62fdf1f143b41e24485cea50d1cbac27 -> 
  custom:video-decoder-webm-vp8: 9c59270c3fd7afecdb556c50c9e8de78 -> 
  custom:audio-decoder-ogg-vorbis: bf7c407c2cedff20999df2af8eb42d56 -> 
========================================================================
Received Prepare
Registering precompiled user dll's ...
Registered in 0.008704 seconds.
Begin MonoManager ReloadAssembly
Symbol file LoadedFromMemory is not a mono symbol file
Native extension for UWP target not found
Native extension for WindowsStandalone target not found
Native extension for Android target not found
Native extension for WebGL target not found
Refreshing native plugins compatible for Editor in 2.84 ms, found 29 plugins.
Preloading 1 native plugins for Editor in 0.05 ms.
[XR] [MROpenXR][Info   ][23:28:36.222500][tid:2ca4] MicrosoftOpenXRPlugin_SetPluginEnvironment unityVersion=2021.2.15f1
[XR] [MROpenXR][Info   ][23:28:36.222949][tid:2ca4] MicrosoftOpenXRPlugin_SetPluginEnvironment openXRPluginVersion=1.3.1
[XR] [MROpenXR][Info   ][23:28:36.223000][tid:2ca4] MicrosoftOpenXRPlugin_SetPluginEnvironment mrOpenXRPluginVersion=1.3.1.0
[XR] [MROpenXR][Info   ][23:28:36.223065][tid:2ca4] OnPluginStarted UnityVersion=2021.2.15f1 OpenXRPluginVersion=1.3.1 MROpenXRPluginVersion=1.3.1.0 PartA_PrivTags=33554432
Mono: successfully reloaded assembly
- Completed reload, in  1.758 seconds
Domain Reload Profiling:
	ReloadAssembly (1759ms)
		BeginReloadAssembly (173ms)
			ExecutionOrderSort (0ms)
			DisableScriptedObjects (3ms)
			BackupInstance (0ms)
			ReleaseScriptingObjects (0ms)
			CreateAndSetChildDomain (45ms)
		EndReloadAssembly (1497ms)
			LoadAssemblies (137ms)
			RebuildTransferFunctionScriptingTraits (0ms)
			SetupTypeCache (236ms)
			ReleaseScriptCaches (3ms)
			RebuildScriptCaches (93ms)
			SetupLoadedEditorAssemblies (1020ms)
				LogAssemblyErrors (0ms)
				InitializePlatformSupportModulesInManaged (19ms)
				SetLoadedEditorAssemblies (1ms)
				RefreshPlugins (3ms)
				BeforeProcessingInitializeOnLoad (97ms)
				ProcessInitializeOnLoadAttributes (370ms)
				ProcessInitializeOnLoadMethodAttributes (527ms)
				AfterProcessingInitializeOnLoad (4ms)
				EditorAssembliesLoaded (0ms)
			ExecutionOrderSort2 (0ms)
			AwakeInstancesAfterBackupRestoration (10ms)
Platform modules already initialized, skipping
Refreshing native plugins compatible for Editor in 6.25 ms, found 29 plugins.
Preloading 1 native plugins for Editor in 0.02 ms.
Unloading 5789 Unused Serialized files (Serialized files now loaded: 0)
Unloading 122 unused Assets / (2.3 MB). Loaded Objects now: 6241.
Memory consumption went from 274.3 MB to 272.0 MB.
Total: 4.673000 ms (FindLiveObjects: 0.500500 ms CreateObjectMapping: 0.244800 ms MarkObjects: 3.015200 ms  DeleteObjects: 0.905700 ms)

AssetImportParameters requested are different than current active one (requested -> active):
  custom:video-decoder-ogg-theora: a1e56fd34408186e4bbccfd4996cb3dc -> 
  custom:container-muxer-webm: aa71ff27fc2769a1b78a27578f13a17b -> 
  custom:container-demuxer-webm: 4f35f7cbe854078d1ac9338744f61a02 -> 
  custom:video-encoder-webm-vp8: eb34c28f22e8b96e1ab97ce403110664 -> 
  custom:audio-encoder-webm-vorbis: bf7c407c2cedff20999df2af8eb42d56 -> 
  custom:framework-win-MediaFoundation: 216162199b28c13a410421893ffa2e32 -> 
  custom:container-demuxer-ogg: 62fdf1f143b41e24485cea50d1cbac27 -> 
  custom:video-decoder-webm-vp8: 9c59270c3fd7afecdb556c50c9e8de78 -> 
  custom:audio-decoder-ogg-vorbis: bf7c407c2cedff20999df2af8eb42d56 -> 
========================================================================
Received Prepare
Registering precompiled user dll's ...
Registered in 0.006269 seconds.
Begin MonoManager ReloadAssembly
Symbol file LoadedFromMemory is not a mono symbol file
Native extension for UWP target not found
Native extension for WindowsStandalone target not found
Native extension for Android target not found
Native extension for WebGL target not found
Refreshing native plugins compatible for Editor in 13.95 ms, found 29 plugins.
Preloading 1 native plugins for Editor in 0.05 ms.
[XR] [MROpenXR][Info   ][23:55:51.651807][tid:2ca4] MicrosoftOpenXRPlugin_SetPluginEnvironment unityVersion=2021.2.15f1
[XR] [MROpenXR][Info   ][23:55:51.652230][tid:2ca4] MicrosoftOpenXRPlugin_SetPluginEnvironment openXRPluginVersion=1.3.1
[XR] [MROpenXR][Info   ][23:55:51.652279][tid:2ca4] MicrosoftOpenXRPlugin_SetPluginEnvironment mrOpenXRPluginVersion=1.3.1.0
[XR] [MROpenXR][Info   ][23:55:51.652722][tid:2ca4] OnPluginStarted UnityVersion=2021.2.15f1 OpenXRPluginVersion=1.3.1 MROpenXRPluginVersion=1.3.1.0 PartA_PrivTags=33554432
Mono: successfully reloaded assembly
- Completed reload, in 11.429 seconds
Domain Reload Profiling:
	ReloadAssembly (11430ms)
		BeginReloadAssembly (1525ms)
			ExecutionOrderSort (0ms)
			DisableScriptedObjects (9ms)
			BackupInstance (0ms)
			ReleaseScriptingObjects (0ms)
			CreateAndSetChildDomain (156ms)
		EndReloadAssembly (9119ms)
			LoadAssemblies (1397ms)
			RebuildTransferFunctionScriptingTraits (0ms)
			SetupTypeCache (755ms)
			ReleaseScriptCaches (8ms)
			RebuildScriptCaches (132ms)
			SetupLoadedEditorAssemblies (4878ms)
				LogAssemblyErrors (0ms)
				InitializePlatformSupportModulesInManaged (45ms)
				SetLoadedEditorAssemblies (1ms)
				RefreshPlugins (14ms)
				BeforeProcessingInitializeOnLoad (701ms)
				ProcessInitializeOnLoadAttributes (611ms)
				ProcessInitializeOnLoadMethodAttributes (3500ms)
				AfterProcessingInitializeOnLoad (6ms)
				EditorAssembliesLoaded (0ms)
			ExecutionOrderSort2 (0ms)
			AwakeInstancesAfterBackupRestoration (12ms)
Platform modules already initialized, skipping
Refreshing native plugins compatible for Editor in 8.49 ms, found 29 plugins.
Preloading 1 native plugins for Editor in 0.03 ms.
Unloading 5788 Unused Serialized files (Serialized files now loaded: 0)
Unloading 122 unused Assets / (2.3 MB). Loaded Objects now: 6250.
Memory consumption went from 274.3 MB to 272.1 MB.
Total: 20.976200 ms (FindLiveObjects: 0.527200 ms CreateObjectMapping: 0.200000 ms MarkObjects: 19.280400 ms  DeleteObjects: 0.966700 ms)

AssetImportParameters requested are different than current active one (requested -> active):
  custom:video-decoder-ogg-theora: a1e56fd34408186e4bbccfd4996cb3dc -> 
  custom:container-muxer-webm: aa71ff27fc2769a1b78a27578f13a17b -> 
  custom:container-demuxer-webm: 4f35f7cbe854078d1ac9338744f61a02 -> 
  custom:video-encoder-webm-vp8: eb34c28f22e8b96e1ab97ce403110664 -> 
  custom:audio-encoder-webm-vorbis: bf7c407c2cedff20999df2af8eb42d56 -> 
  custom:framework-win-MediaFoundation: 216162199b28c13a410421893ffa2e32 -> 
  custom:container-demuxer-ogg: 62fdf1f143b41e24485cea50d1cbac27 -> 
  custom:video-decoder-webm-vp8: 9c59270c3fd7afecdb556c50c9e8de78 -> 
  custom:audio-decoder-ogg-vorbis: bf7c407c2cedff20999df2af8eb42d56 -> 
========================================================================
Received Prepare
Registering precompiled user dll's ...
Registered in 0.008608 seconds.
Begin MonoManager ReloadAssembly
Symbol file LoadedFromMemory is not a mono symbol file
Native extension for UWP target not found
Native extension for WindowsStandalone target not found
Native extension for Android target not found
Native extension for WebGL target not found
Refreshing native plugins compatible for Editor in 2.20 ms, found 29 plugins.
Preloading 1 native plugins for Editor in 0.05 ms.
[XR] [MROpenXR][Info   ][23:56:27.552172][tid:2ca4] MicrosoftOpenXRPlugin_SetPluginEnvironment unityVersion=2021.2.15f1
[XR] [MROpenXR][Info   ][23:56:27.552518][tid:2ca4] MicrosoftOpenXRPlugin_SetPluginEnvironment openXRPluginVersion=1.3.1
[XR] [MROpenXR][Info   ][23:56:27.552557][tid:2ca4] MicrosoftOpenXRPlugin_SetPluginEnvironment mrOpenXRPluginVersion=1.3.1.0
[XR] [MROpenXR][Info   ][23:56:27.552613][tid:2ca4] OnPluginStarted UnityVersion=2021.2.15f1 OpenXRPluginVersion=1.3.1 MROpenXRPluginVersion=1.3.1.0 PartA_PrivTags=33554432
Mono: successfully reloaded assembly
- Completed reload, in  3.860 seconds
Domain Reload Profiling:
	ReloadAssembly (3860ms)
		BeginReloadAssembly (346ms)
			ExecutionOrderSort (0ms)
			DisableScriptedObjects (3ms)
			BackupInstance (0ms)
			ReleaseScriptingObjects (0ms)
			CreateAndSetChildDomain (120ms)
		EndReloadAssembly (3035ms)
			LoadAssemblies (368ms)
			RebuildTransferFunctionScriptingTraits (0ms)
			SetupTypeCache (293ms)
			ReleaseScriptCaches (3ms)
			RebuildScriptCaches (96ms)
			SetupLoadedEditorAssemblies (2079ms)
				LogAssemblyErrors (0ms)
				InitializePlatformSupportModulesInManaged (21ms)
				SetLoadedEditorAssemblies (1ms)
				RefreshPlugins (2ms)
				BeforeProcessingInitializeOnLoad (98ms)
				ProcessInitializeOnLoadAttributes (946ms)
				ProcessInitializeOnLoadMethodAttributes (1006ms)
				AfterProcessingInitializeOnLoad (5ms)
				EditorAssembliesLoaded (0ms)
			ExecutionOrderSort2 (0ms)
			AwakeInstancesAfterBackupRestoration (10ms)
Platform modules already initialized, skipping
Refreshing native plugins compatible for Editor in 6.58 ms, found 29 plugins.
Preloading 1 native plugins for Editor in 0.03 ms.
Unloading 5788 Unused Serialized files (Serialized files now loaded: 0)
Unloading 122 unused Assets / (2.3 MB). Loaded Objects now: 6258.
Memory consumption went from 274.4 MB to 272.1 MB.
Total: 25.974500 ms (FindLiveObjects: 0.595100 ms CreateObjectMapping: 0.355200 ms MarkObjects: 24.336700 ms  DeleteObjects: 0.680900 ms)

AssetImportParameters requested are different than current active one (requested -> active):
  custom:video-decoder-ogg-theora: a1e56fd34408186e4bbccfd4996cb3dc -> 
  custom:container-muxer-webm: aa71ff27fc2769a1b78a27578f13a17b -> 
  custom:container-demuxer-webm: 4f35f7cbe854078d1ac9338744f61a02 -> 
  custom:video-encoder-webm-vp8: eb34c28f22e8b96e1ab97ce403110664 -> 
  custom:audio-encoder-webm-vorbis: bf7c407c2cedff20999df2af8eb42d56 -> 
  custom:framework-win-MediaFoundation: 216162199b28c13a410421893ffa2e32 -> 
  custom:container-demuxer-ogg: 62fdf1f143b41e24485cea50d1cbac27 -> 
  custom:video-decoder-webm-vp8: 9c59270c3fd7afecdb556c50c9e8de78 -> 
  custom:audio-decoder-ogg-vorbis: bf7c407c2cedff20999df2af8eb42d56 -> 
