Using pre-set license
Built from '2021.2/release' branch; Version is '2021.2.15f1 (3b8567f665bb) revision 3900775'; Using compiler version '192829333'; Build Type 'Release'
OS: 'Windows 11  (10.0.22000) 64bit Core' Language: 'en' Physical Memory: 16015 MB
BatchMode: 1, IsHumanControllingUs: 0, StartBugReporterOnCrash: 0, Is64bit: 1, IsPro: 1

COMMAND LINE ARGUMENTS:
C:\Program Files\Unity\Hub\Editor\2021.2.15f1\Editor\Unity.exe
-adb2
-batchMode
-noUpm
-name
AssetImportWorker15
-projectPath
D:/NASA-SUITS-AR-Displays
-logFile
Logs/AssetImportWorker15.log
-srvPort
60910
Successfully changed project path to: D:/NASA-SUITS-AR-Displays
D:/NASA-SUITS-AR-Displays
[UnityMemory] Configuration Parameters - Can be set up in boot.config
    "memorysetup-bucket-allocator-granularity=16"
    "memorysetup-bucket-allocator-bucket-count=8"
    "memorysetup-bucket-allocator-block-size=33554432"
    "memorysetup-bucket-allocator-block-count=8"
    "memorysetup-main-allocator-block-size=16777216"
    "memorysetup-thread-allocator-block-size=16777216"
    "memorysetup-gfx-main-allocator-block-size=16777216"
    "memorysetup-gfx-thread-allocator-block-size=16777216"
    "memorysetup-cache-allocator-block-size=4194304"
    "memorysetup-typetree-allocator-block-size=2097152"
    "memorysetup-profiler-bucket-allocator-granularity=16"
    "memorysetup-profiler-bucket-allocator-bucket-count=8"
    "memorysetup-profiler-bucket-allocator-block-size=33554432"
    "memorysetup-profiler-bucket-allocator-block-count=8"
    "memorysetup-profiler-allocator-block-size=16777216"
    "memorysetup-profiler-editor-allocator-block-size=1048576"
    "memorysetup-temp-allocator-size-main=16777216"
    "memorysetup-job-temp-allocator-block-size=2097152"
    "memorysetup-job-temp-allocator-block-size-background=1048576"
    "memorysetup-job-temp-allocator-reduction-small-platforms=262144"
    "memorysetup-temp-allocator-size-background-worker=32768"
    "memorysetup-temp-allocator-size-job-worker=262144"
    "memorysetup-temp-allocator-size-preload-manager=33554432"
    "memorysetup-temp-allocator-size-nav-mesh-worker=65536"
    "memorysetup-temp-allocator-size-audio-worker=65536"
    "memorysetup-temp-allocator-size-cloud-worker=32768"
    "memorysetup-temp-allocator-size-gi-baking-worker=262144"
    "memorysetup-temp-allocator-size-gfx=262144"
Refreshing native plugins compatible for Editor in 106.06 ms, found 23 plugins.
Preloading 1 native plugins for Editor in 1.07 ms.
Initialize engine version: 2021.2.15f1 (3b8567f665bb)
[Subsystems] Discovering subsystems at path C:/Program Files/Unity/Hub/Editor/2021.2.15f1/Editor/Data/Resources/UnitySubsystems
[Subsystems] Discovering subsystems at path D:/NASA-SUITS-AR-Displays/Assets
GfxDevice: creating device client; threaded=0; jobified=0
Direct3D:
    Version:  Direct3D 11.0 [level 11.1]
    Renderer: NVIDIA GeForce MX330 (ID=0x1d16)
    Vendor:   NVIDIA
    VRAM:     1983 MB
    Driver:   30.0.14.7141
Initialize mono
Mono path[0] = 'C:/Program Files/Unity/Hub/Editor/2021.2.15f1/Editor/Data/Managed'
Mono path[1] = 'C:/Program Files/Unity/Hub/Editor/2021.2.15f1/Editor/Data/MonoBleedingEdge/lib/mono/unityjit-win32'
Mono config path = 'C:/Program Files/Unity/Hub/Editor/2021.2.15f1/Editor/Data/MonoBleedingEdge/etc'
Using monoOptions --debugger-agent=transport=dt_socket,embedding=1,server=y,suspend=n,address=127.0.0.1:56168
Begin MonoManager ReloadAssembly
Registering precompiled unity dll's ...
Register platform support module: C:/Program Files/Unity/Hub/Editor/2021.2.15f1/Editor/Data/PlaybackEngines/WebGLSupport/UnityEditor.WebGL.Extensions.dll
Register platform support module: C:/Program Files/Unity/Hub/Editor/2021.2.15f1/Editor/Data/PlaybackEngines/AndroidPlayer/UnityEditor.Android.Extensions.dll
Register platform support module: C:/Program Files/Unity/Hub/Editor/2021.2.15f1/Editor/Data/PlaybackEngines/WindowsStandaloneSupport/UnityEditor.WindowsStandalone.Extensions.dll
Register platform support module: C:/Program Files/Unity/Hub/Editor/2021.2.15f1/Editor/Data/PlaybackEngines/MetroSupport/UnityEditor.UWP.Extensions.dll
Registered in 0.004102 seconds.
Native extension for UWP target not found
Native extension for WindowsStandalone target not found
Native extension for Android target not found
Native extension for WebGL target not found
Refreshing native plugins compatible for Editor in 67.83 ms, found 23 plugins.
Preloading 1 native plugins for Editor in 0.15 ms.
Mono: successfully reloaded assembly
- Completed reload, in  0.563 seconds
Domain Reload Profiling:
	ReloadAssembly (564ms)
		BeginReloadAssembly (60ms)
			ExecutionOrderSort (0ms)
			DisableScriptedObjects (0ms)
			BackupInstance (0ms)
			ReleaseScriptingObjects (0ms)
			CreateAndSetChildDomain (1ms)
		EndReloadAssembly (409ms)
			LoadAssemblies (58ms)
			RebuildTransferFunctionScriptingTraits (0ms)
			SetupTypeCache (107ms)
			ReleaseScriptCaches (0ms)
			RebuildScriptCaches (22ms)
			SetupLoadedEditorAssemblies (236ms)
				LogAssemblyErrors (0ms)
				InitializePlatformSupportModulesInManaged (48ms)
				SetLoadedEditorAssemblies (0ms)
				RefreshPlugins (68ms)
				BeforeProcessingInitializeOnLoad (1ms)
				ProcessInitializeOnLoadAttributes (78ms)
				ProcessInitializeOnLoadMethodAttributes (40ms)
				AfterProcessingInitializeOnLoad (0ms)
				EditorAssembliesLoaded (0ms)
			ExecutionOrderSort2 (0ms)
			AwakeInstancesAfterBackupRestoration (0ms)
Platform modules already initialized, skipping
Registering precompiled user dll's ...
Registered in 0.005742 seconds.
Begin MonoManager ReloadAssembly
Symbol file LoadedFromMemory is not a mono symbol file
Native extension for UWP target not found
Native extension for WindowsStandalone target not found
Native extension for Android target not found
Native extension for WebGL target not found
Refreshing native plugins compatible for Editor in 86.23 ms, found 23 plugins.
Preloading 1 native plugins for Editor in 0.05 ms.
[XR] [MROpenXR][Info   ][15:43:12.273509][tid:5008] MeshProvider_RegisterLifecycleProvider
[XR] [MROpenXR][Info   ][15:43:12.312522][tid:5008] InputProvider_RegisterLifeCycleProvider
[XR] [MROpenXR][Info   ][15:43:12.313605][tid:5008] MicrosoftOpenXRPlugin_SetPluginEnvironment unityVersion=2021.2.15f1
[XR] Error loading subsystem: Display (1) (header mismatch?)
[XR] [MROpenXR][Info   ][15:43:12.360225][tid:5008] MicrosoftOpenXRPlugin_SetPluginEnvironment openXRPluginVersion=1.3.1
[XR] [MROpenXR][Info   ][15:43:12.360364][tid:5008] MicrosoftOpenXRPlugin_SetPluginEnvironment mrOpenXRPluginVersion=1.3.1.0
[XR] [MROpenXR][Info   ][15:43:12.360634][tid:5008] OnPluginStarted UnityVersion=2021.2.15f1 OpenXRPluginVersion=1.3.1 MROpenXRPluginVersion=1.3.1.0 PartA_PrivTags=33554432
Mono: successfully reloaded assembly
Package Manager log level set to [2]
- Completed reload, in  2.731 seconds
Domain Reload Profiling:
	ReloadAssembly (2733ms)
		BeginReloadAssembly (263ms)
			ExecutionOrderSort (0ms)
			DisableScriptedObjects (12ms)
			BackupInstance (0ms)
			ReleaseScriptingObjects (0ms)
			CreateAndSetChildDomain (137ms)
		EndReloadAssembly (2355ms)
			LoadAssemblies (121ms)
			RebuildTransferFunctionScriptingTraits (0ms)
			SetupTypeCache (288ms)
			ReleaseScriptCaches (1ms)
			RebuildScriptCaches (91ms)
			SetupLoadedEditorAssemblies (1818ms)
				LogAssemblyErrors (0ms)
				InitializePlatformSupportModulesInManaged (18ms)
				SetLoadedEditorAssemblies (0ms)
				RefreshPlugins (86ms)
				BeforeProcessingInitializeOnLoad (99ms)
				ProcessInitializeOnLoadAttributes (520ms)
				ProcessInitializeOnLoadMethodAttributes (1090ms)
				AfterProcessingInitializeOnLoad (5ms)
				EditorAssembliesLoaded (0ms)
			ExecutionOrderSort2 (0ms)
			AwakeInstancesAfterBackupRestoration (8ms)
Platform modules already initialized, skipping
========================================================================
Worker process is ready to serve import requests
Launched and connected shader compiler UnityShaderCompiler.exe after 0.05 seconds
Refreshing native plugins compatible for Editor in 1.13 ms, found 23 plugins.
Preloading 1 native plugins for Editor in 0.06 ms.
Unloading 5506 Unused Serialized files (Serialized files now loaded: 0)
Unloading 698 unused Assets / (3.6 MB). Loaded Objects now: 5833.
Memory consumption went from 253.7 MB to 250.2 MB.
Total: 6.538200 ms (FindLiveObjects: 0.817300 ms CreateObjectMapping: 0.294500 ms MarkObjects: 3.615800 ms  DeleteObjects: 1.809100 ms)

AssetImportParameters requested are different than current active one (requested -> active):
  custom:video-decoder-ogg-theora: a1e56fd34408186e4bbccfd4996cb3dc -> 
  custom:container-muxer-webm: aa71ff27fc2769a1b78a27578f13a17b -> 
  custom:container-demuxer-webm: 4f35f7cbe854078d1ac9338744f61a02 -> 
  custom:video-encoder-webm-vp8: eb34c28f22e8b96e1ab97ce403110664 -> 
  custom:audio-encoder-webm-vorbis: bf7c407c2cedff20999df2af8eb42d56 -> 
  custom:framework-win-MediaFoundation: 216162199b28c13a410421893ffa2e32 -> 
  custom:container-demuxer-ogg: 62fdf1f143b41e24485cea50d1cbac27 -> 
  custom:video-decoder-webm-vp8: 9c59270c3fd7afecdb556c50c9e8de78 -> 
  custom:audio-decoder-ogg-vorbis: bf7c407c2cedff20999df2af8eb42d56 -> 
========================================================================
Received Prepare
Registering precompiled user dll's ...
Registered in 0.005717 seconds.
Begin MonoManager ReloadAssembly
Symbol file LoadedFromMemory is not a mono symbol file
Native extension for UWP target not found
Native extension for WindowsStandalone target not found
Native extension for Android target not found
Native extension for WebGL target not found
Refreshing native plugins compatible for Editor in 2.27 ms, found 29 plugins.
Preloading 1 native plugins for Editor in 0.05 ms.
[XR] [MROpenXR][Info   ][15:47:39.524545][tid:5008] MicrosoftOpenXRPlugin_SetPluginEnvironment unityVersion=2021.2.15f1
[XR] [MROpenXR][Info   ][15:47:39.524842][tid:5008] MicrosoftOpenXRPlugin_SetPluginEnvironment openXRPluginVersion=1.3.1
[XR] [MROpenXR][Info   ][15:47:39.524878][tid:5008] MicrosoftOpenXRPlugin_SetPluginEnvironment mrOpenXRPluginVersion=1.3.1.0
[XR] [MROpenXR][Info   ][15:47:39.524957][tid:5008] OnPluginStarted UnityVersion=2021.2.15f1 OpenXRPluginVersion=1.3.1 MROpenXRPluginVersion=1.3.1.0 PartA_PrivTags=33554432
Mono: successfully reloaded assembly
- Completed reload, in  9.246 seconds
Domain Reload Profiling:
	ReloadAssembly (9246ms)
		BeginReloadAssembly (167ms)
			ExecutionOrderSort (0ms)
			DisableScriptedObjects (3ms)
			BackupInstance (0ms)
			ReleaseScriptingObjects (0ms)
			CreateAndSetChildDomain (55ms)
		EndReloadAssembly (8944ms)
			LoadAssemblies (2451ms)
			RebuildTransferFunctionScriptingTraits (0ms)
			SetupTypeCache (222ms)
			ReleaseScriptCaches (3ms)
			RebuildScriptCaches (86ms)
			SetupLoadedEditorAssemblies (6164ms)
				LogAssemblyErrors (0ms)
				InitializePlatformSupportModulesInManaged (18ms)
				SetLoadedEditorAssemblies (1ms)
				RefreshPlugins (2ms)
				BeforeProcessingInitializeOnLoad (89ms)
				ProcessInitializeOnLoadAttributes (3754ms)
				ProcessInitializeOnLoadMethodAttributes (2296ms)
				AfterProcessingInitializeOnLoad (4ms)
				EditorAssembliesLoaded (0ms)
			ExecutionOrderSort2 (0ms)
			AwakeInstancesAfterBackupRestoration (8ms)
Platform modules already initialized, skipping
Refreshing native plugins compatible for Editor in 1083.24 ms, found 29 plugins.
Preloading 1 native plugins for Editor in 0.09 ms.
Unloading 5423 Unused Serialized files (Serialized files now loaded: 0)
Unloading 120 unused Assets / (1.9 MB). Loaded Objects now: 5855.
Memory consumption went from 246.8 MB to 244.9 MB.
Total: 3.342000 ms (FindLiveObjects: 0.352100 ms CreateObjectMapping: 0.203400 ms MarkObjects: 2.484500 ms  DeleteObjects: 0.299900 ms)

AssetImportParameters requested are different than current active one (requested -> active):
  custom:video-decoder-ogg-theora: a1e56fd34408186e4bbccfd4996cb3dc -> 
  custom:container-muxer-webm: aa71ff27fc2769a1b78a27578f13a17b -> 
  custom:container-demuxer-webm: 4f35f7cbe854078d1ac9338744f61a02 -> 
  custom:video-encoder-webm-vp8: eb34c28f22e8b96e1ab97ce403110664 -> 
  custom:audio-encoder-webm-vorbis: bf7c407c2cedff20999df2af8eb42d56 -> 
  custom:framework-win-MediaFoundation: 216162199b28c13a410421893ffa2e32 -> 
  custom:container-demuxer-ogg: 62fdf1f143b41e24485cea50d1cbac27 -> 
  custom:video-decoder-webm-vp8: 9c59270c3fd7afecdb556c50c9e8de78 -> 
  custom:audio-decoder-ogg-vorbis: bf7c407c2cedff20999df2af8eb42d56 -> 
========================================================================
Received Import Request.
  Time since last request: 794743.554808 seconds.
  path: Assets/Prefabs/Ball.prefab
  artifactKey: Guid(1400a56ec94eb18499e036dbe1455180) Importer(815301076,1909f56bfc062723c751e8b465ee728b)
Start importing Assets/Prefabs/Ball.prefab using Guid(1400a56ec94eb18499e036dbe1455180) Importer(815301076,1909f56bfc062723c751e8b465ee728b)  -> (artifact id: 'd4ed6c8af05c33e1452bbb9e81c71e4b') in 1.630272 seconds 
========================================================================
Received Import Request.
  Time since last request: 0.000057 seconds.
  path: Assets/Prefabs/Camera Button.prefab
  artifactKey: Guid(01ae3f2d435cb644d9c20c73cf4d006f) Importer(815301076,1909f56bfc062723c751e8b465ee728b)
Start importing Assets/Prefabs/Camera Button.prefab using Guid(01ae3f2d435cb644d9c20c73cf4d006f) Importer(815301076,1909f56bfc062723c751e8b465ee728b)  -> (artifact id: '7f16af8ae10a3fa63e143df427834adf') in 5.012192 seconds 
========================================================================
Received Import Request.
  Time since last request: 0.000043 seconds.
  path: Assets/Prefabs/DisplayFeaturesPanel 1.prefab
  artifactKey: Guid(684ffbc7443e9f64db5acfb59b7358d9) Importer(815301076,1909f56bfc062723c751e8b465ee728b)
Start importing Assets/Prefabs/DisplayFeaturesPanel 1.prefab using Guid(684ffbc7443e9f64db5acfb59b7358d9) Importer(815301076,1909f56bfc062723c751e8b465ee728b)  -> (artifact id: 'd28359047c7f1dbeae42d5a406b7cf63') in 0.203616 seconds 
========================================================================
Received Import Request.
  Time since last request: 35.502651 seconds.
  path: Assets/Prefabs/AnchorPosition.prefab
  artifactKey: Guid(1c9715a80dfc36846adc495065572a26) Importer(815301076,1909f56bfc062723c751e8b465ee728b)
Start importing Assets/Prefabs/AnchorPosition.prefab using Guid(1c9715a80dfc36846adc495065572a26) Importer(815301076,1909f56bfc062723c751e8b465ee728b)  -> (artifact id: 'a57c34edf55cf7deb2950af45631b95b') in 0.322400 seconds 
========================================================================
Received Import Request.
  Time since last request: 6.351155 seconds.
  path: Assets/Prefabs/DisplayFeaturesPanel.prefab
  artifactKey: Guid(ce439ddf0c7e8a34d910ad1e9d46f67d) Importer(815301076,1909f56bfc062723c751e8b465ee728b)
Start importing Assets/Prefabs/DisplayFeaturesPanel.prefab using Guid(ce439ddf0c7e8a34d910ad1e9d46f67d) Importer(815301076,1909f56bfc062723c751e8b465ee728b)  -> (artifact id: '4a68d381e59ff963a2645a68e56bb8d3') in 0.492722 seconds 
========================================================================
Received Import Request.
  Time since last request: 0.000024 seconds.
  path: Assets/Prefabs/ExampleUI.prefab
  artifactKey: Guid(046d473c138dfe647888672f8f5e6839) Importer(815301076,1909f56bfc062723c751e8b465ee728b)
Start importing Assets/Prefabs/ExampleUI.prefab using Guid(046d473c138dfe647888672f8f5e6839) Importer(815301076,1909f56bfc062723c751e8b465ee728b)  -> (artifact id: '9a164b590e0c6b8e9e1229ee09c3fb2d') in 0.529312 seconds 
========================================================================
Received Import Request.
  Time since last request: 0.000036 seconds.
  path: Assets/Prefabs/HoloInterfaces.prefab
  artifactKey: Guid(0128c1d5f9566cd4fa00a8350a16aff6) Importer(815301076,1909f56bfc062723c751e8b465ee728b)
Start importing Assets/Prefabs/HoloInterfaces.prefab using Guid(0128c1d5f9566cd4fa00a8350a16aff6) Importer(815301076,1909f56bfc062723c751e8b465ee728b)  -> (artifact id: '345844eb914da1eb31e270a42ab3c2be') in 0.760703 seconds 
========================================================================
Received Import Request.
  Time since last request: 0.000031 seconds.
  path: Assets/Prefabs/Map 1.prefab
  artifactKey: Guid(0949d05297cdda14b9f3ed4c36e6f394) Importer(815301076,1909f56bfc062723c751e8b465ee728b)
Start importing Assets/Prefabs/Map 1.prefab using Guid(0949d05297cdda14b9f3ed4c36e6f394) Importer(815301076,1909f56bfc062723c751e8b465ee728b)  -> (artifact id: '6ef12467176792c8d691a27d640b1b8e') in 0.049634 seconds 
========================================================================
Received Import Request.
  Time since last request: 0.000046 seconds.
  path: Assets/Prefabs/ExampleCamPivot.prefab
  artifactKey: Guid(d8a4fa19640c8d14995fc6fad3ee03e2) Importer(815301076,1909f56bfc062723c751e8b465ee728b)
Start importing Assets/Prefabs/ExampleCamPivot.prefab using Guid(d8a4fa19640c8d14995fc6fad3ee03e2) Importer(815301076,1909f56bfc062723c751e8b465ee728b)  -> (artifact id: 'd543288a860e2126d9d6815c287216e7') in 0.058976 seconds 
========================================================================
Received Import Request.
  Time since last request: 0.000031 seconds.
  path: Assets/Prefabs/Map.prefab
  artifactKey: Guid(53ec84b14b8db784b8478ed4b50c4bcc) Importer(815301076,1909f56bfc062723c751e8b465ee728b)
Start importing Assets/Prefabs/Map.prefab using Guid(53ec84b14b8db784b8478ed4b50c4bcc) Importer(815301076,1909f56bfc062723c751e8b465ee728b)  -> (artifact id: '57d9d47592cf01d134a3f734bf2a47d3') in 0.046186 seconds 
========================================================================
Received Import Request.
  Time since last request: 0.000040 seconds.
  path: Assets/Prefabs/ExampleRecord.prefab
  artifactKey: Guid(acbb7ada440b5c1429b2a73cbc302c15) Importer(815301076,1909f56bfc062723c751e8b465ee728b)
Start importing Assets/Prefabs/ExampleRecord.prefab using Guid(acbb7ada440b5c1429b2a73cbc302c15) Importer(815301076,1909f56bfc062723c751e8b465ee728b)  -> (artifact id: 'cc6c7e898cd530dfc2a0c39a195f3f42') in 0.034071 seconds 
========================================================================
Received Import Request.
  Time since last request: 0.000048 seconds.
  path: Assets/Prefabs/Geology Tools Instructions.prefab
  artifactKey: Guid(1e9daf9bd7fcf3d409c7e14988702f7a) Importer(815301076,1909f56bfc062723c751e8b465ee728b)
Start importing Assets/Prefabs/Geology Tools Instructions.prefab using Guid(1e9daf9bd7fcf3d409c7e14988702f7a) Importer(815301076,1909f56bfc062723c751e8b465ee728b)  -> (artifact id: '3e8fe23ca5a9e70d09bfa167771a7d7b') in 0.921849 seconds 
========================================================================
Received Import Request.
  Time since last request: 59.855162 seconds.
  path: Assets/Prefabs/Meticulous Lock.prefab
  artifactKey: Guid(a2539485fec2bf242859d8a18318dd10) Importer(815301076,1909f56bfc062723c751e8b465ee728b)
Start importing Assets/Prefabs/Meticulous Lock.prefab using Guid(a2539485fec2bf242859d8a18318dd10) Importer(815301076,1909f56bfc062723c751e8b465ee728b)  -> (artifact id: 'cdc3520e338f4f7a0f699c2dd9acf3f5') in 0.185681 seconds 
========================================================================
Received Import Request.
  Time since last request: 0.000029 seconds.
  path: Assets/Prefabs/Mythical Sun.prefab
  artifactKey: Guid(d4c63b91d6483d541adef7c3be80c50c) Importer(815301076,1909f56bfc062723c751e8b465ee728b)
Start importing Assets/Prefabs/Mythical Sun.prefab using Guid(d4c63b91d6483d541adef7c3be80c50c) Importer(815301076,1909f56bfc062723c751e8b465ee728b)  -> (artifact id: '214c246d96934de2d99b2727ffb65bdb') in 0.214270 seconds 
========================================================================
Received Import Request.
  Time since last request: 0.000030 seconds.
  path: Assets/Prefabs/Note Taking.prefab
  artifactKey: Guid(57fbcef162c6d5742a0ea82c962a7c58) Importer(815301076,1909f56bfc062723c751e8b465ee728b)
Start importing Assets/Prefabs/Note Taking.prefab using Guid(57fbcef162c6d5742a0ea82c962a7c58) Importer(815301076,1909f56bfc062723c751e8b465ee728b)  -> (artifact id: '1482cb7a06523aa7fa623ad2da4347a4') in 0.156686 seconds 
========================================================================
Received Import Request.
  Time since last request: 0.000026 seconds.
  path: Assets/Prefabs/PositionIndicator.prefab
  artifactKey: Guid(2d6ea87d9756371479cf53be82c2c288) Importer(815301076,1909f56bfc062723c751e8b465ee728b)
Start importing Assets/Prefabs/PositionIndicator.prefab using Guid(2d6ea87d9756371479cf53be82c2c288) Importer(815301076,1909f56bfc062723c751e8b465ee728b)  -> (artifact id: '7a9ff1139f61de6509f550d910cf95c6') in 0.015053 seconds 
========================================================================
Received Import Request.
  Time since last request: 0.207776 seconds.
  path: Assets/Prefabs/Showroom.prefab
  artifactKey: Guid(e2dea4660a8a89948b50941060760da8) Importer(815301076,1909f56bfc062723c751e8b465ee728b)
Start importing Assets/Prefabs/Showroom.prefab using Guid(e2dea4660a8a89948b50941060760da8) Importer(815301076,1909f56bfc062723c751e8b465ee728b)  -> (artifact id: '7018764034a715cf05f76b23b98b26fa') in 0.618168 seconds 
========================================================================
Received Import Request.
  Time since last request: 48.465469 seconds.
  path: Assets/Prefabs/VerticalScroll_FalloffPerItem 2.prefab
  artifactKey: Guid(1b5a4d93431cd9144b36abe735c1ae61) Importer(815301076,1909f56bfc062723c751e8b465ee728b)
Start importing Assets/Prefabs/VerticalScroll_FalloffPerItem 2.prefab using Guid(1b5a4d93431cd9144b36abe735c1ae61) Importer(815301076,1909f56bfc062723c751e8b465ee728b)  -> (artifact id: '3ca52afab77dbfeaed24795735c91210') in 0.108209 seconds 
========================================================================
Received Import Request.
  Time since last request: 9.585593 seconds.
  path: Assets/Prefabs/Celestial Green.prefab
  artifactKey: Guid(1367512932270e64ebe4cdf00532ad3a) Importer(815301076,1909f56bfc062723c751e8b465ee728b)
Start importing Assets/Prefabs/Celestial Green.prefab using Guid(1367512932270e64ebe4cdf00532ad3a) Importer(815301076,1909f56bfc062723c751e8b465ee728b)  -> (artifact id: 'f2a690ef148dee187a0692178c66187b') in 0.040385 seconds 
========================================================================
Received Import Request.
  Time since last request: 9.656227 seconds.
  path: Assets/Prefabs/VerticalScroll_FalloffPerItem 3.prefab
  artifactKey: Guid(9c02ef9bae4f0bc45bc75144642bb36f) Importer(815301076,1909f56bfc062723c751e8b465ee728b)
Start importing Assets/Prefabs/VerticalScroll_FalloffPerItem 3.prefab using Guid(9c02ef9bae4f0bc45bc75144642bb36f) Importer(815301076,1909f56bfc062723c751e8b465ee728b)  -> (artifact id: '85f2b06f51045e935a4dddd3ee9be701') in 0.127560 seconds 
========================================================================
Received Import Request.
  Time since last request: 4.692702 seconds.
  path: Assets/Prefabs/Wall.prefab
  artifactKey: Guid(d5b124e1277c56d449f2e60cc262b973) Importer(815301076,1909f56bfc062723c751e8b465ee728b)
Start importing Assets/Prefabs/Wall.prefab using Guid(d5b124e1277c56d449f2e60cc262b973) Importer(815301076,1909f56bfc062723c751e8b465ee728b)  -> (artifact id: '3622438d4d11fad70f6a99a92da835c5') in 0.115139 seconds 
========================================================================
Received Import Request.
  Time since last request: 0.869432 seconds.
  path: Assets/Prefabs/Warning sign.prefab
  artifactKey: Guid(075c80cab04888d4c94a56acdf80b80c) Importer(815301076,1909f56bfc062723c751e8b465ee728b)
Start importing Assets/Prefabs/Warning sign.prefab using Guid(075c80cab04888d4c94a56acdf80b80c) Importer(815301076,1909f56bfc062723c751e8b465ee728b)  -> (artifact id: '170517d25a279d50a7fe3385b582a720') in 2.705179 seconds 
========================================================================
Received Import Request.
  Time since last request: 41.415996 seconds.
  path: Assets/Prefabs/Spin Bicolor.prefab
  artifactKey: Guid(91be101682b4aff4980fc31546d9346d) Importer(815301076,1909f56bfc062723c751e8b465ee728b)
Start importing Assets/Prefabs/Spin Bicolor.prefab using Guid(91be101682b4aff4980fc31546d9346d) Importer(815301076,1909f56bfc062723c751e8b465ee728b)  -> (artifact id: 'cf0361d848a17d197f9134451220ce43') in 0.058689 seconds 
========================================================================
Received Import Request.
  Time since last request: 67.407460 seconds.
  path: Assets/Samples/Mixed Reality Toolkit Foundation/2.7.3/Scene System Resources
  artifactKey: Guid(976ec333baac1ec468fd947d34c93785) Importer(815301076,1909f56bfc062723c751e8b465ee728b)
Start importing Assets/Samples/Mixed Reality Toolkit Foundation/2.7.3/Scene System Resources using Guid(976ec333baac1ec468fd947d34c93785) Importer(815301076,1909f56bfc062723c751e8b465ee728b)  -> (artifact id: '3f5aebf99f13802f8f5416c16e772a79') in 0.010597 seconds 
========================================================================
Received Import Request.
  Time since last request: 6.066738 seconds.
  path: Assets/Samples/Mixed Reality Toolkit Extensions/2.7.3/HandPhysicsService
  artifactKey: Guid(c08427f4cbece5940a15da865ed07ab2) Importer(815301076,1909f56bfc062723c751e8b465ee728b)
Start importing Assets/Samples/Mixed Reality Toolkit Extensions/2.7.3/HandPhysicsService using Guid(c08427f4cbece5940a15da865ed07ab2) Importer(815301076,1909f56bfc062723c751e8b465ee728b)  -> (artifact id: '65f23d3c9b9873a5e6825e2cd40b1f46') in 0.005480 seconds 
========================================================================
Received Import Request.
  Time since last request: 6.877699 seconds.
  path: Assets/Samples/Mixed Reality Toolkit Examples/2.7.3/Demos - Audio
  artifactKey: Guid(542814678796aa84a9e5b707e0f6d2a6) Importer(815301076,1909f56bfc062723c751e8b465ee728b)
Start importing Assets/Samples/Mixed Reality Toolkit Examples/2.7.3/Demos - Audio using Guid(542814678796aa84a9e5b707e0f6d2a6) Importer(815301076,1909f56bfc062723c751e8b465ee728b)  -> (artifact id: 'd0d4591ba836be6e96408a140f411329') in 0.024081 seconds 
========================================================================
Received Import Request.
  Time since last request: 2.038216 seconds.
  path: Assets/Samples/Mixed Reality Toolkit Examples/2.7.3/Demos - Boundary
  artifactKey: Guid(339a8f2873e8ab24fb05bb2ee514aa50) Importer(815301076,1909f56bfc062723c751e8b465ee728b)
Start importing Assets/Samples/Mixed Reality Toolkit Examples/2.7.3/Demos - Boundary using Guid(339a8f2873e8ab24fb05bb2ee514aa50) Importer(815301076,1909f56bfc062723c751e8b465ee728b)  -> (artifact id: '28e7d0941e749ea62b63d8924b45b654') in 0.031534 seconds 
========================================================================
Received Import Request.
  Time since last request: 0.864557 seconds.
  path: Assets/Samples/Mixed Reality Toolkit Examples/2.7.3/Demos - Diagnostics
  artifactKey: Guid(498ca747c3331d44ea8dee32130645ad) Importer(815301076,1909f56bfc062723c751e8b465ee728b)
Start importing Assets/Samples/Mixed Reality Toolkit Examples/2.7.3/Demos - Diagnostics using Guid(498ca747c3331d44ea8dee32130645ad) Importer(815301076,1909f56bfc062723c751e8b465ee728b)  -> (artifact id: '3125b61521a2cd195a5a749ee63c6693') in 0.136550 seconds 
========================================================================
Received Import Request.
  Time since last request: 22.750905 seconds.
  path: Assets/Samples/Mixed Reality Toolkit Examples/2.7.3/Demos - EyeTracking
  artifactKey: Guid(c8ab8cec99650c447a7a44426f9007e7) Importer(815301076,1909f56bfc062723c751e8b465ee728b)
Start importing Assets/Samples/Mixed Reality Toolkit Examples/2.7.3/Demos - EyeTracking using Guid(c8ab8cec99650c447a7a44426f9007e7) Importer(815301076,1909f56bfc062723c751e8b465ee728b)  -> (artifact id: '8ba19864f52284cd0ddcb7a5f35d3880') in 0.024045 seconds 
========================================================================
Received Import Request.
  Time since last request: 2.302454 seconds.
  path: Assets/Samples/Mixed Reality Toolkit Examples/2.7.3/Demos - Gltf
  artifactKey: Guid(65081c96d777e3a4ba321bf102381e76) Importer(815301076,1909f56bfc062723c751e8b465ee728b)
Start importing Assets/Samples/Mixed Reality Toolkit Examples/2.7.3/Demos - Gltf using Guid(65081c96d777e3a4ba321bf102381e76) Importer(815301076,1909f56bfc062723c751e8b465ee728b)  -> (artifact id: 'efd13de4dc22c6b5ae04ad9da07c5dba') in 0.016199 seconds 
========================================================================
Received Import Request.
  Time since last request: 1.195879 seconds.
  path: Assets/Samples/Mixed Reality Toolkit Examples/2.7.3/Demos - HandCoach
  artifactKey: Guid(936eb126332757b4b9f94c106356d03a) Importer(815301076,1909f56bfc062723c751e8b465ee728b)
Start importing Assets/Samples/Mixed Reality Toolkit Examples/2.7.3/Demos - HandCoach using Guid(936eb126332757b4b9f94c106356d03a) Importer(815301076,1909f56bfc062723c751e8b465ee728b)  -> (artifact id: '9e33d9f1b8d42ff782d85c4f29f1aef0') in 0.017365 seconds 
========================================================================
Received Import Request.
  Time since last request: 2.753861 seconds.
  path: Assets/Samples/Mixed Reality Toolkit Examples/2.7.3/Demos - HandTracking
  artifactKey: Guid(0d319d7fa0a1de44482b82af6739ef1a) Importer(815301076,1909f56bfc062723c751e8b465ee728b)
Start importing Assets/Samples/Mixed Reality Toolkit Examples/2.7.3/Demos - HandTracking using Guid(0d319d7fa0a1de44482b82af6739ef1a) Importer(815301076,1909f56bfc062723c751e8b465ee728b)  -> (artifact id: '11558cb311e7492d81642b3ba708b2c4') in 0.008373 seconds 
========================================================================
Received Import Request.
  Time since last request: 7.209847 seconds.
  path: Assets/Samples/Mixed Reality Toolkit Examples/2.7.3/Demos - Input
  artifactKey: Guid(601b42964923aa245a0a9593d08c9ca5) Importer(815301076,1909f56bfc062723c751e8b465ee728b)
Start importing Assets/Samples/Mixed Reality Toolkit Examples/2.7.3/Demos - Input using Guid(601b42964923aa245a0a9593d08c9ca5) Importer(815301076,1909f56bfc062723c751e8b465ee728b)  -> (artifact id: '2925d881e025569942d0f0d8e7e583a6') in 0.006912 seconds 
========================================================================
Received Import Request.
  Time since last request: 4.200433 seconds.
  path: Assets/Samples/Mixed Reality Toolkit Examples/2.7.3/Demos - PulseShader
  artifactKey: Guid(68162f8a5eaf13945af747a3bcd60a92) Importer(815301076,1909f56bfc062723c751e8b465ee728b)
Start importing Assets/Samples/Mixed Reality Toolkit Examples/2.7.3/Demos - PulseShader using Guid(68162f8a5eaf13945af747a3bcd60a92) Importer(815301076,1909f56bfc062723c751e8b465ee728b)  -> (artifact id: '090b9c750450f23c22b63b86bb98fc4c') in 0.006578 seconds 
========================================================================
Received Import Request.
  Time since last request: 1.204886 seconds.
  path: Assets/Samples/Mixed Reality Toolkit Examples/2.7.3/Demos - ReadingMode
  artifactKey: Guid(43019daa4adb8e146a1ab63e9bbe5f79) Importer(815301076,1909f56bfc062723c751e8b465ee728b)
Start importing Assets/Samples/Mixed Reality Toolkit Examples/2.7.3/Demos - ReadingMode using Guid(43019daa4adb8e146a1ab63e9bbe5f79) Importer(815301076,1909f56bfc062723c751e8b465ee728b)  -> (artifact id: '760cf28d1e87d0d8979374f45954eadd') in 0.007410 seconds 
========================================================================
Received Import Request.
  Time since last request: 1.798126 seconds.
  path: Assets/Samples/Mixed Reality Toolkit Examples/2.7.3/Demos - ScrollingObjectCollection
  artifactKey: Guid(2dd71906128a3d547b365612f035767f) Importer(815301076,1909f56bfc062723c751e8b465ee728b)
Start importing Assets/Samples/Mixed Reality Toolkit Examples/2.7.3/Demos - ScrollingObjectCollection using Guid(2dd71906128a3d547b365612f035767f) Importer(815301076,1909f56bfc062723c751e8b465ee728b)  -> (artifact id: '0367d892c470872b56167c3b59878200') in 0.006687 seconds 
========================================================================
Received Import Request.
  Time since last request: 1.078389 seconds.
  path: Assets/Samples/Mixed Reality Toolkit Examples/2.7.3/Demos - Solvers
  artifactKey: Guid(f003382f83e513841b26f3908a379c16) Importer(815301076,1909f56bfc062723c751e8b465ee728b)
Start importing Assets/Samples/Mixed Reality Toolkit Examples/2.7.3/Demos - Solvers using Guid(f003382f83e513841b26f3908a379c16) Importer(815301076,1909f56bfc062723c751e8b465ee728b)  -> (artifact id: '987815ae16d6157f0197c829f4176f6b') in 0.014156 seconds 
========================================================================
Received Import Request.
  Time since last request: 0.961815 seconds.
  path: Assets/Samples/Mixed Reality Toolkit Examples/2.7.3/Demos - SpatialAwareness
  artifactKey: Guid(d867e9ec02413a445a28a7ab726ac5e9) Importer(815301076,1909f56bfc062723c751e8b465ee728b)
Start importing Assets/Samples/Mixed Reality Toolkit Examples/2.7.3/Demos - SpatialAwareness using Guid(d867e9ec02413a445a28a7ab726ac5e9) Importer(815301076,1909f56bfc062723c751e8b465ee728b)  -> (artifact id: '7d7a2b1614e95e4cfc8cf3188d9f15eb') in 0.018365 seconds 
========================================================================
Received Import Request.
  Time since last request: 3.903920 seconds.
  path: Assets/Samples/Mixed Reality Toolkit Examples/2.7.3/Demos - StandardShader
  artifactKey: Guid(71c85bd7590f75444a93e49a304377d9) Importer(815301076,1909f56bfc062723c751e8b465ee728b)
Start importing Assets/Samples/Mixed Reality Toolkit Examples/2.7.3/Demos - StandardShader using Guid(71c85bd7590f75444a93e49a304377d9) Importer(815301076,1909f56bfc062723c751e8b465ee728b)  -> (artifact id: 'ab1e4038778be6cd04bbce41b71dc128') in 0.020704 seconds 
========================================================================
Received Import Request.
  Time since last request: 1.777759 seconds.
  path: Assets/Samples/Mixed Reality Toolkit Examples/2.7.3/Demos - Utilities
  artifactKey: Guid(07ca637b82af78b41bda40ce75756e39) Importer(815301076,1909f56bfc062723c751e8b465ee728b)
Start importing Assets/Samples/Mixed Reality Toolkit Examples/2.7.3/Demos - Utilities using Guid(07ca637b82af78b41bda40ce75756e39) Importer(815301076,1909f56bfc062723c751e8b465ee728b)  -> (artifact id: '3b5e2c63e514bddf7dd40d9e34729674') in 0.004562 seconds 
========================================================================
Received Import Request.
  Time since last request: 8.293692 seconds.
  path: Assets/Samples/Mixed Reality Toolkit Examples/2.7.3/Demos - UX
  artifactKey: Guid(9a032f3fff57a874f820600107c36386) Importer(815301076,1909f56bfc062723c751e8b465ee728b)
Start importing Assets/Samples/Mixed Reality Toolkit Examples/2.7.3/Demos - UX using Guid(9a032f3fff57a874f820600107c36386) Importer(815301076,1909f56bfc062723c751e8b465ee728b)  -> (artifact id: '56ddbdc832980b2637fcb9b24a7500b7') in 0.006099 seconds 
========================================================================
Received Import Request.
  Time since last request: 0.670674 seconds.
  path: Assets/Samples/Mixed Reality Toolkit Examples/2.7.3/Experimental - CameraOffset
  artifactKey: Guid(22fa007a5668c234e82406ece9b7d451) Importer(815301076,1909f56bfc062723c751e8b465ee728b)
Start importing Assets/Samples/Mixed Reality Toolkit Examples/2.7.3/Experimental - CameraOffset using Guid(22fa007a5668c234e82406ece9b7d451) Importer(815301076,1909f56bfc062723c751e8b465ee728b)  -> (artifact id: '6b963ec26d5fd6c8912b4d83ef00fa71') in 0.004831 seconds 
========================================================================
Received Import Request.
  Time since last request: 3.084730 seconds.
  path: Assets/Samples/Mixed Reality Toolkit Examples/2.7.3/Experimental - ColorPicker
  artifactKey: Guid(2d3dcde879614204baf8da3ae6243c8d) Importer(815301076,1909f56bfc062723c751e8b465ee728b)
Start importing Assets/Samples/Mixed Reality Toolkit Examples/2.7.3/Experimental - ColorPicker using Guid(2d3dcde879614204baf8da3ae6243c8d) Importer(815301076,1909f56bfc062723c751e8b465ee728b)  -> (artifact id: 'aeef25e80f87e977dee232941cb73afb') in 0.008265 seconds 
========================================================================
Received Prepare
Registering precompiled user dll's ...
Registered in 0.006545 seconds.
Begin MonoManager ReloadAssembly
Symbol file LoadedFromMemory is not a mono symbol file
Native extension for UWP target not found
Native extension for WindowsStandalone target not found
Native extension for Android target not found
Native extension for WebGL target not found
Refreshing native plugins compatible for Editor in 4.77 ms, found 29 plugins.
Preloading 1 native plugins for Editor in 0.12 ms.
[XR] [MROpenXR][Info   ][19:36:09.379725][tid:5008] MicrosoftOpenXRPlugin_SetPluginEnvironment unityVersion=2021.2.15f1
[XR] [MROpenXR][Info   ][19:36:09.380061][tid:5008] MicrosoftOpenXRPlugin_SetPluginEnvironment openXRPluginVersion=1.3.1
[XR] [MROpenXR][Info   ][19:36:09.380097][tid:5008] MicrosoftOpenXRPlugin_SetPluginEnvironment mrOpenXRPluginVersion=1.3.1.0
Mono: successfully reloaded assembly
- Completed reload, in  3.623 seconds
Domain Reload Profiling:
	ReloadAssembly (3624ms)
		BeginReloadAssembly (326ms)
			ExecutionOrderSort (0ms)
			DisableScriptedObjects (21ms)
			BackupInstance (0ms)
			ReleaseScriptingObjects (1ms)
			CreateAndSetChildDomain (174ms)
		EndReloadAssembly (3223ms)
			LoadAssemblies (134ms)
			RebuildTransferFunctionScriptingTraits (0ms)
			SetupTypeCache (225ms)
			ReleaseScriptCaches (5ms)
			RebuildScriptCaches (81ms)
			SetupLoadedEditorAssemblies (2735ms)
				LogAssemblyErrors (0ms)
				InitializePlatformSupportModulesInManaged (23ms)
				SetLoadedEditorAssemblies (1ms)
				RefreshPlugins (5ms)
				BeforeProcessingInitializeOnLoad (99ms)
				ProcessInitializeOnLoadAttributes (318ms)
				ProcessInitializeOnLoadMethodAttributes (2285ms)
				AfterProcessingInitializeOnLoad (3ms)
				EditorAssembliesLoaded (0ms)
			ExecutionOrderSort2 (0ms)
			AwakeInstancesAfterBackupRestoration (8ms)
Platform modules already initialized, skipping
Script is not up to date after domain reload: guid(1f01460ac2b66dc4d96872a0feb0e8a9) path("Assets/Samples/Mixed Reality Toolkit Examples/2.7.3/Experimental - Joystick/JoystickSliders.cs") state(2)
Script is not up to date after domain reload: guid(19072639b32bffb49a63730594ba1f7a) path("Assets/Samples/Mixed Reality Toolkit Examples/2.7.3/Experimental - Elastic/Scripts/WidgetElasticDemo.cs") state(2)
Script is not up to date after domain reload: guid(71995ce77051ab143a796eea5908918c) path("Assets/Samples/Mixed Reality Toolkit Examples/2.7.3/Experimental - NonNativeKeyboard/Scripts/KeyboardTest.cs") state(2)
Script is not up to date after domain reload: guid(41ba1df839f79a14d8f74dc4aacddf91) path("Assets/Samples/Mixed Reality Toolkit Examples/2.7.3/Experimental - SceneUnderstanding/Scripts/DemoSceneUnderstandingController.cs") state(2)
Refreshing native plugins compatible for Editor in 6.16 ms, found 29 plugins.
Preloading 1 native plugins for Editor in 0.02 ms.
Unloading 5635 Unused Serialized files (Serialized files now loaded: 0)
Unloading 126 unused Assets / (1.9 MB). Loaded Objects now: 5987.
Memory consumption went from 259.3 MB to 257.4 MB.
Total: 7.868800 ms (FindLiveObjects: 0.377800 ms CreateObjectMapping: 0.266100 ms MarkObjects: 6.415100 ms  DeleteObjects: 0.808300 ms)

AssetImportParameters requested are different than current active one (requested -> active):
  custom:video-decoder-ogg-theora: a1e56fd34408186e4bbccfd4996cb3dc -> 
  custom:container-muxer-webm: aa71ff27fc2769a1b78a27578f13a17b -> 
  custom:container-demuxer-webm: 4f35f7cbe854078d1ac9338744f61a02 -> 
  custom:video-encoder-webm-vp8: eb34c28f22e8b96e1ab97ce403110664 -> 
  custom:audio-encoder-webm-vorbis: bf7c407c2cedff20999df2af8eb42d56 -> 
  custom:framework-win-MediaFoundation: 216162199b28c13a410421893ffa2e32 -> 
  custom:container-demuxer-ogg: 62fdf1f143b41e24485cea50d1cbac27 -> 
  custom:video-decoder-webm-vp8: 9c59270c3fd7afecdb556c50c9e8de78 -> 
  custom:audio-decoder-ogg-vorbis: bf7c407c2cedff20999df2af8eb42d56 -> 
========================================================================
Received Prepare
Registering precompiled user dll's ...
Registered in 0.005855 seconds.
Begin MonoManager ReloadAssembly
Symbol file LoadedFromMemory is not a mono symbol file
Native extension for UWP target not found
Native extension for WindowsStandalone target not found
Native extension for Android target not found
Native extension for WebGL target not found
Refreshing native plugins compatible for Editor in 1.59 ms, found 29 plugins.
Preloading 1 native plugins for Editor in 0.04 ms.
[XR] [MROpenXR][Info   ][19:36:22.876532][tid:5008] MicrosoftOpenXRPlugin_SetPluginEnvironment unityVersion=2021.2.15f1
[XR] [MROpenXR][Info   ][19:36:22.876893][tid:5008] MicrosoftOpenXRPlugin_SetPluginEnvironment openXRPluginVersion=1.3.1
[XR] [MROpenXR][Info   ][19:36:22.876934][tid:5008] MicrosoftOpenXRPlugin_SetPluginEnvironment mrOpenXRPluginVersion=1.3.1.0
Mono: successfully reloaded assembly
- Completed reload, in  1.542 seconds
Domain Reload Profiling:
	ReloadAssembly (1542ms)
		BeginReloadAssembly (111ms)
			ExecutionOrderSort (0ms)
			DisableScriptedObjects (3ms)
			BackupInstance (0ms)
			ReleaseScriptingObjects (0ms)
			CreateAndSetChildDomain (43ms)
		EndReloadAssembly (1357ms)
			LoadAssemblies (84ms)
			RebuildTransferFunctionScriptingTraits (0ms)
			SetupTypeCache (215ms)
			ReleaseScriptCaches (3ms)
			RebuildScriptCaches (80ms)
			SetupLoadedEditorAssemblies (923ms)
				LogAssemblyErrors (0ms)
				InitializePlatformSupportModulesInManaged (16ms)
				SetLoadedEditorAssemblies (1ms)
				RefreshPlugins (2ms)
				BeforeProcessingInitializeOnLoad (80ms)
				ProcessInitializeOnLoadAttributes (266ms)
				ProcessInitializeOnLoadMethodAttributes (553ms)
				AfterProcessingInitializeOnLoad (4ms)
				EditorAssembliesLoaded (0ms)
			ExecutionOrderSort2 (0ms)
			AwakeInstancesAfterBackupRestoration (8ms)
Platform modules already initialized, skipping
Refreshing native plugins compatible for Editor in 5.92 ms, found 29 plugins.
Preloading 1 native plugins for Editor in 0.03 ms.
Unloading 5675 Unused Serialized files (Serialized files now loaded: 0)
Unloading 120 unused Assets / (1.9 MB). Loaded Objects now: 5999.
Memory consumption went from 260.9 MB to 258.9 MB.
Total: 4.660000 ms (FindLiveObjects: 0.696100 ms CreateObjectMapping: 0.661600 ms MarkObjects: 3.049600 ms  DeleteObjects: 0.249900 ms)

AssetImportParameters requested are different than current active one (requested -> active):
  custom:video-decoder-ogg-theora: a1e56fd34408186e4bbccfd4996cb3dc -> 
  custom:container-muxer-webm: aa71ff27fc2769a1b78a27578f13a17b -> 
  custom:container-demuxer-webm: 4f35f7cbe854078d1ac9338744f61a02 -> 
  custom:video-encoder-webm-vp8: eb34c28f22e8b96e1ab97ce403110664 -> 
  custom:audio-encoder-webm-vorbis: bf7c407c2cedff20999df2af8eb42d56 -> 
  custom:framework-win-MediaFoundation: 216162199b28c13a410421893ffa2e32 -> 
  custom:container-demuxer-ogg: 62fdf1f143b41e24485cea50d1cbac27 -> 
  custom:video-decoder-webm-vp8: 9c59270c3fd7afecdb556c50c9e8de78 -> 
  custom:audio-decoder-ogg-vorbis: bf7c407c2cedff20999df2af8eb42d56 -> 
========================================================================
Received Import Request.
  Time since last request: 198.731075 seconds.
  path: Assets/Prefabs/Blue Vortex (1).prefab
  artifactKey: Guid(ad18d03c3052953469848ddc5d8ce98e) Importer(815301076,1909f56bfc062723c751e8b465ee728b)
Start importing Assets/Prefabs/Blue Vortex (1).prefab using Guid(ad18d03c3052953469848ddc5d8ce98e) Importer(815301076,1909f56bfc062723c751e8b465ee728b)  -> (artifact id: 'd8b687bc8418e289c83269b9397977f5') in 0.186653 seconds 
========================================================================
Received Import Request.
  Time since last request: 5.458981 seconds.
  path: Assets/Prefabs/Blue Vortex (1).prefab
  artifactKey: Guid(ad18d03c3052953469848ddc5d8ce98e) Importer(815301076,1909f56bfc062723c751e8b465ee728b)
Start importing Assets/Prefabs/Blue Vortex (1).prefab using Guid(ad18d03c3052953469848ddc5d8ce98e) Importer(815301076,1909f56bfc062723c751e8b465ee728b)  -> (artifact id: 'b494f5df99239eeca757889122861fb9') in 0.021930 seconds 
========================================================================
Received Import Request.
  Time since last request: 4.219472 seconds.
  path: Assets/Prefabs/VerticalScroll_FalloffPerItem.prefab
  artifactKey: Guid(5d5ad9d77745ed8419f3620c2bfc2b6b) Importer(815301076,1909f56bfc062723c751e8b465ee728b)
Start importing Assets/Prefabs/VerticalScroll_FalloffPerItem.prefab using Guid(5d5ad9d77745ed8419f3620c2bfc2b6b) Importer(815301076,1909f56bfc062723c751e8b465ee728b)  -> (artifact id: '112c55b24014f1f682d3d7153cdba34c') in 1.111150 seconds 
========================================================================
Received Import Request.
  Time since last request: 0.359611 seconds.
  path: Assets/Prefabs/Blue Vortex (1).prefab
  artifactKey: Guid(ad18d03c3052953469848ddc5d8ce98e) Importer(815301076,1909f56bfc062723c751e8b465ee728b)
Start importing Assets/Prefabs/Blue Vortex (1).prefab using Guid(ad18d03c3052953469848ddc5d8ce98e) Importer(815301076,1909f56bfc062723c751e8b465ee728b)  -> (artifact id: '094ec05c42ea0c92b335f8decc59a4c4') in 0.056105 seconds 
========================================================================
Received Import Request.
  Time since last request: 245.805385 seconds.
  path: Assets/MRTK.Tutorials.GettingStarted/Models/Chevron.fbx
  artifactKey: Guid(26b463364a211e146ba31bc5ea3f7e21) Importer(815301076,1909f56bfc062723c751e8b465ee728b)
Start importing Assets/MRTK.Tutorials.GettingStarted/Models/Chevron.fbx using Guid(26b463364a211e146ba31bc5ea3f7e21) Importer(815301076,1909f56bfc062723c751e8b465ee728b)  -> (artifact id: '2551991bcd5868227cd647cd5849c82f') in 0.199211 seconds 
========================================================================
Received Import Request.
  Time since last request: 7.007281 seconds.
  path: Assets/Scenes/Navigation.unity
  artifactKey: Guid(0b37183a86dc71142a2e720cefc9311d) Importer(815301076,1909f56bfc062723c751e8b465ee728b)
Start importing Assets/Scenes/Navigation.unity using Guid(0b37183a86dc71142a2e720cefc9311d) Importer(815301076,1909f56bfc062723c751e8b465ee728b)  -> (artifact id: 'b1018e65c54d3f7759cf963ada18a0b6') in 0.007946 seconds 
========================================================================
Received Prepare
Registering precompiled user dll's ...
Registered in 0.010456 seconds.
Begin MonoManager ReloadAssembly
Symbol file LoadedFromMemory is not a mono symbol file
Native extension for UWP target not found
Native extension for WindowsStandalone target not found
Native extension for Android target not found
Native extension for WebGL target not found
Refreshing native plugins compatible for Editor in 1.39 ms, found 29 plugins.
Preloading 1 native plugins for Editor in 0.04 ms.
[XR] [MROpenXR][Info   ][19:45:04.079992][tid:5008] MicrosoftOpenXRPlugin_SetPluginEnvironment unityVersion=2021.2.15f1
[XR] [MROpenXR][Info   ][19:45:04.080305][tid:5008] MicrosoftOpenXRPlugin_SetPluginEnvironment openXRPluginVersion=1.3.1
[XR] [MROpenXR][Info   ][19:45:04.080346][tid:5008] MicrosoftOpenXRPlugin_SetPluginEnvironment mrOpenXRPluginVersion=1.3.1.0
Mono: successfully reloaded assembly
- Completed reload, in  2.395 seconds
Domain Reload Profiling:
	ReloadAssembly (2396ms)
		BeginReloadAssembly (116ms)
			ExecutionOrderSort (0ms)
			DisableScriptedObjects (3ms)
			BackupInstance (0ms)
			ReleaseScriptingObjects (0ms)
			CreateAndSetChildDomain (46ms)
		EndReloadAssembly (2206ms)
			LoadAssemblies (83ms)
			RebuildTransferFunctionScriptingTraits (0ms)
			SetupTypeCache (206ms)
			ReleaseScriptCaches (3ms)
			RebuildScriptCaches (80ms)
			SetupLoadedEditorAssemblies (1782ms)
				LogAssemblyErrors (0ms)
				InitializePlatformSupportModulesInManaged (19ms)
				SetLoadedEditorAssemblies (0ms)
				RefreshPlugins (1ms)
				BeforeProcessingInitializeOnLoad (96ms)
				ProcessInitializeOnLoadAttributes (371ms)
				ProcessInitializeOnLoadMethodAttributes (1291ms)
				AfterProcessingInitializeOnLoad (3ms)
				EditorAssembliesLoaded (0ms)
			ExecutionOrderSort2 (0ms)
			AwakeInstancesAfterBackupRestoration (10ms)
Platform modules already initialized, skipping
Refreshing native plugins compatible for Editor in 11.03 ms, found 29 plugins.
Preloading 1 native plugins for Editor in 0.03 ms.
Unloading 5675 Unused Serialized files (Serialized files now loaded: 0)
Unloading 120 unused Assets / (1.9 MB). Loaded Objects now: 6042.
Memory consumption went from 261.3 MB to 259.3 MB.
Total: 4.903900 ms (FindLiveObjects: 0.459600 ms CreateObjectMapping: 0.238200 ms MarkObjects: 3.891100 ms  DeleteObjects: 0.313400 ms)

AssetImportParameters requested are different than current active one (requested -> active):
  custom:video-decoder-ogg-theora: a1e56fd34408186e4bbccfd4996cb3dc -> 
  custom:container-muxer-webm: aa71ff27fc2769a1b78a27578f13a17b -> 
  custom:container-demuxer-webm: 4f35f7cbe854078d1ac9338744f61a02 -> 
  custom:video-encoder-webm-vp8: eb34c28f22e8b96e1ab97ce403110664 -> 
  custom:audio-encoder-webm-vorbis: bf7c407c2cedff20999df2af8eb42d56 -> 
  custom:framework-win-MediaFoundation: 216162199b28c13a410421893ffa2e32 -> 
  custom:container-demuxer-ogg: 62fdf1f143b41e24485cea50d1cbac27 -> 
  custom:video-decoder-webm-vp8: 9c59270c3fd7afecdb556c50c9e8de78 -> 
  custom:audio-decoder-ogg-vorbis: bf7c407c2cedff20999df2af8eb42d56 -> 
========================================================================
Received Prepare
Registering precompiled user dll's ...
Registered in 0.006813 seconds.
Begin MonoManager ReloadAssembly
Symbol file LoadedFromMemory is not a mono symbol file
Native extension for UWP target not found
Native extension for WindowsStandalone target not found
Native extension for Android target not found
Native extension for WebGL target not found
Refreshing native plugins compatible for Editor in 1.34 ms, found 29 plugins.
Preloading 1 native plugins for Editor in 0.03 ms.
[XR] [MROpenXR][Info   ][19:45:15.228548][tid:5008] MicrosoftOpenXRPlugin_SetPluginEnvironment unityVersion=2021.2.15f1
[XR] [MROpenXR][Info   ][19:45:15.228881][tid:5008] MicrosoftOpenXRPlugin_SetPluginEnvironment openXRPluginVersion=1.3.1
[XR] [MROpenXR][Info   ][19:45:15.228920][tid:5008] MicrosoftOpenXRPlugin_SetPluginEnvironment mrOpenXRPluginVersion=1.3.1.0
Mono: successfully reloaded assembly
- Completed reload, in  1.473 seconds
Domain Reload Profiling:
	ReloadAssembly (1473ms)
		BeginReloadAssembly (125ms)
			ExecutionOrderSort (0ms)
			DisableScriptedObjects (3ms)
			BackupInstance (0ms)
			ReleaseScriptingObjects (0ms)
			CreateAndSetChildDomain (47ms)
		EndReloadAssembly (1256ms)
			LoadAssemblies (88ms)
			RebuildTransferFunctionScriptingTraits (0ms)
			SetupTypeCache (215ms)
			ReleaseScriptCaches (4ms)
			RebuildScriptCaches (83ms)
			SetupLoadedEditorAssemblies (824ms)
				LogAssemblyErrors (0ms)
				InitializePlatformSupportModulesInManaged (16ms)
				SetLoadedEditorAssemblies (1ms)
				RefreshPlugins (1ms)
				BeforeProcessingInitializeOnLoad (84ms)
				ProcessInitializeOnLoadAttributes (259ms)
				ProcessInitializeOnLoadMethodAttributes (457ms)
				AfterProcessingInitializeOnLoad (6ms)
				EditorAssembliesLoaded (0ms)
			ExecutionOrderSort2 (0ms)
			AwakeInstancesAfterBackupRestoration (8ms)
Platform modules already initialized, skipping
Refreshing native plugins compatible for Editor in 5.86 ms, found 29 plugins.
Preloading 1 native plugins for Editor in 0.03 ms.
Unloading 5675 Unused Serialized files (Serialized files now loaded: 0)
Unloading 120 unused Assets / (1.9 MB). Loaded Objects now: 6050.
Memory consumption went from 261.1 MB to 259.2 MB.
Total: 3.876100 ms (FindLiveObjects: 0.380500 ms CreateObjectMapping: 0.212900 ms MarkObjects: 3.035200 ms  DeleteObjects: 0.246400 ms)

AssetImportParameters requested are different than current active one (requested -> active):
  custom:video-decoder-ogg-theora: a1e56fd34408186e4bbccfd4996cb3dc -> 
  custom:container-muxer-webm: aa71ff27fc2769a1b78a27578f13a17b -> 
  custom:container-demuxer-webm: 4f35f7cbe854078d1ac9338744f61a02 -> 
  custom:video-encoder-webm-vp8: eb34c28f22e8b96e1ab97ce403110664 -> 
  custom:audio-encoder-webm-vorbis: bf7c407c2cedff20999df2af8eb42d56 -> 
  custom:framework-win-MediaFoundation: 216162199b28c13a410421893ffa2e32 -> 
  custom:container-demuxer-ogg: 62fdf1f143b41e24485cea50d1cbac27 -> 
  custom:video-decoder-webm-vp8: 9c59270c3fd7afecdb556c50c9e8de78 -> 
  custom:audio-decoder-ogg-vorbis: bf7c407c2cedff20999df2af8eb42d56 -> 
========================================================================
Received Import Request.
  Time since last request: 1052.701045 seconds.
  path: Assets/Samples/Mixed Reality Toolkit Examples/2.7.3/Experimental - Navigation/Teleport
  artifactKey: Guid(3dc041b7ef222144f9658f90e28b0e9b) Importer(815301076,1909f56bfc062723c751e8b465ee728b)
Start importing Assets/Samples/Mixed Reality Toolkit Examples/2.7.3/Experimental - Navigation/Teleport using Guid(3dc041b7ef222144f9658f90e28b0e9b) Importer(815301076,1909f56bfc062723c751e8b465ee728b)  -> (artifact id: '8d93915d77fcd99a2151704f8fb5b41a') in 0.057366 seconds 
========================================================================
Received Import Request.
  Time since last request: 0.000034 seconds.
  path: Assets/Samples/Mixed Reality Toolkit Examples/2.7.3/Experimental - Navigation/Teleport/TeleportMixedRealityInputSystemProfile.asset
  artifactKey: Guid(ddb1eb26506c111449ef46e4b2660e66) Importer(815301076,1909f56bfc062723c751e8b465ee728b)
Start importing Assets/Samples/Mixed Reality Toolkit Examples/2.7.3/Experimental - Navigation/Teleport/TeleportMixedRealityInputSystemProfile.asset using Guid(ddb1eb26506c111449ef46e4b2660e66) Importer(815301076,1909f56bfc062723c751e8b465ee728b)  -> (artifact id: 'ac343b6d2cb8ea5c98b07a1c9e40b78e') in 0.795823 seconds 
========================================================================
Received Import Request.
  Time since last request: 43.693281 seconds.
  path: Assets/Samples/Mixed Reality Toolkit Examples/2.7.3/Demos - Utilities/Scenes
  artifactKey: Guid(7c7c116747374594197486a80eef87fc) Importer(815301076,1909f56bfc062723c751e8b465ee728b)
Start importing Assets/Samples/Mixed Reality Toolkit Examples/2.7.3/Demos - Utilities/Scenes using Guid(7c7c116747374594197486a80eef87fc) Importer(815301076,1909f56bfc062723c751e8b465ee728b)  -> (artifact id: '9bc75b8fb9a2fcafbfa47e93556979b8') in 0.005735 seconds 
========================================================================
Received Import Request.
  Time since last request: 0.702756 seconds.
  path: Assets/Samples/Mixed Reality Toolkit Examples/2.7.3/Demos - Utilities/Scenes/MixedRealityCapabilityDemo.unity
  artifactKey: Guid(171fd198b95646a4689f47634d578899) Importer(815301076,1909f56bfc062723c751e8b465ee728b)
Start importing Assets/Samples/Mixed Reality Toolkit Examples/2.7.3/Demos - Utilities/Scenes/MixedRealityCapabilityDemo.unity using Guid(171fd198b95646a4689f47634d578899) Importer(815301076,1909f56bfc062723c751e8b465ee728b)  -> (artifact id: '0a819f75e70bddde0bb348ac9a1d959f') in 0.016719 seconds 
========================================================================
Received Import Request.
  Time since last request: 14.847367 seconds.
  path: Assets/Scenes/Hololens.unity
  artifactKey: Guid(b42c571c8b301fd48a254f4fcc7e983d) Importer(815301076,1909f56bfc062723c751e8b465ee728b)
Start importing Assets/Scenes/Hololens.unity using Guid(b42c571c8b301fd48a254f4fcc7e983d) Importer(815301076,1909f56bfc062723c751e8b465ee728b)  -> (artifact id: '0411c4fe9b6b9e6ea5e4a01018284823') in 0.047187 seconds 
========================================================================
Received Import Request.
  Time since last request: 2.172044 seconds.
  path: Assets/Scenes/Navigation.unity
  artifactKey: Guid(0b37183a86dc71142a2e720cefc9311d) Importer(815301076,1909f56bfc062723c751e8b465ee728b)
Start importing Assets/Scenes/Navigation.unity using Guid(0b37183a86dc71142a2e720cefc9311d) Importer(815301076,1909f56bfc062723c751e8b465ee728b)  -> (artifact id: '509f54417b9ff447489b998c85aa8196') in 0.005932 seconds 
========================================================================
Received Import Request.
  Time since last request: 1571.273898 seconds.
  path: Assets/Scenes/Waypoint.unity
  artifactKey: Guid(28c9aa3b5fc36814eaaf88dbcb960791) Importer(815301076,1909f56bfc062723c751e8b465ee728b)
Start importing Assets/Scenes/Waypoint.unity using Guid(28c9aa3b5fc36814eaaf88dbcb960791) Importer(815301076,1909f56bfc062723c751e8b465ee728b)  -> (artifact id: 'a306e238074e6993dcaf37ac41341caa') in 0.062084 seconds 
========================================================================
Received Import Request.
  Time since last request: 31.497924 seconds.
  path: Assets/Scenes/testy.unity
  artifactKey: Guid(2d215186d06837649920e2766075bcc3) Importer(815301076,1909f56bfc062723c751e8b465ee728b)
Start importing Assets/Scenes/testy.unity using Guid(2d215186d06837649920e2766075bcc3) Importer(815301076,1909f56bfc062723c751e8b465ee728b)  -> (artifact id: '922b7464a18fab294996eee4dec9cab9') in 0.020574 seconds 
========================================================================
Received Import Request.
  Time since last request: 3.710596 seconds.
  path: Assets/Scenes/Waypoint.unity
  artifactKey: Guid(28c9aa3b5fc36814eaaf88dbcb960791) Importer(815301076,1909f56bfc062723c751e8b465ee728b)
Start importing Assets/Scenes/Waypoint.unity using Guid(28c9aa3b5fc36814eaaf88dbcb960791) Importer(815301076,1909f56bfc062723c751e8b465ee728b)  -> (artifact id: 'edb7e63f3dbb68066678dcc53960eda9') in 0.002942 seconds 
========================================================================
Received Import Request.
  Time since last request: 19.939874 seconds.
  path: Assets/Scenes/test.unity
  artifactKey: Guid(c520ba154a3973345a05f562e3f9d077) Importer(815301076,1909f56bfc062723c751e8b465ee728b)
Start importing Assets/Scenes/test.unity using Guid(c520ba154a3973345a05f562e3f9d077) Importer(815301076,1909f56bfc062723c751e8b465ee728b)  -> (artifact id: '7fe32ea8e4986b58fe662e7f8b289946') in 0.005984 seconds 
========================================================================
Received Prepare
Registering precompiled user dll's ...
Registered in 0.009774 seconds.
Begin MonoManager ReloadAssembly
Symbol file LoadedFromMemory is not a mono symbol file
Native extension for UWP target not found
Native extension for WindowsStandalone target not found
Native extension for Android target not found
Native extension for WebGL target not found
Refreshing native plugins compatible for Editor in 3.76 ms, found 29 plugins.
Preloading 1 native plugins for Editor in 0.45 ms.
[XR] [MROpenXR][Info   ][20:29:06.172818][tid:5008] MicrosoftOpenXRPlugin_SetPluginEnvironment unityVersion=2021.2.15f1
[XR] [MROpenXR][Info   ][20:29:06.173556][tid:5008] MicrosoftOpenXRPlugin_SetPluginEnvironment openXRPluginVersion=1.3.1
[XR] [MROpenXR][Info   ][20:29:06.173597][tid:5008] MicrosoftOpenXRPlugin_SetPluginEnvironment mrOpenXRPluginVersion=1.3.1.0
Mono: successfully reloaded assembly
- Completed reload, in  3.756 seconds
Domain Reload Profiling:
	ReloadAssembly (3761ms)
		BeginReloadAssembly (588ms)
			ExecutionOrderSort (0ms)
			DisableScriptedObjects (69ms)
			BackupInstance (0ms)
			ReleaseScriptingObjects (0ms)
			CreateAndSetChildDomain (280ms)
		EndReloadAssembly (3082ms)
			LoadAssemblies (152ms)
			RebuildTransferFunctionScriptingTraits (0ms)
			SetupTypeCache (230ms)
			ReleaseScriptCaches (4ms)
			RebuildScriptCaches (89ms)
			SetupLoadedEditorAssemblies (2509ms)
				LogAssemblyErrors (0ms)
				InitializePlatformSupportModulesInManaged (33ms)
				SetLoadedEditorAssemblies (6ms)
				RefreshPlugins (4ms)
				BeforeProcessingInitializeOnLoad (118ms)
				ProcessInitializeOnLoadAttributes (469ms)
				ProcessInitializeOnLoadMethodAttributes (1874ms)
				AfterProcessingInitializeOnLoad (4ms)
				EditorAssembliesLoaded (0ms)
			ExecutionOrderSort2 (0ms)
			AwakeInstancesAfterBackupRestoration (9ms)
Platform modules already initialized, skipping
Refreshing native plugins compatible for Editor in 10.06 ms, found 29 plugins.
Preloading 1 native plugins for Editor in 0.02 ms.
Unloading 5675 Unused Serialized files (Serialized files now loaded: 0)
Unloading 120 unused Assets / (1.9 MB). Loaded Objects now: 6058.
Memory consumption went from 261.4 MB to 259.4 MB.
Total: 7.233000 ms (FindLiveObjects: 0.529900 ms CreateObjectMapping: 0.221000 ms MarkObjects: 6.046300 ms  DeleteObjects: 0.434600 ms)

AssetImportParameters requested are different than current active one (requested -> active):
  custom:video-decoder-ogg-theora: a1e56fd34408186e4bbccfd4996cb3dc -> 
  custom:container-muxer-webm: aa71ff27fc2769a1b78a27578f13a17b -> 
  custom:container-demuxer-webm: 4f35f7cbe854078d1ac9338744f61a02 -> 
  custom:video-encoder-webm-vp8: eb34c28f22e8b96e1ab97ce403110664 -> 
  custom:audio-encoder-webm-vorbis: bf7c407c2cedff20999df2af8eb42d56 -> 
  custom:framework-win-MediaFoundation: 216162199b28c13a410421893ffa2e32 -> 
  custom:container-demuxer-ogg: 62fdf1f143b41e24485cea50d1cbac27 -> 
  custom:video-decoder-webm-vp8: 9c59270c3fd7afecdb556c50c9e8de78 -> 
  custom:audio-decoder-ogg-vorbis: bf7c407c2cedff20999df2af8eb42d56 -> 
========================================================================
Received Prepare
Registering precompiled user dll's ...
Registered in 0.006811 seconds.
Begin MonoManager ReloadAssembly
Symbol file LoadedFromMemory is not a mono symbol file
Native extension for UWP target not found
Native extension for WindowsStandalone target not found
Native extension for Android target not found
Native extension for WebGL target not found
Refreshing native plugins compatible for Editor in 1.33 ms, found 29 plugins.
Preloading 1 native plugins for Editor in 0.03 ms.
[XR] [MROpenXR][Info   ][20:29:25.811983][tid:5008] MicrosoftOpenXRPlugin_SetPluginEnvironment unityVersion=2021.2.15f1
[XR] [MROpenXR][Info   ][20:29:25.812291][tid:5008] MicrosoftOpenXRPlugin_SetPluginEnvironment openXRPluginVersion=1.3.1
[XR] [MROpenXR][Info   ][20:29:25.812328][tid:5008] MicrosoftOpenXRPlugin_SetPluginEnvironment mrOpenXRPluginVersion=1.3.1.0
Mono: successfully reloaded assembly
- Completed reload, in  2.336 seconds
Domain Reload Profiling:
	ReloadAssembly (2337ms)
		BeginReloadAssembly (122ms)
			ExecutionOrderSort (0ms)
			DisableScriptedObjects (3ms)
			BackupInstance (0ms)
			ReleaseScriptingObjects (0ms)
			CreateAndSetChildDomain (42ms)
		EndReloadAssembly (2127ms)
			LoadAssemblies (95ms)
			RebuildTransferFunctionScriptingTraits (0ms)
			SetupTypeCache (194ms)
			ReleaseScriptCaches (3ms)
			RebuildScriptCaches (73ms)
			SetupLoadedEditorAssemblies (1718ms)
				LogAssemblyErrors (0ms)
				InitializePlatformSupportModulesInManaged (16ms)
				SetLoadedEditorAssemblies (0ms)
				RefreshPlugins (1ms)
				BeforeProcessingInitializeOnLoad (87ms)
				ProcessInitializeOnLoadAttributes (1056ms)
				ProcessInitializeOnLoadMethodAttributes (553ms)
				AfterProcessingInitializeOnLoad (4ms)
				EditorAssembliesLoaded (0ms)
			ExecutionOrderSort2 (0ms)
			AwakeInstancesAfterBackupRestoration (9ms)
Platform modules already initialized, skipping
Refreshing native plugins compatible for Editor in 6.40 ms, found 29 plugins.
Preloading 1 native plugins for Editor in 0.03 ms.
Unloading 5675 Unused Serialized files (Serialized files now loaded: 0)
Unloading 120 unused Assets / (1.9 MB). Loaded Objects now: 6066.
Memory consumption went from 261.4 MB to 259.5 MB.
Total: 3.857700 ms (FindLiveObjects: 0.489200 ms CreateObjectMapping: 0.282000 ms MarkObjects: 2.831300 ms  DeleteObjects: 0.253600 ms)

AssetImportParameters requested are different than current active one (requested -> active):
  custom:video-decoder-ogg-theora: a1e56fd34408186e4bbccfd4996cb3dc -> 
  custom:container-muxer-webm: aa71ff27fc2769a1b78a27578f13a17b -> 
  custom:container-demuxer-webm: 4f35f7cbe854078d1ac9338744f61a02 -> 
  custom:video-encoder-webm-vp8: eb34c28f22e8b96e1ab97ce403110664 -> 
  custom:audio-encoder-webm-vorbis: bf7c407c2cedff20999df2af8eb42d56 -> 
  custom:framework-win-MediaFoundation: 216162199b28c13a410421893ffa2e32 -> 
  custom:container-demuxer-ogg: 62fdf1f143b41e24485cea50d1cbac27 -> 
  custom:video-decoder-webm-vp8: 9c59270c3fd7afecdb556c50c9e8de78 -> 
  custom:audio-decoder-ogg-vorbis: bf7c407c2cedff20999df2af8eb42d56 -> 
========================================================================
Received Import Request.
  Time since last request: 120.524898 seconds.
  path: Assets/Scenes/sample.unity
  artifactKey: Guid(325d3e0840c9abb40ade74bf920d78dc) Importer(815301076,1909f56bfc062723c751e8b465ee728b)
Start importing Assets/Scenes/sample.unity using Guid(325d3e0840c9abb40ade74bf920d78dc) Importer(815301076,1909f56bfc062723c751e8b465ee728b)  -> (artifact id: '7daf388d0fcadb1956338c717f2457dc') in 0.059536 seconds 
========================================================================
Received Import Request.
  Time since last request: 282.630292 seconds.
  path: Assets/Textures/c.e.r.png
  artifactKey: Guid(597c38b92ee043c4f95a015402a9da64) Importer(815301076,1909f56bfc062723c751e8b465ee728b)
Start importing Assets/Textures/c.e.r.png using Guid(597c38b92ee043c4f95a015402a9da64) Importer(815301076,1909f56bfc062723c751e8b465ee728b)  -> (artifact id: '75e6b05a02c7f1299f064ee70ef5c155') in 0.195622 seconds 
========================================================================
Received Import Request.
  Time since last request: 0.000026 seconds.
  path: Assets/Textures/heart.png
  artifactKey: Guid(aac09dc0b5528034989ec6fb9eff70f4) Importer(815301076,1909f56bfc062723c751e8b465ee728b)
Start importing Assets/Textures/heart.png using Guid(aac09dc0b5528034989ec6fb9eff70f4) Importer(815301076,1909f56bfc062723c751e8b465ee728b)  -> (artifact id: '26048f94e07d53a621df6e0db84067f7') in 0.114061 seconds 
========================================================================
Received Import Request.
  Time since last request: 0.000038 seconds.
  path: Assets/Textures/MiniMap.renderTexture
  artifactKey: Guid(64870975df8956048b66b97dd6b4e14f) Importer(815301076,1909f56bfc062723c751e8b465ee728b)
Start importing Assets/Textures/MiniMap.renderTexture using Guid(64870975df8956048b66b97dd6b4e14f) Importer(815301076,1909f56bfc062723c751e8b465ee728b)  -> (artifact id: '3bfa965a4c264c2b0e80d8ac4a091994') in 0.103480 seconds 
========================================================================
Received Import Request.
  Time since last request: 0.000021 seconds.
  path: Assets/Textures/drive tube.png
  artifactKey: Guid(f7429d009ef740d4d8587f2fe3b01356) Importer(815301076,1909f56bfc062723c751e8b465ee728b)
Start importing Assets/Textures/drive tube.png using Guid(f7429d009ef740d4d8587f2fe3b01356) Importer(815301076,1909f56bfc062723c751e8b465ee728b)  -> (artifact id: '34a8103e6c38675e8c350dc453ac69bd') in 0.051811 seconds 
========================================================================
Received Import Request.
  Time since last request: 0.000023 seconds.
  path: Assets/Textures/MiniMap texture.renderTexture
  artifactKey: Guid(8233119966f748146beb589934182110) Importer(815301076,1909f56bfc062723c751e8b465ee728b)
Start importing Assets/Textures/MiniMap texture.renderTexture using Guid(8233119966f748146beb589934182110) Importer(815301076,1909f56bfc062723c751e8b465ee728b)  -> (artifact id: '52b6121b8a65b3cad713399a46cb0837') in 0.074422 seconds 
========================================================================
Received Import Request.
  Time since last request: 0.000032 seconds.
  path: Assets/Textures/d.s.b.png
  artifactKey: Guid(501466f4b31f9004d811f53bdfd3bfcc) Importer(815301076,1909f56bfc062723c751e8b465ee728b)
Start importing Assets/Textures/d.s.b.png using Guid(501466f4b31f9004d811f53bdfd3bfcc) Importer(815301076,1909f56bfc062723c751e8b465ee728b)  -> (artifact id: 'd15f837b2cc0cf67687be935469d9fc3') in 0.043616 seconds 
========================================================================
Received Import Request.
  Time since last request: 0.000017 seconds.
  path: Assets/Textures/clipboard1600.png
  artifactKey: Guid(042f9770257aa4540a2f8bfe1f4828a6) Importer(815301076,1909f56bfc062723c751e8b465ee728b)
Start importing Assets/Textures/clipboard1600.png using Guid(042f9770257aa4540a2f8bfe1f4828a6) Importer(815301076,1909f56bfc062723c751e8b465ee728b)  -> (artifact id: '24bf101ef1764f2a6225fba873b51b81') in 0.392289 seconds 
========================================================================
Received Import Request.
  Time since last request: 0.000025 seconds.
  path: Assets/Textures/MouseCursorrel.png
  artifactKey: Guid(a1ae9dd2cb22a844e915b694b95071be) Importer(815301076,1909f56bfc062723c751e8b465ee728b)
Start importing Assets/Textures/MouseCursorrel.png using Guid(a1ae9dd2cb22a844e915b694b95071be) Importer(815301076,1909f56bfc062723c751e8b465ee728b)  -> (artifact id: '37c5c8d034b26aa99560c3f5f2bc8b2e') in 0.050359 seconds 
========================================================================
Received Import Request.
  Time since last request: 0.016195 seconds.
  path: Assets/Textures/New Material.mat
  artifactKey: Guid(e453a683f6bf5ee40b7ea110078f51ec) Importer(815301076,1909f56bfc062723c751e8b465ee728b)
Start importing Assets/Textures/New Material.mat using Guid(e453a683f6bf5ee40b7ea110078f51ec) Importer(815301076,1909f56bfc062723c751e8b465ee728b)  -> (artifact id: '8ec216f906e51c853670f78f95c6c049') in 0.138491 seconds 
========================================================================
Received Import Request.
  Time since last request: 0.000021 seconds.
  path: Assets/Textures/rake.png
  artifactKey: Guid(30db5774daaf7bc42be241b257bcb043) Importer(815301076,1909f56bfc062723c751e8b465ee728b)
Start importing Assets/Textures/rake.png using Guid(30db5774daaf7bc42be241b257bcb043) Importer(815301076,1909f56bfc062723c751e8b465ee728b)  -> (artifact id: '705b720819d109729c122d010955006e') in 0.027423 seconds 
========================================================================
Received Import Request.
  Time since last request: 0.128139 seconds.
  path: Assets/Textures/s.r.c.png
  artifactKey: Guid(6a89b817961db6e4e80fc0b5a68e0ca8) Importer(815301076,1909f56bfc062723c751e8b465ee728b)
Start importing Assets/Textures/s.r.c.png using Guid(6a89b817961db6e4e80fc0b5a68e0ca8) Importer(815301076,1909f56bfc062723c751e8b465ee728b)  -> (artifact id: '8872c5e37eec3e85091719ae3c779052') in 0.072458 seconds 
========================================================================
Received Import Request.
  Time since last request: 0.000019 seconds.
  path: Assets/Textures/space texture.renderTexture
  artifactKey: Guid(16a8ee32e704cf245b800dd74d60a3bd) Importer(815301076,1909f56bfc062723c751e8b465ee728b)
Start importing Assets/Textures/space texture.renderTexture using Guid(16a8ee32e704cf245b800dd74d60a3bd) Importer(815301076,1909f56bfc062723c751e8b465ee728b)  -> (artifact id: 'd91f42d0310ad3c31480c617464fe587') in 0.038519 seconds 
========================================================================
Received Import Request.
  Time since last request: 23.664023 seconds.
  path: Assets/10 Particles over 60 seconds small.asset
  artifactKey: Guid(138d22f565a4b4c4d8f0bc717f6a0a28) Importer(815301076,1909f56bfc062723c751e8b465ee728b)
Start importing Assets/10 Particles over 60 seconds small.asset using Guid(138d22f565a4b4c4d8f0bc717f6a0a28) Importer(815301076,1909f56bfc062723c751e8b465ee728b)  -> (artifact id: 'faacbe43c73ddeb30b446f73e1e279ef') in 0.067468 seconds 
========================================================================
Received Import Request.
  Time since last request: 9.964537 seconds.
  path: Assets/Sprites/Mark.png
  artifactKey: Guid(d48f13ee52e1926449cc479739cca2aa) Importer(815301076,1909f56bfc062723c751e8b465ee728b)
Start importing Assets/Sprites/Mark.png using Guid(d48f13ee52e1926449cc479739cca2aa) Importer(815301076,1909f56bfc062723c751e8b465ee728b)  -> (artifact id: '329d91ca5c60c0b1d1cddbae908c88fc') in 0.056294 seconds 
========================================================================
Received Import Request.
  Time since last request: 10.290206 seconds.
  path: Assets/Sprites/Mark.png
  artifactKey: Guid(d48f13ee52e1926449cc479739cca2aa) Importer(815301076,1909f56bfc062723c751e8b465ee728b)
Start importing Assets/Sprites/Mark.png using Guid(d48f13ee52e1926449cc479739cca2aa) Importer(815301076,1909f56bfc062723c751e8b465ee728b)  -> (artifact id: '573c55a239ec2c4be06added0f139b7c') in 0.066221 seconds 
========================================================================
Received Prepare
Registering precompiled user dll's ...
Registered in 0.007514 seconds.
Begin MonoManager ReloadAssembly
Symbol file LoadedFromMemory is not a mono symbol file
Native extension for UWP target not found
Native extension for WindowsStandalone target not found
Native extension for Android target not found
Native extension for WebGL target not found
Refreshing native plugins compatible for Editor in 1.46 ms, found 29 plugins.
Preloading 1 native plugins for Editor in 0.06 ms.
[ScriptCompilation] NOT recompiling all scripts because this is an import worker process. Reason to compile was: Define symbols changed
[XR] [MROpenXR][Info   ][21:01:25.331322][tid:5008] MicrosoftOpenXRPlugin_SetPluginEnvironment unityVersion=2021.2.15f1
[XR] [MROpenXR][Info   ][21:01:25.331718][tid:5008] MicrosoftOpenXRPlugin_SetPluginEnvironment openXRPluginVersion=1.3.1
[XR] [MROpenXR][Info   ][21:01:25.331761][tid:5008] MicrosoftOpenXRPlugin_SetPluginEnvironment mrOpenXRPluginVersion=1.3.1.0
Mono: successfully reloaded assembly
- Completed reload, in  6.211 seconds
Domain Reload Profiling:
	ReloadAssembly (6214ms)
		BeginReloadAssembly (320ms)
			ExecutionOrderSort (0ms)
			DisableScriptedObjects (20ms)
			BackupInstance (0ms)
			ReleaseScriptingObjects (0ms)
			CreateAndSetChildDomain (128ms)
		EndReloadAssembly (5818ms)
			LoadAssemblies (201ms)
			RebuildTransferFunctionScriptingTraits (0ms)
			SetupTypeCache (217ms)
			ReleaseScriptCaches (4ms)
			RebuildScriptCaches (76ms)
			SetupLoadedEditorAssemblies (5309ms)
				LogAssemblyErrors (0ms)
				InitializePlatformSupportModulesInManaged (16ms)
				SetLoadedEditorAssemblies (2ms)
				RefreshPlugins (2ms)
				BeforeProcessingInitializeOnLoad (82ms)
				ProcessInitializeOnLoadAttributes (358ms)
				ProcessInitializeOnLoadMethodAttributes (4846ms)
				AfterProcessingInitializeOnLoad (4ms)
				EditorAssembliesLoaded (0ms)
			ExecutionOrderSort2 (0ms)
			AwakeInstancesAfterBackupRestoration (9ms)
Platform modules already initialized, skipping
Refreshing native plugins compatible for Editor in 9.27 ms, found 29 plugins.
Preloading 1 native plugins for Editor in 0.03 ms.
Unloading 5805 Unused Serialized files (Serialized files now loaded: 0)
Unloading 141 unused Assets / (6.2 MB). Loaded Objects now: 6200.
Memory consumption went from 276.4 MB to 270.2 MB.
Total: 7.535600 ms (FindLiveObjects: 0.485000 ms CreateObjectMapping: 0.265500 ms MarkObjects: 4.839300 ms  DeleteObjects: 1.944600 ms)

AssetImportParameters requested are different than current active one (requested -> active):
  custom:video-decoder-ogg-theora: a1e56fd34408186e4bbccfd4996cb3dc -> 
  custom:container-muxer-webm: aa71ff27fc2769a1b78a27578f13a17b -> 
  custom:container-demuxer-webm: 4f35f7cbe854078d1ac9338744f61a02 -> 
  custom:video-encoder-webm-vp8: eb34c28f22e8b96e1ab97ce403110664 -> 
  custom:audio-encoder-webm-vorbis: bf7c407c2cedff20999df2af8eb42d56 -> 
  custom:framework-win-MediaFoundation: 216162199b28c13a410421893ffa2e32 -> 
  custom:container-demuxer-ogg: 62fdf1f143b41e24485cea50d1cbac27 -> 
  custom:video-decoder-webm-vp8: 9c59270c3fd7afecdb556c50c9e8de78 -> 
  custom:audio-decoder-ogg-vorbis: bf7c407c2cedff20999df2af8eb42d56 -> 
