Using pre-set license
Built from '2021.2/release' branch; Version is '2021.2.15f1 (3b8567f665bb) revision 3900775'; Using compiler version '192829333'; Build Type 'Release'
OS: 'Windows 11  (10.0.22000) 64bit Core' Language: 'en' Physical Memory: 16015 MB
BatchMode: 1, IsHumanControllingUs: 0, StartBugReporterOnCrash: 0, Is64bit: 1, IsPro: 1

COMMAND LINE ARGUMENTS:
C:\Program Files\Unity\Hub\Editor\2021.2.15f1\Editor\Unity.exe
-adb2
-batchMode
-noUpm
-name
AssetImportWorker14
-projectPath
D:/NASA-SUITS-AR-Displays
-logFile
Logs/AssetImportWorker14.log
-srvPort
60910
Successfully changed project path to: D:/NASA-SUITS-AR-Displays
D:/NASA-SUITS-AR-Displays
[UnityMemory] Configuration Parameters - Can be set up in boot.config
    "memorysetup-bucket-allocator-granularity=16"
    "memorysetup-bucket-allocator-bucket-count=8"
    "memorysetup-bucket-allocator-block-size=33554432"
    "memorysetup-bucket-allocator-block-count=8"
    "memorysetup-main-allocator-block-size=16777216"
    "memorysetup-thread-allocator-block-size=16777216"
    "memorysetup-gfx-main-allocator-block-size=16777216"
    "memorysetup-gfx-thread-allocator-block-size=16777216"
    "memorysetup-cache-allocator-block-size=4194304"
    "memorysetup-typetree-allocator-block-size=2097152"
    "memorysetup-profiler-bucket-allocator-granularity=16"
    "memorysetup-profiler-bucket-allocator-bucket-count=8"
    "memorysetup-profiler-bucket-allocator-block-size=33554432"
    "memorysetup-profiler-bucket-allocator-block-count=8"
    "memorysetup-profiler-allocator-block-size=16777216"
    "memorysetup-profiler-editor-allocator-block-size=1048576"
    "memorysetup-temp-allocator-size-main=16777216"
    "memorysetup-job-temp-allocator-block-size=2097152"
    "memorysetup-job-temp-allocator-block-size-background=1048576"
    "memorysetup-job-temp-allocator-reduction-small-platforms=262144"
    "memorysetup-temp-allocator-size-background-worker=32768"
    "memorysetup-temp-allocator-size-job-worker=262144"
    "memorysetup-temp-allocator-size-preload-manager=33554432"
    "memorysetup-temp-allocator-size-nav-mesh-worker=65536"
    "memorysetup-temp-allocator-size-audio-worker=65536"
    "memorysetup-temp-allocator-size-cloud-worker=32768"
    "memorysetup-temp-allocator-size-gi-baking-worker=262144"
    "memorysetup-temp-allocator-size-gfx=262144"
Refreshing native plugins compatible for Editor in 103.55 ms, found 23 plugins.
Preloading 1 native plugins for Editor in 1.02 ms.
Initialize engine version: 2021.2.15f1 (3b8567f665bb)
[Subsystems] Discovering subsystems at path C:/Program Files/Unity/Hub/Editor/2021.2.15f1/Editor/Data/Resources/UnitySubsystems
[Subsystems] Discovering subsystems at path D:/NASA-SUITS-AR-Displays/Assets
GfxDevice: creating device client; threaded=0; jobified=0
Direct3D:
    Version:  Direct3D 11.0 [level 11.1]
    Renderer: NVIDIA GeForce MX330 (ID=0x1d16)
    Vendor:   NVIDIA
    VRAM:     1983 MB
    Driver:   30.0.14.7141
Initialize mono
Mono path[0] = 'C:/Program Files/Unity/Hub/Editor/2021.2.15f1/Editor/Data/Managed'
Mono path[1] = 'C:/Program Files/Unity/Hub/Editor/2021.2.15f1/Editor/Data/MonoBleedingEdge/lib/mono/unityjit-win32'
Mono config path = 'C:/Program Files/Unity/Hub/Editor/2021.2.15f1/Editor/Data/MonoBleedingEdge/etc'
Using monoOptions --debugger-agent=transport=dt_socket,embedding=1,server=y,suspend=n,address=127.0.0.1:56556
Begin MonoManager ReloadAssembly
Registering precompiled unity dll's ...
Register platform support module: C:/Program Files/Unity/Hub/Editor/2021.2.15f1/Editor/Data/PlaybackEngines/WebGLSupport/UnityEditor.WebGL.Extensions.dll
Register platform support module: C:/Program Files/Unity/Hub/Editor/2021.2.15f1/Editor/Data/PlaybackEngines/AndroidPlayer/UnityEditor.Android.Extensions.dll
Register platform support module: C:/Program Files/Unity/Hub/Editor/2021.2.15f1/Editor/Data/PlaybackEngines/WindowsStandaloneSupport/UnityEditor.WindowsStandalone.Extensions.dll
Register platform support module: C:/Program Files/Unity/Hub/Editor/2021.2.15f1/Editor/Data/PlaybackEngines/MetroSupport/UnityEditor.UWP.Extensions.dll
Registered in 0.004998 seconds.
Native extension for UWP target not found
Native extension for WindowsStandalone target not found
Native extension for Android target not found
Native extension for WebGL target not found
Refreshing native plugins compatible for Editor in 71.09 ms, found 23 plugins.
Preloading 1 native plugins for Editor in 0.17 ms.
Mono: successfully reloaded assembly
- Completed reload, in  0.566 seconds
Domain Reload Profiling:
	ReloadAssembly (566ms)
		BeginReloadAssembly (62ms)
			ExecutionOrderSort (0ms)
			DisableScriptedObjects (0ms)
			BackupInstance (0ms)
			ReleaseScriptingObjects (0ms)
			CreateAndSetChildDomain (1ms)
		EndReloadAssembly (408ms)
			LoadAssemblies (60ms)
			RebuildTransferFunctionScriptingTraits (0ms)
			SetupTypeCache (102ms)
			ReleaseScriptCaches (0ms)
			RebuildScriptCaches (22ms)
			SetupLoadedEditorAssemblies (240ms)
				LogAssemblyErrors (0ms)
				InitializePlatformSupportModulesInManaged (48ms)
				SetLoadedEditorAssemblies (0ms)
				RefreshPlugins (71ms)
				BeforeProcessingInitializeOnLoad (1ms)
				ProcessInitializeOnLoadAttributes (83ms)
				ProcessInitializeOnLoadMethodAttributes (37ms)
				AfterProcessingInitializeOnLoad (0ms)
				EditorAssembliesLoaded (0ms)
			ExecutionOrderSort2 (0ms)
			AwakeInstancesAfterBackupRestoration (0ms)
Platform modules already initialized, skipping
Registering precompiled user dll's ...
Registered in 0.006074 seconds.
Begin MonoManager ReloadAssembly
Symbol file LoadedFromMemory is not a mono symbol file
Native extension for UWP target not found
Native extension for WindowsStandalone target not found
Native extension for Android target not found
Native extension for WebGL target not found
Refreshing native plugins compatible for Editor in 83.97 ms, found 23 plugins.
Preloading 1 native plugins for Editor in 0.06 ms.
[XR] [MROpenXR][Info   ][15:43:12.273439][tid:926c] MeshProvider_RegisterLifecycleProvider
[XR] [MROpenXR][Info   ][15:43:12.312442][tid:926c] InputProvider_RegisterLifeCycleProvider
[XR] [MROpenXR][Info   ][15:43:12.313544][tid:926c] MicrosoftOpenXRPlugin_SetPluginEnvironment unityVersion=2021.2.15f1
[XR] Error loading subsystem: Display (1) (header mismatch?)
[XR] [MROpenXR][Info   ][15:43:12.360272][tid:926c] MicrosoftOpenXRPlugin_SetPluginEnvironment openXRPluginVersion=1.3.1
[XR] [MROpenXR][Info   ][15:43:12.360421][tid:926c] MicrosoftOpenXRPlugin_SetPluginEnvironment mrOpenXRPluginVersion=1.3.1.0
[XR] [MROpenXR][Info   ][15:43:12.360691][tid:926c] OnPluginStarted UnityVersion=2021.2.15f1 OpenXRPluginVersion=1.3.1 MROpenXRPluginVersion=1.3.1.0 PartA_PrivTags=33554432
Mono: successfully reloaded assembly
Package Manager log level set to [2]
- Completed reload, in  2.733 seconds
Domain Reload Profiling:
	ReloadAssembly (2734ms)
		BeginReloadAssembly (252ms)
			ExecutionOrderSort (0ms)
			DisableScriptedObjects (10ms)
			BackupInstance (0ms)
			ReleaseScriptingObjects (0ms)
			CreateAndSetChildDomain (127ms)
		EndReloadAssembly (2363ms)
			LoadAssemblies (123ms)
			RebuildTransferFunctionScriptingTraits (0ms)
			SetupTypeCache (273ms)
			ReleaseScriptCaches (1ms)
			RebuildScriptCaches (90ms)
			SetupLoadedEditorAssemblies (1840ms)
				LogAssemblyErrors (0ms)
				InitializePlatformSupportModulesInManaged (18ms)
				SetLoadedEditorAssemblies (0ms)
				RefreshPlugins (84ms)
				BeforeProcessingInitializeOnLoad (101ms)
				ProcessInitializeOnLoadAttributes (536ms)
				ProcessInitializeOnLoadMethodAttributes (1095ms)
				AfterProcessingInitializeOnLoad (5ms)
				EditorAssembliesLoaded (0ms)
			ExecutionOrderSort2 (0ms)
			AwakeInstancesAfterBackupRestoration (3ms)
Platform modules already initialized, skipping
========================================================================
Worker process is ready to serve import requests
Launched and connected shader compiler UnityShaderCompiler.exe after 0.07 seconds
Refreshing native plugins compatible for Editor in 1.29 ms, found 23 plugins.
Preloading 1 native plugins for Editor in 0.04 ms.
Unloading 5506 Unused Serialized files (Serialized files now loaded: 0)
Unloading 698 unused Assets / (3.6 MB). Loaded Objects now: 5833.
Memory consumption went from 253.7 MB to 250.2 MB.
Total: 6.264000 ms (FindLiveObjects: 0.459700 ms CreateObjectMapping: 0.241300 ms MarkObjects: 4.128300 ms  DeleteObjects: 1.433200 ms)

AssetImportParameters requested are different than current active one (requested -> active):
  custom:video-decoder-ogg-theora: a1e56fd34408186e4bbccfd4996cb3dc -> 
  custom:container-muxer-webm: aa71ff27fc2769a1b78a27578f13a17b -> 
  custom:container-demuxer-webm: 4f35f7cbe854078d1ac9338744f61a02 -> 
  custom:video-encoder-webm-vp8: eb34c28f22e8b96e1ab97ce403110664 -> 
  custom:audio-encoder-webm-vorbis: bf7c407c2cedff20999df2af8eb42d56 -> 
  custom:framework-win-MediaFoundation: 216162199b28c13a410421893ffa2e32 -> 
  custom:container-demuxer-ogg: 62fdf1f143b41e24485cea50d1cbac27 -> 
  custom:video-decoder-webm-vp8: 9c59270c3fd7afecdb556c50c9e8de78 -> 
  custom:audio-decoder-ogg-vorbis: bf7c407c2cedff20999df2af8eb42d56 -> 
========================================================================
Received Import Request.
  Time since last request: 781283.444835 seconds.
  path: Assets/MRTK/Shaders/MixedRealityShaderUtils.cginc
  artifactKey: Guid(dfab24eea71ce3745be340d7a24fe8eb) Importer(815301076,1909f56bfc062723c751e8b465ee728b)
Start importing Assets/MRTK/Shaders/MixedRealityShaderUtils.cginc using Guid(dfab24eea71ce3745be340d7a24fe8eb) Importer(815301076,1909f56bfc062723c751e8b465ee728b)  -> (artifact id: 'ab5c2a9e25462dacb5f735fa4db3aef2') in 0.222419 seconds 
========================================================================
Received Prepare
Registering precompiled user dll's ...
Registered in 0.005705 seconds.
Begin MonoManager ReloadAssembly
Symbol file LoadedFromMemory is not a mono symbol file
Native extension for UWP target not found
Native extension for WindowsStandalone target not found
Native extension for Android target not found
Native extension for WebGL target not found
Refreshing native plugins compatible for Editor in 1.49 ms, found 29 plugins.
Preloading 1 native plugins for Editor in 0.03 ms.
[XR] [MROpenXR][Info   ][15:47:39.523819][tid:926c] MicrosoftOpenXRPlugin_SetPluginEnvironment unityVersion=2021.2.15f1
[XR] [MROpenXR][Info   ][15:47:39.524129][tid:926c] MicrosoftOpenXRPlugin_SetPluginEnvironment openXRPluginVersion=1.3.1
[XR] [MROpenXR][Info   ][15:47:39.524168][tid:926c] MicrosoftOpenXRPlugin_SetPluginEnvironment mrOpenXRPluginVersion=1.3.1.0
[XR] [MROpenXR][Info   ][15:47:39.524217][tid:926c] OnPluginStarted UnityVersion=2021.2.15f1 OpenXRPluginVersion=1.3.1 MROpenXRPluginVersion=1.3.1.0 PartA_PrivTags=33554432
Mono: successfully reloaded assembly
- Completed reload, in  9.242 seconds
Domain Reload Profiling:
	ReloadAssembly (9243ms)
		BeginReloadAssembly (166ms)
			ExecutionOrderSort (0ms)
			DisableScriptedObjects (3ms)
			BackupInstance (0ms)
			ReleaseScriptingObjects (0ms)
			CreateAndSetChildDomain (57ms)
		EndReloadAssembly (8941ms)
			LoadAssemblies (2449ms)
			RebuildTransferFunctionScriptingTraits (0ms)
			SetupTypeCache (226ms)
			ReleaseScriptCaches (3ms)
			RebuildScriptCaches (89ms)
			SetupLoadedEditorAssemblies (6157ms)
				LogAssemblyErrors (0ms)
				InitializePlatformSupportModulesInManaged (18ms)
				SetLoadedEditorAssemblies (0ms)
				RefreshPlugins (2ms)
				BeforeProcessingInitializeOnLoad (86ms)
				ProcessInitializeOnLoadAttributes (3750ms)
				ProcessInitializeOnLoadMethodAttributes (2297ms)
				AfterProcessingInitializeOnLoad (4ms)
				EditorAssembliesLoaded (0ms)
			ExecutionOrderSort2 (0ms)
			AwakeInstancesAfterBackupRestoration (8ms)
Platform modules already initialized, skipping
Refreshing native plugins compatible for Editor in 1082.66 ms, found 29 plugins.
Preloading 1 native plugins for Editor in 0.11 ms.
Unloading 5423 Unused Serialized files (Serialized files now loaded: 0)
Unloading 120 unused Assets / (1.9 MB). Loaded Objects now: 5855.
Memory consumption went from 246.8 MB to 244.9 MB.
Total: 3.711300 ms (FindLiveObjects: 0.328800 ms CreateObjectMapping: 0.242700 ms MarkObjects: 2.914300 ms  DeleteObjects: 0.224600 ms)

AssetImportParameters requested are different than current active one (requested -> active):
  custom:video-decoder-ogg-theora: a1e56fd34408186e4bbccfd4996cb3dc -> 
  custom:container-muxer-webm: aa71ff27fc2769a1b78a27578f13a17b -> 
  custom:container-demuxer-webm: 4f35f7cbe854078d1ac9338744f61a02 -> 
  custom:video-encoder-webm-vp8: eb34c28f22e8b96e1ab97ce403110664 -> 
  custom:audio-encoder-webm-vorbis: bf7c407c2cedff20999df2af8eb42d56 -> 
  custom:framework-win-MediaFoundation: 216162199b28c13a410421893ffa2e32 -> 
  custom:container-demuxer-ogg: 62fdf1f143b41e24485cea50d1cbac27 -> 
  custom:video-decoder-webm-vp8: 9c59270c3fd7afecdb556c50c9e8de78 -> 
  custom:audio-decoder-ogg-vorbis: bf7c407c2cedff20999df2af8eb42d56 -> 
========================================================================
Received Import Request.
  Time since last request: 13459.887294 seconds.
  path: Assets/Prefabs/Blue Marine.prefab
  artifactKey: Guid(460b34b134541294fb8beadd1ab6bf47) Importer(815301076,1909f56bfc062723c751e8b465ee728b)
Start importing Assets/Prefabs/Blue Marine.prefab using Guid(460b34b134541294fb8beadd1ab6bf47) Importer(815301076,1909f56bfc062723c751e8b465ee728b)  -> (artifact id: '8505953aaf3ea06a0814c9e37dacc6f9') in 3.320178 seconds 
========================================================================
Received Import Request.
  Time since last request: 0.000053 seconds.
  path: Assets/Prefabs/Celestial Green.prefab
  artifactKey: Guid(1367512932270e64ebe4cdf00532ad3a) Importer(815301076,1909f56bfc062723c751e8b465ee728b)
Start importing Assets/Prefabs/Celestial Green.prefab using Guid(1367512932270e64ebe4cdf00532ad3a) Importer(815301076,1909f56bfc062723c751e8b465ee728b)  -> (artifact id: 'fd579dc5680743e38aac300d9fb863b5') in 1.699429 seconds 
========================================================================
Received Import Request.
  Time since last request: 0.000043 seconds.
  path: Assets/Prefabs/CeilingLights.prefab
  artifactKey: Guid(37fae0d3246bf664c98cb48893902ca3) Importer(815301076,1909f56bfc062723c751e8b465ee728b)
Start importing Assets/Prefabs/CeilingLights.prefab using Guid(37fae0d3246bf664c98cb48893902ca3) Importer(815301076,1909f56bfc062723c751e8b465ee728b)  -> (artifact id: '39d996202748745238126c3d0c616b65') in 0.256257 seconds 
========================================================================
Received Import Request.
  Time since last request: 0.000029 seconds.
  path: Assets/Prefabs/Blue Vortex (1).prefab
  artifactKey: Guid(ad18d03c3052953469848ddc5d8ce98e) Importer(815301076,1909f56bfc062723c751e8b465ee728b)
Start importing Assets/Prefabs/Blue Vortex (1).prefab using Guid(ad18d03c3052953469848ddc5d8ce98e) Importer(815301076,1909f56bfc062723c751e8b465ee728b)  -> (artifact id: 'c2d17d3156f7cec5a2dd6cb6e806ef48') in 0.468749 seconds 
========================================================================
Received Import Request.
  Time since last request: 0.000191 seconds.
  path: Assets/Prefabs/Canvas.prefab
  artifactKey: Guid(5442650611e7bd940acbbac2cadf39ca) Importer(815301076,1909f56bfc062723c751e8b465ee728b)
Start importing Assets/Prefabs/Canvas.prefab using Guid(5442650611e7bd940acbbac2cadf39ca) Importer(815301076,1909f56bfc062723c751e8b465ee728b)  -> (artifact id: '5e706af187c9fa3091ac3416c37864dd') in 0.213936 seconds 
========================================================================
Received Import Request.
  Time since last request: 0.000035 seconds.
  path: Assets/Prefabs/Dark Strawberry.prefab
  artifactKey: Guid(02705c9341492e243bdd4cca53eb7f03) Importer(815301076,1909f56bfc062723c751e8b465ee728b)
Start importing Assets/Prefabs/Dark Strawberry.prefab using Guid(02705c9341492e243bdd4cca53eb7f03) Importer(815301076,1909f56bfc062723c751e8b465ee728b)  -> (artifact id: 'b8185b1597af5ee3bc41bf91518488ab') in 0.339308 seconds 
========================================================================
Received Import Request.
  Time since last request: 0.000047 seconds.
  path: Assets/Prefabs/Digital Nest.prefab
  artifactKey: Guid(b870e8b3cf807a440a1ed334287f38da) Importer(815301076,1909f56bfc062723c751e8b465ee728b)
Start importing Assets/Prefabs/Digital Nest.prefab using Guid(b870e8b3cf807a440a1ed334287f38da) Importer(815301076,1909f56bfc062723c751e8b465ee728b)  -> (artifact id: '22aa1dd5a67f465a8ef4a78f18fa4dab') in 0.478047 seconds 
========================================================================
Received Import Request.
  Time since last request: 35.299028 seconds.
  path: Assets/Prefabs/Confetti.prefab
  artifactKey: Guid(3f1c429d69681494a9cebc007ca979f1) Importer(815301076,1909f56bfc062723c751e8b465ee728b)
Start importing Assets/Prefabs/Confetti.prefab using Guid(3f1c429d69681494a9cebc007ca979f1) Importer(815301076,1909f56bfc062723c751e8b465ee728b)  -> (artifact id: '53d7ebd6c389b906b407aa2edf17165e') in 0.078521 seconds 
========================================================================
Received Import Request.
  Time since last request: 6.652137 seconds.
  path: Assets/Prefabs/Emerald Simple.prefab
  artifactKey: Guid(aba1b6df1b5573542840000abe418390) Importer(815301076,1909f56bfc062723c751e8b465ee728b)
Start importing Assets/Prefabs/Emerald Simple.prefab using Guid(aba1b6df1b5573542840000abe418390) Importer(815301076,1909f56bfc062723c751e8b465ee728b)  -> (artifact id: '48d3e4ea96c4dd0b8dff44eb394e0d40') in 0.960062 seconds 
========================================================================
Received Import Request.
  Time since last request: 0.000040 seconds.
  path: Assets/Prefabs/HoloInterfaces 1.prefab
  artifactKey: Guid(bda070f5bcf76b54995e342a80edb93a) Importer(815301076,1909f56bfc062723c751e8b465ee728b)
Start importing Assets/Prefabs/HoloInterfaces 1.prefab using Guid(bda070f5bcf76b54995e342a80edb93a) Importer(815301076,1909f56bfc062723c751e8b465ee728b)  -> (artifact id: 'ffe8886e78600963136eaaeb30e56466') in 1.998906 seconds 
========================================================================
Received Import Request.
  Time since last request: 0.000045 seconds.
  path: Assets/Prefabs/GetData.prefab
  artifactKey: Guid(9a72755f11905334ea5f2de0b337a61a) Importer(815301076,1909f56bfc062723c751e8b465ee728b)
Start importing Assets/Prefabs/GetData.prefab using Guid(9a72755f11905334ea5f2de0b337a61a) Importer(815301076,1909f56bfc062723c751e8b465ee728b)  -> (artifact id: '17878bc307eb1a91ca214e55e78e1a7c') in 0.034046 seconds 
========================================================================
Received Import Request.
  Time since last request: 59.959473 seconds.
  path: Assets/Prefabs/MiniMapCamera.prefab
  artifactKey: Guid(884138f7b12542f4b85042c2b4fb3cf8) Importer(815301076,1909f56bfc062723c751e8b465ee728b)
Start importing Assets/Prefabs/MiniMapCamera.prefab using Guid(884138f7b12542f4b85042c2b4fb3cf8) Importer(815301076,1909f56bfc062723c751e8b465ee728b)  -> (artifact id: 'c0e6b6af9822b62275b9707e643ae53a') in 0.229890 seconds 
========================================================================
Received Import Request.
  Time since last request: 0.060788 seconds.
  path: Assets/Prefabs/Note Taking 1.prefab
  artifactKey: Guid(45f2815f8e16f37428c6087ecec8e4fc) Importer(815301076,1909f56bfc062723c751e8b465ee728b)
Start importing Assets/Prefabs/Note Taking 1.prefab using Guid(45f2815f8e16f37428c6087ecec8e4fc) Importer(815301076,1909f56bfc062723c751e8b465ee728b)  -> (artifact id: 'c285afe6115c72594b9cee2b96b2e2c1') in 0.083731 seconds 
========================================================================
Received Import Request.
  Time since last request: 0.005249 seconds.
  path: Assets/Prefabs/Obvious Warning.prefab
  artifactKey: Guid(9610c3e788a4dd34093f04c8e3727fc2) Importer(815301076,1909f56bfc062723c751e8b465ee728b)
Start importing Assets/Prefabs/Obvious Warning.prefab using Guid(9610c3e788a4dd34093f04c8e3727fc2) Importer(815301076,1909f56bfc062723c751e8b465ee728b)  -> (artifact id: '892366d3069104ae4bec7bbefa84e67a') in 0.101225 seconds 
========================================================================
Received Import Request.
  Time since last request: 0.000029 seconds.
  path: Assets/Prefabs/PulseEngineDriver.prefab
  artifactKey: Guid(116e5adb40058b540a09cde7eb69af5d) Importer(815301076,1909f56bfc062723c751e8b465ee728b)
Start importing Assets/Prefabs/PulseEngineDriver.prefab using Guid(116e5adb40058b540a09cde7eb69af5d) Importer(815301076,1909f56bfc062723c751e8b465ee728b)  -> (artifact id: 'cfa517cac37ac52c9112fdfb1a546418') in 0.019662 seconds 
========================================================================
Received Import Request.
  Time since last request: 0.000807 seconds.
  path: Assets/Prefabs/record.asset
  artifactKey: Guid(0685b93d0f8cbed46a114e8bac89dc93) Importer(815301076,1909f56bfc062723c751e8b465ee728b)
Start importing Assets/Prefabs/record.asset using Guid(0685b93d0f8cbed46a114e8bac89dc93) Importer(815301076,1909f56bfc062723c751e8b465ee728b)  -> (artifact id: '32a6347dedb29fa32dcb18ce9ade4fae') in 0.039755 seconds 
========================================================================
Received Import Request.
  Time since last request: 0.172456 seconds.
  path: Assets/Prefabs/SpeechInput 1.prefab
  artifactKey: Guid(1ab9a1b3763647d43bb6a92711b49c76) Importer(815301076,1909f56bfc062723c751e8b465ee728b)
Start importing Assets/Prefabs/SpeechInput 1.prefab using Guid(1ab9a1b3763647d43bb6a92711b49c76) Importer(815301076,1909f56bfc062723c751e8b465ee728b)  -> (artifact id: '7333ff811a9dc0e8ccdf46e2796f6f81') in 0.217032 seconds 
========================================================================
Received Import Request.
  Time since last request: 0.000038 seconds.
  path: Assets/Prefabs/SpeechInput.prefab
  artifactKey: Guid(683b1ce037c191a4aacd0ca53a4dc6b6) Importer(815301076,1909f56bfc062723c751e8b465ee728b)
Start importing Assets/Prefabs/SpeechInput.prefab using Guid(683b1ce037c191a4aacd0ca53a4dc6b6) Importer(815301076,1909f56bfc062723c751e8b465ee728b)  -> (artifact id: '18d1e33ecd9e435132c95d1aa85aff6f') in 0.037906 seconds 
========================================================================
Received Import Request.
  Time since last request: 0.020470 seconds.
  path: Assets/Prefabs/Spin Bicolor.prefab
  artifactKey: Guid(91be101682b4aff4980fc31546d9346d) Importer(815301076,1909f56bfc062723c751e8b465ee728b)
Start importing Assets/Prefabs/Spin Bicolor.prefab using Guid(91be101682b4aff4980fc31546d9346d) Importer(815301076,1909f56bfc062723c751e8b465ee728b)  -> (artifact id: '07f5f5c8e684305d3a02226b5d0f6212') in 0.030755 seconds 
========================================================================
Received Import Request.
  Time since last request: 0.000025 seconds.
  path: Assets/Prefabs/Vertical Tricolor.prefab
  artifactKey: Guid(85cdf4bf81347154d91e41ef2190f1d6) Importer(815301076,1909f56bfc062723c751e8b465ee728b)
Start importing Assets/Prefabs/Vertical Tricolor.prefab using Guid(85cdf4bf81347154d91e41ef2190f1d6) Importer(815301076,1909f56bfc062723c751e8b465ee728b)  -> (artifact id: 'a85551dea4ed0c9bd61005822effddcb') in 0.084157 seconds 
========================================================================
Received Import Request.
  Time since last request: 68.117642 seconds.
  path: Assets/Prefabs/VerticalScroll_FalloffPerItem.prefab
  artifactKey: Guid(5d5ad9d77745ed8419f3620c2bfc2b6b) Importer(815301076,1909f56bfc062723c751e8b465ee728b)
Start importing Assets/Prefabs/VerticalScroll_FalloffPerItem.prefab using Guid(5d5ad9d77745ed8419f3620c2bfc2b6b) Importer(815301076,1909f56bfc062723c751e8b465ee728b)  -> (artifact id: '7b2722d2ec9686a886b5aa2674495d8f') in 1.079093 seconds 
========================================================================
Received Import Request.
  Time since last request: 4.759271 seconds.
  path: Assets/Prefabs/wayfinding 1.prefab
  artifactKey: Guid(e59ef6937d94d3c44b57aff71789fc3a) Importer(815301076,1909f56bfc062723c751e8b465ee728b)
Start importing Assets/Prefabs/wayfinding 1.prefab using Guid(e59ef6937d94d3c44b57aff71789fc3a) Importer(815301076,1909f56bfc062723c751e8b465ee728b)  -> (artifact id: '7ee3e20d9ad5a3f8cc94fff8e00ab601') in 0.193312 seconds 
========================================================================
Received Import Request.
  Time since last request: 0.000018 seconds.
  path: Assets/Prefabs/wayfinding.fbx
  artifactKey: Guid(78f042dda74e55e40a5bc2db94b82b63) Importer(815301076,1909f56bfc062723c751e8b465ee728b)
Start importing Assets/Prefabs/wayfinding.fbx using Guid(78f042dda74e55e40a5bc2db94b82b63) Importer(815301076,1909f56bfc062723c751e8b465ee728b)  -> (artifact id: '7c5d90f95e337940f991d250b4dade71') in 1.406450 seconds 
========================================================================
Received Import Request.
  Time since last request: 0.000029 seconds.
  path: Assets/Prefabs/wayfinding.prefab
  artifactKey: Guid(70e73668382075e43a0a12cf30f25034) Importer(815301076,1909f56bfc062723c751e8b465ee728b)
Start importing Assets/Prefabs/wayfinding.prefab using Guid(70e73668382075e43a0a12cf30f25034) Importer(815301076,1909f56bfc062723c751e8b465ee728b)  -> (artifact id: '954e5e881f37c9ecc2ff394112219b1f') in 0.062209 seconds 
========================================================================
Received Prepare
Registering precompiled user dll's ...
Registered in 0.006004 seconds.
Begin MonoManager ReloadAssembly
Symbol file LoadedFromMemory is not a mono symbol file
Native extension for UWP target not found
Native extension for WindowsStandalone target not found
Native extension for Android target not found
Native extension for WebGL target not found
Refreshing native plugins compatible for Editor in 4.66 ms, found 29 plugins.
Preloading 1 native plugins for Editor in 0.07 ms.
[XR] [MROpenXR][Info   ][19:36:09.379117][tid:926c] MicrosoftOpenXRPlugin_SetPluginEnvironment unityVersion=2021.2.15f1
[XR] [MROpenXR][Info   ][19:36:09.379993][tid:926c] MicrosoftOpenXRPlugin_SetPluginEnvironment openXRPluginVersion=1.3.1
[XR] [MROpenXR][Info   ][19:36:09.380030][tid:926c] MicrosoftOpenXRPlugin_SetPluginEnvironment mrOpenXRPluginVersion=1.3.1.0
Mono: successfully reloaded assembly
- Completed reload, in  3.625 seconds
Domain Reload Profiling:
	ReloadAssembly (3626ms)
		BeginReloadAssembly (333ms)
			ExecutionOrderSort (0ms)
			DisableScriptedObjects (19ms)
			BackupInstance (0ms)
			ReleaseScriptingObjects (1ms)
			CreateAndSetChildDomain (187ms)
		EndReloadAssembly (3216ms)
			LoadAssemblies (124ms)
			RebuildTransferFunctionScriptingTraits (0ms)
			SetupTypeCache (224ms)
			ReleaseScriptCaches (4ms)
			RebuildScriptCaches (78ms)
			SetupLoadedEditorAssemblies (2736ms)
				LogAssemblyErrors (0ms)
				InitializePlatformSupportModulesInManaged (24ms)
				SetLoadedEditorAssemblies (1ms)
				RefreshPlugins (5ms)
				BeforeProcessingInitializeOnLoad (105ms)
				ProcessInitializeOnLoadAttributes (315ms)
				ProcessInitializeOnLoadMethodAttributes (2284ms)
				AfterProcessingInitializeOnLoad (3ms)
				EditorAssembliesLoaded (0ms)
			ExecutionOrderSort2 (0ms)
			AwakeInstancesAfterBackupRestoration (9ms)
Platform modules already initialized, skipping
Script is not up to date after domain reload: guid(1f01460ac2b66dc4d96872a0feb0e8a9) path("Assets/Samples/Mixed Reality Toolkit Examples/2.7.3/Experimental - Joystick/JoystickSliders.cs") state(2)
Script is not up to date after domain reload: guid(19072639b32bffb49a63730594ba1f7a) path("Assets/Samples/Mixed Reality Toolkit Examples/2.7.3/Experimental - Elastic/Scripts/WidgetElasticDemo.cs") state(2)
Script is not up to date after domain reload: guid(71995ce77051ab143a796eea5908918c) path("Assets/Samples/Mixed Reality Toolkit Examples/2.7.3/Experimental - NonNativeKeyboard/Scripts/KeyboardTest.cs") state(2)
Script is not up to date after domain reload: guid(41ba1df839f79a14d8f74dc4aacddf91) path("Assets/Samples/Mixed Reality Toolkit Examples/2.7.3/Experimental - SceneUnderstanding/Scripts/DemoSceneUnderstandingController.cs") state(2)
Refreshing native plugins compatible for Editor in 5.94 ms, found 29 plugins.
Preloading 1 native plugins for Editor in 0.03 ms.
Unloading 5635 Unused Serialized files (Serialized files now loaded: 0)
Unloading 123 unused Assets / (1.9 MB). Loaded Objects now: 6022.
Memory consumption went from 259.7 MB to 257.8 MB.
Total: 6.815700 ms (FindLiveObjects: 0.461500 ms CreateObjectMapping: 0.233000 ms MarkObjects: 5.740500 ms  DeleteObjects: 0.378700 ms)

AssetImportParameters requested are different than current active one (requested -> active):
  custom:video-decoder-ogg-theora: a1e56fd34408186e4bbccfd4996cb3dc -> 
  custom:container-muxer-webm: aa71ff27fc2769a1b78a27578f13a17b -> 
  custom:container-demuxer-webm: 4f35f7cbe854078d1ac9338744f61a02 -> 
  custom:video-encoder-webm-vp8: eb34c28f22e8b96e1ab97ce403110664 -> 
  custom:audio-encoder-webm-vorbis: bf7c407c2cedff20999df2af8eb42d56 -> 
  custom:framework-win-MediaFoundation: 216162199b28c13a410421893ffa2e32 -> 
  custom:container-demuxer-ogg: 62fdf1f143b41e24485cea50d1cbac27 -> 
  custom:video-decoder-webm-vp8: 9c59270c3fd7afecdb556c50c9e8de78 -> 
  custom:audio-decoder-ogg-vorbis: bf7c407c2cedff20999df2af8eb42d56 -> 
========================================================================
Received Prepare
Registering precompiled user dll's ...
Registered in 0.006051 seconds.
Begin MonoManager ReloadAssembly
Symbol file LoadedFromMemory is not a mono symbol file
Native extension for UWP target not found
Native extension for WindowsStandalone target not found
Native extension for Android target not found
Native extension for WebGL target not found
Refreshing native plugins compatible for Editor in 1.70 ms, found 29 plugins.
Preloading 1 native plugins for Editor in 0.06 ms.
[XR] [MROpenXR][Info   ][19:36:22.880660][tid:926c] MicrosoftOpenXRPlugin_SetPluginEnvironment unityVersion=2021.2.15f1
[XR] [MROpenXR][Info   ][19:36:22.880961][tid:926c] MicrosoftOpenXRPlugin_SetPluginEnvironment openXRPluginVersion=1.3.1
[XR] [MROpenXR][Info   ][19:36:22.880997][tid:926c] MicrosoftOpenXRPlugin_SetPluginEnvironment mrOpenXRPluginVersion=1.3.1.0
Mono: successfully reloaded assembly
- Completed reload, in  1.545 seconds
Domain Reload Profiling:
	ReloadAssembly (1546ms)
		BeginReloadAssembly (113ms)
			ExecutionOrderSort (0ms)
			DisableScriptedObjects (3ms)
			BackupInstance (0ms)
			ReleaseScriptingObjects (0ms)
			CreateAndSetChildDomain (45ms)
		EndReloadAssembly (1358ms)
			LoadAssemblies (82ms)
			RebuildTransferFunctionScriptingTraits (0ms)
			SetupTypeCache (217ms)
			ReleaseScriptCaches (3ms)
			RebuildScriptCaches (81ms)
			SetupLoadedEditorAssemblies (921ms)
				LogAssemblyErrors (0ms)
				InitializePlatformSupportModulesInManaged (17ms)
				SetLoadedEditorAssemblies (1ms)
				RefreshPlugins (2ms)
				BeforeProcessingInitializeOnLoad (79ms)
				ProcessInitializeOnLoadAttributes (260ms)
				ProcessInitializeOnLoadMethodAttributes (559ms)
				AfterProcessingInitializeOnLoad (3ms)
				EditorAssembliesLoaded (0ms)
			ExecutionOrderSort2 (0ms)
			AwakeInstancesAfterBackupRestoration (9ms)
Platform modules already initialized, skipping
Refreshing native plugins compatible for Editor in 6.33 ms, found 29 plugins.
Preloading 1 native plugins for Editor in 0.03 ms.
Unloading 5675 Unused Serialized files (Serialized files now loaded: 0)
Unloading 120 unused Assets / (1.9 MB). Loaded Objects now: 6034.
Memory consumption went from 261.3 MB to 259.4 MB.
Total: 3.592500 ms (FindLiveObjects: 0.413300 ms CreateObjectMapping: 0.218000 ms MarkObjects: 2.655800 ms  DeleteObjects: 0.304000 ms)

AssetImportParameters requested are different than current active one (requested -> active):
  custom:video-decoder-ogg-theora: a1e56fd34408186e4bbccfd4996cb3dc -> 
  custom:container-muxer-webm: aa71ff27fc2769a1b78a27578f13a17b -> 
  custom:container-demuxer-webm: 4f35f7cbe854078d1ac9338744f61a02 -> 
  custom:video-encoder-webm-vp8: eb34c28f22e8b96e1ab97ce403110664 -> 
  custom:audio-encoder-webm-vorbis: bf7c407c2cedff20999df2af8eb42d56 -> 
  custom:framework-win-MediaFoundation: 216162199b28c13a410421893ffa2e32 -> 
  custom:container-demuxer-ogg: 62fdf1f143b41e24485cea50d1cbac27 -> 
  custom:video-decoder-webm-vp8: 9c59270c3fd7afecdb556c50c9e8de78 -> 
  custom:audio-decoder-ogg-vorbis: bf7c407c2cedff20999df2af8eb42d56 -> 
========================================================================
Received Import Request.
  Time since last request: 333.941405 seconds.
  path: Assets/Samples/Mixed Reality Toolkit Examples/2.7.3/Experimental - TouchSlider
  artifactKey: Guid(ecb2cc2dbcc0a3c4da3388d47735f00b) Importer(815301076,1909f56bfc062723c751e8b465ee728b)
Start importing Assets/Samples/Mixed Reality Toolkit Examples/2.7.3/Experimental - TouchSlider using Guid(ecb2cc2dbcc0a3c4da3388d47735f00b) Importer(815301076,1909f56bfc062723c751e8b465ee728b)  -> (artifact id: 'a4451fb7928a0d7a2a76460baaa3a8af') in 0.013166 seconds 
========================================================================
Received Import Request.
  Time since last request: 312.841970 seconds.
  path: Assets/MRTK.Tutorials.GettingStarted/Prefabs/Chevron.prefab
  artifactKey: Guid(eb65bb040d2dce144a90d568ed97f32a) Importer(815301076,1909f56bfc062723c751e8b465ee728b)
Start importing Assets/MRTK.Tutorials.GettingStarted/Prefabs/Chevron.prefab using Guid(eb65bb040d2dce144a90d568ed97f32a) Importer(815301076,1909f56bfc062723c751e8b465ee728b)  -> (artifact id: 'b689a495727605399c378b2da743d527') in 0.385237 seconds 
========================================================================
Received Prepare
Registering precompiled user dll's ...
Registered in 0.006603 seconds.
Begin MonoManager ReloadAssembly
Symbol file LoadedFromMemory is not a mono symbol file
Native extension for UWP target not found
Native extension for WindowsStandalone target not found
Native extension for Android target not found
Native extension for WebGL target not found
Refreshing native plugins compatible for Editor in 1.90 ms, found 29 plugins.
Preloading 1 native plugins for Editor in 0.04 ms.
[XR] [MROpenXR][Info   ][19:45:04.087906][tid:926c] MicrosoftOpenXRPlugin_SetPluginEnvironment unityVersion=2021.2.15f1
[XR] [MROpenXR][Info   ][19:45:04.088318][tid:926c] MicrosoftOpenXRPlugin_SetPluginEnvironment openXRPluginVersion=1.3.1
[XR] [MROpenXR][Info   ][19:45:04.088370][tid:926c] MicrosoftOpenXRPlugin_SetPluginEnvironment mrOpenXRPluginVersion=1.3.1.0
Mono: successfully reloaded assembly
- Completed reload, in  2.397 seconds
Domain Reload Profiling:
	ReloadAssembly (2398ms)
		BeginReloadAssembly (113ms)
			ExecutionOrderSort (0ms)
			DisableScriptedObjects (3ms)
			BackupInstance (0ms)
			ReleaseScriptingObjects (0ms)
			CreateAndSetChildDomain (47ms)
		EndReloadAssembly (2212ms)
			LoadAssemblies (81ms)
			RebuildTransferFunctionScriptingTraits (0ms)
			SetupTypeCache (209ms)
			ReleaseScriptCaches (3ms)
			RebuildScriptCaches (80ms)
			SetupLoadedEditorAssemblies (1787ms)
				LogAssemblyErrors (0ms)
				InitializePlatformSupportModulesInManaged (18ms)
				SetLoadedEditorAssemblies (0ms)
				RefreshPlugins (2ms)
				BeforeProcessingInitializeOnLoad (94ms)
				ProcessInitializeOnLoadAttributes (372ms)
				ProcessInitializeOnLoadMethodAttributes (1295ms)
				AfterProcessingInitializeOnLoad (5ms)
				EditorAssembliesLoaded (0ms)
			ExecutionOrderSort2 (0ms)
			AwakeInstancesAfterBackupRestoration (10ms)
Platform modules already initialized, skipping
Refreshing native plugins compatible for Editor in 10.53 ms, found 29 plugins.
Preloading 1 native plugins for Editor in 0.02 ms.
Unloading 5675 Unused Serialized files (Serialized files now loaded: 0)
Unloading 120 unused Assets / (1.9 MB). Loaded Objects now: 6042.
Memory consumption went from 261.4 MB to 259.4 MB.
Total: 5.080100 ms (FindLiveObjects: 0.468700 ms CreateObjectMapping: 0.223300 ms MarkObjects: 4.077100 ms  DeleteObjects: 0.310100 ms)

AssetImportParameters requested are different than current active one (requested -> active):
  custom:video-decoder-ogg-theora: a1e56fd34408186e4bbccfd4996cb3dc -> 
  custom:container-muxer-webm: aa71ff27fc2769a1b78a27578f13a17b -> 
  custom:container-demuxer-webm: 4f35f7cbe854078d1ac9338744f61a02 -> 
  custom:video-encoder-webm-vp8: eb34c28f22e8b96e1ab97ce403110664 -> 
  custom:audio-encoder-webm-vorbis: bf7c407c2cedff20999df2af8eb42d56 -> 
  custom:framework-win-MediaFoundation: 216162199b28c13a410421893ffa2e32 -> 
  custom:container-demuxer-ogg: 62fdf1f143b41e24485cea50d1cbac27 -> 
  custom:video-decoder-webm-vp8: 9c59270c3fd7afecdb556c50c9e8de78 -> 
  custom:audio-decoder-ogg-vorbis: bf7c407c2cedff20999df2af8eb42d56 -> 
========================================================================
Received Prepare
Registering precompiled user dll's ...
Registered in 0.006720 seconds.
Begin MonoManager ReloadAssembly
Symbol file LoadedFromMemory is not a mono symbol file
Native extension for UWP target not found
Native extension for WindowsStandalone target not found
Native extension for Android target not found
Native extension for WebGL target not found
Refreshing native plugins compatible for Editor in 1.61 ms, found 29 plugins.
Preloading 1 native plugins for Editor in 0.03 ms.
[XR] [MROpenXR][Info   ][19:45:15.228582][tid:926c] MicrosoftOpenXRPlugin_SetPluginEnvironment unityVersion=2021.2.15f1
[XR] [MROpenXR][Info   ][19:45:15.228896][tid:926c] MicrosoftOpenXRPlugin_SetPluginEnvironment openXRPluginVersion=1.3.1
[XR] [MROpenXR][Info   ][19:45:15.228933][tid:926c] MicrosoftOpenXRPlugin_SetPluginEnvironment mrOpenXRPluginVersion=1.3.1.0
Mono: successfully reloaded assembly
- Completed reload, in  1.474 seconds
Domain Reload Profiling:
	ReloadAssembly (1475ms)
		BeginReloadAssembly (122ms)
			ExecutionOrderSort (0ms)
			DisableScriptedObjects (3ms)
			BackupInstance (0ms)
			ReleaseScriptingObjects (0ms)
			CreateAndSetChildDomain (48ms)
		EndReloadAssembly (1260ms)
			LoadAssemblies (88ms)
			RebuildTransferFunctionScriptingTraits (0ms)
			SetupTypeCache (213ms)
			ReleaseScriptCaches (3ms)
			RebuildScriptCaches (83ms)
			SetupLoadedEditorAssemblies (827ms)
				LogAssemblyErrors (0ms)
				InitializePlatformSupportModulesInManaged (16ms)
				SetLoadedEditorAssemblies (0ms)
				RefreshPlugins (2ms)
				BeforeProcessingInitializeOnLoad (86ms)
				ProcessInitializeOnLoadAttributes (259ms)
				ProcessInitializeOnLoadMethodAttributes (460ms)
				AfterProcessingInitializeOnLoad (4ms)
				EditorAssembliesLoaded (0ms)
			ExecutionOrderSort2 (0ms)
			AwakeInstancesAfterBackupRestoration (8ms)
Platform modules already initialized, skipping
Refreshing native plugins compatible for Editor in 6.27 ms, found 29 plugins.
Preloading 1 native plugins for Editor in 0.03 ms.
Unloading 5675 Unused Serialized files (Serialized files now loaded: 0)
Unloading 120 unused Assets / (1.9 MB). Loaded Objects now: 6050.
Memory consumption went from 261.2 MB to 259.3 MB.
Total: 3.671500 ms (FindLiveObjects: 0.607700 ms CreateObjectMapping: 0.196200 ms MarkObjects: 2.636100 ms  DeleteObjects: 0.230500 ms)

AssetImportParameters requested are different than current active one (requested -> active):
  custom:video-decoder-ogg-theora: a1e56fd34408186e4bbccfd4996cb3dc -> 
  custom:container-muxer-webm: aa71ff27fc2769a1b78a27578f13a17b -> 
  custom:container-demuxer-webm: 4f35f7cbe854078d1ac9338744f61a02 -> 
  custom:video-encoder-webm-vp8: eb34c28f22e8b96e1ab97ce403110664 -> 
  custom:audio-encoder-webm-vorbis: bf7c407c2cedff20999df2af8eb42d56 -> 
  custom:framework-win-MediaFoundation: 216162199b28c13a410421893ffa2e32 -> 
  custom:container-demuxer-ogg: 62fdf1f143b41e24485cea50d1cbac27 -> 
  custom:video-decoder-webm-vp8: 9c59270c3fd7afecdb556c50c9e8de78 -> 
  custom:audio-decoder-ogg-vorbis: bf7c407c2cedff20999df2af8eb42d56 -> 
========================================================================
Received Import Request.
  Time since last request: 1059.570974 seconds.
  path: Assets/Samples/Mixed Reality Toolkit Examples/2.7.3/Experimental - Navigation/Teleport/TeleportMixedRealityInputSimulationProfile.asset
  artifactKey: Guid(aeee69cde3ce9fe43882400c1d0c7422) Importer(815301076,1909f56bfc062723c751e8b465ee728b)
Start importing Assets/Samples/Mixed Reality Toolkit Examples/2.7.3/Experimental - Navigation/Teleport/TeleportMixedRealityInputSimulationProfile.asset using Guid(aeee69cde3ce9fe43882400c1d0c7422) Importer(815301076,1909f56bfc062723c751e8b465ee728b)  -> (artifact id: 'bb6a91f4ad99dcd78ba1fdd36419c1a7') in 0.049169 seconds 
========================================================================
Received Import Request.
  Time since last request: 0.000024 seconds.
  path: Assets/Samples/Mixed Reality Toolkit Examples/2.7.3/Experimental - Navigation/Teleport/TeleportMixedRealityToolkitConfigurationProfile.asset
  artifactKey: Guid(0b2a83b8b104cc342b5d4dbbb5a2e6ed) Importer(815301076,1909f56bfc062723c751e8b465ee728b)
Start importing Assets/Samples/Mixed Reality Toolkit Examples/2.7.3/Experimental - Navigation/Teleport/TeleportMixedRealityToolkitConfigurationProfile.asset using Guid(0b2a83b8b104cc342b5d4dbbb5a2e6ed) Importer(815301076,1909f56bfc062723c751e8b465ee728b)  -> (artifact id: 'a1d513a3621e2837bb7cabaf4b017ae4') in 0.754946 seconds 
========================================================================
Received Import Request.
  Time since last request: 0.000030 seconds.
  path: Assets/Samples/Mixed Reality Toolkit Examples/2.7.3/Experimental - Navigation/Teleport/TeleportHotspot.unity
  artifactKey: Guid(b2840b1643d1b794f8354743dceabcd9) Importer(815301076,1909f56bfc062723c751e8b465ee728b)
Start importing Assets/Samples/Mixed Reality Toolkit Examples/2.7.3/Experimental - Navigation/Teleport/TeleportHotspot.unity using Guid(b2840b1643d1b794f8354743dceabcd9) Importer(815301076,1909f56bfc062723c751e8b465ee728b)  -> (artifact id: '7bc044e141b6d56f7c713f4786e1897e') in 0.004202 seconds 
========================================================================
Received Prepare
Registering precompiled user dll's ...
Registered in 0.007905 seconds.
Begin MonoManager ReloadAssembly
Symbol file LoadedFromMemory is not a mono symbol file
Native extension for UWP target not found
Native extension for WindowsStandalone target not found
Native extension for Android target not found
Native extension for WebGL target not found
Refreshing native plugins compatible for Editor in 4.66 ms, found 29 plugins.
Preloading 1 native plugins for Editor in 0.09 ms.
[XR] [MROpenXR][Info   ][20:29:06.172650][tid:926c] MicrosoftOpenXRPlugin_SetPluginEnvironment unityVersion=2021.2.15f1
[XR] [MROpenXR][Info   ][20:29:06.173121][tid:926c] MicrosoftOpenXRPlugin_SetPluginEnvironment openXRPluginVersion=1.3.1
[XR] [MROpenXR][Info   ][20:29:06.173187][tid:926c] MicrosoftOpenXRPlugin_SetPluginEnvironment mrOpenXRPluginVersion=1.3.1.0
Mono: successfully reloaded assembly
- Completed reload, in  3.756 seconds
Domain Reload Profiling:
	ReloadAssembly (3760ms)
		BeginReloadAssembly (618ms)
			ExecutionOrderSort (0ms)
			DisableScriptedObjects (77ms)
			BackupInstance (0ms)
			ReleaseScriptingObjects (0ms)
			CreateAndSetChildDomain (295ms)
		EndReloadAssembly (3040ms)
			LoadAssemblies (151ms)
			RebuildTransferFunctionScriptingTraits (0ms)
			SetupTypeCache (231ms)
			ReleaseScriptCaches (3ms)
			RebuildScriptCaches (91ms)
			SetupLoadedEditorAssemblies (2428ms)
				LogAssemblyErrors (0ms)
				InitializePlatformSupportModulesInManaged (37ms)
				SetLoadedEditorAssemblies (6ms)
				RefreshPlugins (5ms)
				BeforeProcessingInitializeOnLoad (125ms)
				ProcessInitializeOnLoadAttributes (379ms)
				ProcessInitializeOnLoadMethodAttributes (1871ms)
				AfterProcessingInitializeOnLoad (4ms)
				EditorAssembliesLoaded (0ms)
			ExecutionOrderSort2 (0ms)
			AwakeInstancesAfterBackupRestoration (8ms)
Platform modules already initialized, skipping
Refreshing native plugins compatible for Editor in 9.48 ms, found 29 plugins.
Preloading 1 native plugins for Editor in 0.03 ms.
Unloading 5675 Unused Serialized files (Serialized files now loaded: 0)
Unloading 120 unused Assets / (1.9 MB). Loaded Objects now: 6058.
Memory consumption went from 261.4 MB to 259.5 MB.
Total: 7.043000 ms (FindLiveObjects: 0.569800 ms CreateObjectMapping: 0.242500 ms MarkObjects: 5.733700 ms  DeleteObjects: 0.494800 ms)

AssetImportParameters requested are different than current active one (requested -> active):
  custom:video-decoder-ogg-theora: a1e56fd34408186e4bbccfd4996cb3dc -> 
  custom:container-muxer-webm: aa71ff27fc2769a1b78a27578f13a17b -> 
  custom:container-demuxer-webm: 4f35f7cbe854078d1ac9338744f61a02 -> 
  custom:video-encoder-webm-vp8: eb34c28f22e8b96e1ab97ce403110664 -> 
  custom:audio-encoder-webm-vorbis: bf7c407c2cedff20999df2af8eb42d56 -> 
  custom:framework-win-MediaFoundation: 216162199b28c13a410421893ffa2e32 -> 
  custom:container-demuxer-ogg: 62fdf1f143b41e24485cea50d1cbac27 -> 
  custom:video-decoder-webm-vp8: 9c59270c3fd7afecdb556c50c9e8de78 -> 
  custom:audio-decoder-ogg-vorbis: bf7c407c2cedff20999df2af8eb42d56 -> 
========================================================================
Received Prepare
Registering precompiled user dll's ...
Registered in 0.006271 seconds.
Begin MonoManager ReloadAssembly
Symbol file LoadedFromMemory is not a mono symbol file
Native extension for UWP target not found
Native extension for WindowsStandalone target not found
Native extension for Android target not found
Native extension for WebGL target not found
Refreshing native plugins compatible for Editor in 1.60 ms, found 29 plugins.
Preloading 1 native plugins for Editor in 0.04 ms.
[XR] [MROpenXR][Info   ][20:29:25.812265][tid:926c] MicrosoftOpenXRPlugin_SetPluginEnvironment unityVersion=2021.2.15f1
[XR] [MROpenXR][Info   ][20:29:25.812544][tid:926c] MicrosoftOpenXRPlugin_SetPluginEnvironment openXRPluginVersion=1.3.1
[XR] [MROpenXR][Info   ][20:29:25.812577][tid:926c] MicrosoftOpenXRPlugin_SetPluginEnvironment mrOpenXRPluginVersion=1.3.1.0
Mono: successfully reloaded assembly
- Completed reload, in  2.336 seconds
Domain Reload Profiling:
	ReloadAssembly (2337ms)
		BeginReloadAssembly (127ms)
			ExecutionOrderSort (0ms)
			DisableScriptedObjects (3ms)
			BackupInstance (0ms)
			ReleaseScriptingObjects (0ms)
			CreateAndSetChildDomain (45ms)
		EndReloadAssembly (2120ms)
			LoadAssemblies (90ms)
			RebuildTransferFunctionScriptingTraits (0ms)
			SetupTypeCache (192ms)
			ReleaseScriptCaches (4ms)
			RebuildScriptCaches (71ms)
			SetupLoadedEditorAssemblies (1709ms)
				LogAssemblyErrors (0ms)
				InitializePlatformSupportModulesInManaged (18ms)
				SetLoadedEditorAssemblies (1ms)
				RefreshPlugins (2ms)
				BeforeProcessingInitializeOnLoad (84ms)
				ProcessInitializeOnLoadAttributes (1043ms)
				ProcessInitializeOnLoadMethodAttributes (557ms)
				AfterProcessingInitializeOnLoad (4ms)
				EditorAssembliesLoaded (0ms)
			ExecutionOrderSort2 (0ms)
			AwakeInstancesAfterBackupRestoration (9ms)
Platform modules already initialized, skipping
Refreshing native plugins compatible for Editor in 6.05 ms, found 29 plugins.
Preloading 1 native plugins for Editor in 0.03 ms.
Unloading 5675 Unused Serialized files (Serialized files now loaded: 0)
Unloading 120 unused Assets / (1.9 MB). Loaded Objects now: 6066.
Memory consumption went from 261.5 MB to 259.6 MB.
Total: 3.819900 ms (FindLiveObjects: 0.375500 ms CreateObjectMapping: 0.198300 ms MarkObjects: 2.988600 ms  DeleteObjects: 0.256100 ms)

AssetImportParameters requested are different than current active one (requested -> active):
  custom:video-decoder-ogg-theora: a1e56fd34408186e4bbccfd4996cb3dc -> 
  custom:container-muxer-webm: aa71ff27fc2769a1b78a27578f13a17b -> 
  custom:container-demuxer-webm: 4f35f7cbe854078d1ac9338744f61a02 -> 
  custom:video-encoder-webm-vp8: eb34c28f22e8b96e1ab97ce403110664 -> 
  custom:audio-encoder-webm-vorbis: bf7c407c2cedff20999df2af8eb42d56 -> 
  custom:framework-win-MediaFoundation: 216162199b28c13a410421893ffa2e32 -> 
  custom:container-demuxer-ogg: 62fdf1f143b41e24485cea50d1cbac27 -> 
  custom:video-decoder-webm-vp8: 9c59270c3fd7afecdb556c50c9e8de78 -> 
  custom:audio-decoder-ogg-vorbis: bf7c407c2cedff20999df2af8eb42d56 -> 
========================================================================
Received Import Request.
  Time since last request: 1809.121226 seconds.
  path: Assets/Scenes/PointCloud.unity
  artifactKey: Guid(85e34d609149a0b45827ca144e1c483e) Importer(815301076,1909f56bfc062723c751e8b465ee728b)
Start importing Assets/Scenes/PointCloud.unity using Guid(85e34d609149a0b45827ca144e1c483e) Importer(815301076,1909f56bfc062723c751e8b465ee728b)  -> (artifact id: 'c11c1b1ec208c6c5d63420f38b2493c3') in 0.046923 seconds 
========================================================================
Received Import Request.
  Time since last request: 0.000030 seconds.
  path: Assets/Scenes/telemtry stream.unity
  artifactKey: Guid(3a162e60ac729ae478016d730aec98db) Importer(815301076,1909f56bfc062723c751e8b465ee728b)
Start importing Assets/Scenes/telemtry stream.unity using Guid(3a162e60ac729ae478016d730aec98db) Importer(815301076,1909f56bfc062723c751e8b465ee728b)  -> (artifact id: '4ea603888aa25b1992d1d55bf1d9d99d') in 0.026598 seconds 
========================================================================
Received Import Request.
  Time since last request: 282.592205 seconds.
  path: Assets/Textures/c.s.png
  artifactKey: Guid(a7ef1d3143955bd45a7d1cd0d9f6d9a5) Importer(815301076,1909f56bfc062723c751e8b465ee728b)
Start importing Assets/Textures/c.s.png using Guid(a7ef1d3143955bd45a7d1cd0d9f6d9a5) Importer(815301076,1909f56bfc062723c751e8b465ee728b)  -> (artifact id: 'dff8b958c4ec87191493fae4300d8faf') in 0.192259 seconds 
========================================================================
Received Import Request.
  Time since last request: 0.000026 seconds.
  path: Assets/Textures/MiniMapRT.renderTexture
  artifactKey: Guid(c0f2584baa5edfa4183423617c46e7ec) Importer(815301076,1909f56bfc062723c751e8b465ee728b)
Start importing Assets/Textures/MiniMapRT.renderTexture using Guid(c0f2584baa5edfa4183423617c46e7ec) Importer(815301076,1909f56bfc062723c751e8b465ee728b)  -> (artifact id: '337720370a60d539a434087b0d7b34dc') in 0.124561 seconds 
========================================================================
Received Import Request.
  Time since last request: 0.000041 seconds.
  path: Assets/Textures/circle.png
  artifactKey: Guid(205ab695f1f72534ca5935459c72ea41) Importer(815301076,1909f56bfc062723c751e8b465ee728b)
Start importing Assets/Textures/circle.png using Guid(205ab695f1f72534ca5935459c72ea41) Importer(815301076,1909f56bfc062723c751e8b465ee728b)  -> (artifact id: '7a3059c593aeba8d45348dad3e0ad652') in 0.081709 seconds 
========================================================================
Received Import Request.
  Time since last request: 0.000030 seconds.
  path: Assets/Textures/hammer.png
  artifactKey: Guid(093926577198d4445a74d73ec136a926) Importer(815301076,1909f56bfc062723c751e8b465ee728b)
Start importing Assets/Textures/hammer.png using Guid(093926577198d4445a74d73ec136a926) Importer(815301076,1909f56bfc062723c751e8b465ee728b)  -> (artifact id: '517a21fd6bba486e4ac7953f98269188') in 0.038778 seconds 
========================================================================
Received Import Request.
  Time since last request: 0.000031 seconds.
  path: Assets/Textures/empty-battery.png
  artifactKey: Guid(0136741948f4ede49988f89300658dda) Importer(815301076,1909f56bfc062723c751e8b465ee728b)
Start importing Assets/Textures/empty-battery.png using Guid(0136741948f4ede49988f89300658dda) Importer(815301076,1909f56bfc062723c751e8b465ee728b)  -> (artifact id: '8e36f5382a5c74083cd4958461b005e0') in 0.175262 seconds 
========================================================================
Received Import Request.
  Time since last request: 0.049917 seconds.
  path: Assets/Textures/moon.jpg
  artifactKey: Guid(ea487533a862a2e4594eb930ec65e807) Importer(815301076,1909f56bfc062723c751e8b465ee728b)
Start importing Assets/Textures/moon.jpg using Guid(ea487533a862a2e4594eb930ec65e807) Importer(815301076,1909f56bfc062723c751e8b465ee728b)  -> (artifact id: '32755d217db8fdf90e86c802e27a1c93') in 0.291312 seconds 
========================================================================
Received Import Request.
  Time since last request: 0.075032 seconds.
  path: Assets/Textures/outer circle.png
  artifactKey: Guid(c74556bff3d10d84b95cecd9096b39cd) Importer(815301076,1909f56bfc062723c751e8b465ee728b)
Start importing Assets/Textures/outer circle.png using Guid(c74556bff3d10d84b95cecd9096b39cd) Importer(815301076,1909f56bfc062723c751e8b465ee728b)  -> (artifact id: 'a56154ca99a0c3e949b22f730400f0fc') in 0.128088 seconds 
========================================================================
Received Import Request.
  Time since last request: 0.000272 seconds.
  path: Assets/Textures/pointer.png
  artifactKey: Guid(faf59fa22ce97804bbf7b095d4e7e80f) Importer(815301076,1909f56bfc062723c751e8b465ee728b)
Start importing Assets/Textures/pointer.png using Guid(faf59fa22ce97804bbf7b095d4e7e80f) Importer(815301076,1909f56bfc062723c751e8b465ee728b)  -> (artifact id: 'a195d220afe361ebf7e8abaf2a0bf201') in 0.187865 seconds 
========================================================================
Received Import Request.
  Time since last request: 0.000034 seconds.
  path: Assets/Textures/scoop.png
  artifactKey: Guid(8cc5a2ccfb33952479b1e5864d346454) Importer(815301076,1909f56bfc062723c751e8b465ee728b)
Start importing Assets/Textures/scoop.png using Guid(8cc5a2ccfb33952479b1e5864d346454) Importer(815301076,1909f56bfc062723c751e8b465ee728b)  -> (artifact id: 'bfb2cf9d715283bc0bd57a7632fafd56') in 0.093624 seconds 
========================================================================
Received Import Request.
  Time since last request: 0.000016 seconds.
  path: Assets/Textures/space 1.jpg
  artifactKey: Guid(03285e30cc74f624481620b815718e2f) Importer(815301076,1909f56bfc062723c751e8b465ee728b)
Start importing Assets/Textures/space 1.jpg using Guid(03285e30cc74f624481620b815718e2f) Importer(815301076,1909f56bfc062723c751e8b465ee728b)  -> (artifact id: '364991b6301835804e59e4f6ec9cebdb') in 0.074822 seconds 
========================================================================
Received Import Request.
  Time since last request: 23.661268 seconds.
  path: Assets/Sprites
  artifactKey: Guid(d2453eb7628b9ac43861c7a14b02f4b4) Importer(815301076,1909f56bfc062723c751e8b465ee728b)
Start importing Assets/Sprites using Guid(d2453eb7628b9ac43861c7a14b02f4b4) Importer(815301076,1909f56bfc062723c751e8b465ee728b)  -> (artifact id: 'c9dadf7705a189bdf598e8a03caaf862') in 0.006641 seconds 
========================================================================
Received Prepare
Registering precompiled user dll's ...
Registered in 0.007588 seconds.
Begin MonoManager ReloadAssembly
Symbol file LoadedFromMemory is not a mono symbol file
Native extension for UWP target not found
Native extension for WindowsStandalone target not found
Native extension for Android target not found
Native extension for WebGL target not found
Refreshing native plugins compatible for Editor in 1.46 ms, found 29 plugins.
Preloading 1 native plugins for Editor in 0.05 ms.
[ScriptCompilation] NOT recompiling all scripts because this is an import worker process. Reason to compile was: Define symbols changed
[XR] [MROpenXR][Info   ][21:01:25.331105][tid:926c] MicrosoftOpenXRPlugin_SetPluginEnvironment unityVersion=2021.2.15f1
[XR] [MROpenXR][Info   ][21:01:25.331470][tid:926c] MicrosoftOpenXRPlugin_SetPluginEnvironment openXRPluginVersion=1.3.1
[XR] [MROpenXR][Info   ][21:01:25.331512][tid:926c] MicrosoftOpenXRPlugin_SetPluginEnvironment mrOpenXRPluginVersion=1.3.1.0
Mono: successfully reloaded assembly
- Completed reload, in  6.210 seconds
Domain Reload Profiling:
	ReloadAssembly (6211ms)
		BeginReloadAssembly (325ms)
			ExecutionOrderSort (0ms)
			DisableScriptedObjects (21ms)
			BackupInstance (0ms)
			ReleaseScriptingObjects (0ms)
			CreateAndSetChildDomain (139ms)
		EndReloadAssembly (5795ms)
			LoadAssemblies (171ms)
			RebuildTransferFunctionScriptingTraits (0ms)
			SetupTypeCache (229ms)
			ReleaseScriptCaches (4ms)
			RebuildScriptCaches (92ms)
			SetupLoadedEditorAssemblies (5276ms)
				LogAssemblyErrors (0ms)
				InitializePlatformSupportModulesInManaged (18ms)
				SetLoadedEditorAssemblies (1ms)
				RefreshPlugins (2ms)
				BeforeProcessingInitializeOnLoad (83ms)
				ProcessInitializeOnLoadAttributes (325ms)
				ProcessInitializeOnLoadMethodAttributes (4843ms)
				AfterProcessingInitializeOnLoad (4ms)
				EditorAssembliesLoaded (0ms)
			ExecutionOrderSort2 (0ms)
			AwakeInstancesAfterBackupRestoration (9ms)
Platform modules already initialized, skipping
Refreshing native plugins compatible for Editor in 8.99 ms, found 29 plugins.
Preloading 1 native plugins for Editor in 0.02 ms.
Unloading 5805 Unused Serialized files (Serialized files now loaded: 0)
Unloading 141 unused Assets / (6.2 MB). Loaded Objects now: 6201.
Memory consumption went from 276.5 MB to 270.3 MB.
Total: 7.475600 ms (FindLiveObjects: 0.395200 ms CreateObjectMapping: 0.328800 ms MarkObjects: 4.872300 ms  DeleteObjects: 1.877900 ms)

AssetImportParameters requested are different than current active one (requested -> active):
  custom:video-decoder-ogg-theora: a1e56fd34408186e4bbccfd4996cb3dc -> 
  custom:container-muxer-webm: aa71ff27fc2769a1b78a27578f13a17b -> 
  custom:container-demuxer-webm: 4f35f7cbe854078d1ac9338744f61a02 -> 
  custom:video-encoder-webm-vp8: eb34c28f22e8b96e1ab97ce403110664 -> 
  custom:audio-encoder-webm-vorbis: bf7c407c2cedff20999df2af8eb42d56 -> 
  custom:framework-win-MediaFoundation: 216162199b28c13a410421893ffa2e32 -> 
  custom:container-demuxer-ogg: 62fdf1f143b41e24485cea50d1cbac27 -> 
  custom:video-decoder-webm-vp8: 9c59270c3fd7afecdb556c50c9e8de78 -> 
  custom:audio-decoder-ogg-vorbis: bf7c407c2cedff20999df2af8eb42d56 -> 
