Using pre-set license
Built from '2021.2/staging' branch; Version is '2021.2.7f1 (6bd9e232123f) revision 7068130'; Using compiler version '192829333'; Build Type 'Release'
OS: 'Windows 10  (10.0.17134) 64bit Enterprise' Language: 'en' Physical Memory: 8112 MB
BatchMode: 1, IsHumanControllingUs: 0, StartBugReporterOnCrash: 0, Is64bit: 1, IsPro: 0

COMMAND LINE ARGUMENTS:
C:\Program Files\Unity\Hub\Editor\2021.2.7f1\Editor\Unity.exe
-adb2
-batchMode
-noUpm
-name
AssetImportWorker0
-projectPath
C:/Users/pauld/Desktop/NASA-SUITS-AR-Displays
-logFile
Logs/AssetImportWorker0.log
-srvPort
53485
Successfully changed project path to: C:/Users/pauld/Desktop/NASA-SUITS-AR-Displays
C:/Users/pauld/Desktop/NASA-SUITS-AR-Displays
[UnityMemory] Configuration Parameters - Can be set up in boot.config
    "memorysetup-bucket-allocator-granularity=16"
    "memorysetup-bucket-allocator-bucket-count=8"
    "memorysetup-bucket-allocator-block-size=33554432"
    "memorysetup-bucket-allocator-block-count=8"
    "memorysetup-main-allocator-block-size=16777216"
    "memorysetup-thread-allocator-block-size=16777216"
    "memorysetup-gfx-main-allocator-block-size=16777216"
    "memorysetup-gfx-thread-allocator-block-size=16777216"
    "memorysetup-cache-allocator-block-size=4194304"
    "memorysetup-typetree-allocator-block-size=2097152"
    "memorysetup-profiler-bucket-allocator-granularity=16"
    "memorysetup-profiler-bucket-allocator-bucket-count=8"
    "memorysetup-profiler-bucket-allocator-block-size=33554432"
    "memorysetup-profiler-bucket-allocator-block-count=8"
    "memorysetup-profiler-allocator-block-size=16777216"
    "memorysetup-profiler-editor-allocator-block-size=1048576"
    "memorysetup-temp-allocator-size-main=16777216"
    "memorysetup-job-temp-allocator-block-size=2097152"
    "memorysetup-job-temp-allocator-block-size-background=1048576"
    "memorysetup-job-temp-allocator-reduction-small-platforms=262144"
    "memorysetup-temp-allocator-size-background-worker=32768"
    "memorysetup-temp-allocator-size-job-worker=262144"
    "memorysetup-temp-allocator-size-preload-manager=33554432"
    "memorysetup-temp-allocator-size-nav-mesh-worker=65536"
    "memorysetup-temp-allocator-size-audio-worker=65536"
    "memorysetup-temp-allocator-size-cloud-worker=32768"
    "memorysetup-temp-allocator-size-gi-baking-worker=262144"
    "memorysetup-temp-allocator-size-gfx=262144"
Refreshing native plugins compatible for Editor in 965.63 ms, found 17 plugins.
Preloading 1 native plugins for Editor in 81.39 ms.
Initialize engine version: 2021.2.7f1 (6bd9e232123f)
[Subsystems] Discovering subsystems at path C:/Program Files/Unity/Hub/Editor/2021.2.7f1/Editor/Data/Resources/UnitySubsystems
[Subsystems] Discovering subsystems at path C:/Users/pauld/Desktop/NASA-SUITS-AR-Displays/Assets
GfxDevice: creating device client; threaded=0; jobified=0
Direct3D:
    Version:  Direct3D 11.0 [level 11.1]
    Renderer: Intel(R) Iris(TM) Graphics 6100 (ID=0x162b)
    Vendor:   Intel
    VRAM:     4056 MB
    Driver:   20.19.15.4703
Initialize mono
Mono path[0] = 'C:/Program Files/Unity/Hub/Editor/2021.2.7f1/Editor/Data/Managed'
Mono path[1] = 'C:/Program Files/Unity/Hub/Editor/2021.2.7f1/Editor/Data/MonoBleedingEdge/lib/mono/unityjit-win32'
Mono config path = 'C:/Program Files/Unity/Hub/Editor/2021.2.7f1/Editor/Data/MonoBleedingEdge/etc'
Using monoOptions --debugger-agent=transport=dt_socket,embedding=1,server=y,suspend=n,address=127.0.0.1:56360
Begin MonoManager ReloadAssembly
Registering precompiled unity dll's ...
Register platform support module: C:/Program Files/Unity/Hub/Editor/2021.2.7f1/Editor/Data/PlaybackEngines/WindowsStandaloneSupport/UnityEditor.WindowsStandalone.Extensions.dll
Registered in 0.010768 seconds.
Native extension for WindowsStandalone target not found
Refreshing native plugins compatible for Editor in 148.97 ms, found 17 plugins.
Preloading 1 native plugins for Editor in 0.17 ms.
Mono: successfully reloaded assembly
- Completed reload, in  1.431 seconds
Domain Reload Profiling:
	ReloadAssembly (1437ms)
		BeginReloadAssembly (349ms)
			ExecutionOrderSort (0ms)
			DisableScriptedObjects (0ms)
			BackupInstance (0ms)
			ReleaseScriptingObjects (0ms)
			CreateAndSetChildDomain (5ms)
		EndReloadAssembly (937ms)
			LoadAssemblies (342ms)
			RebuildTransferFunctionScriptingTraits (2ms)
			SetupTypeCache (169ms)
			ReleaseScriptCaches (0ms)
			RebuildScriptCaches (48ms)
			SetupLoadedEditorAssemblies (582ms)
				LogAssemblyErrors (0ms)
				InitializePlatformSupportModulesInManaged (44ms)
				SetLoadedEditorAssemblies (0ms)
				RefreshPlugins (149ms)
				BeforeProcessingInitializeOnLoad (2ms)
				ProcessInitializeOnLoadAttributes (282ms)
				ProcessInitializeOnLoadMethodAttributes (103ms)
				AfterProcessingInitializeOnLoad (0ms)
				EditorAssembliesLoaded (1ms)
			ExecutionOrderSort2 (0ms)
			AwakeInstancesAfterBackupRestoration (0ms)
Platform modules already initialized, skipping
Registering precompiled user dll's ...
Registered in 0.075440 seconds.
Begin MonoManager ReloadAssembly
Native extension for WindowsStandalone target not found
Refreshing native plugins compatible for Editor in 120.26 ms, found 17 plugins.
Preloading 1 native plugins for Editor in 0.17 ms.
Package Manager log level set to [2]
Mono: successfully reloaded assembly
- Completed reload, in  7.544 seconds
Domain Reload Profiling:
	ReloadAssembly (7548ms)
		BeginReloadAssembly (216ms)
			ExecutionOrderSort (0ms)
			DisableScriptedObjects (8ms)
			BackupInstance (0ms)
			ReleaseScriptingObjects (0ms)
			CreateAndSetChildDomain (35ms)
		EndReloadAssembly (7111ms)
			LoadAssemblies (650ms)
			RebuildTransferFunctionScriptingTraits (0ms)
			SetupTypeCache (497ms)
			ReleaseScriptCaches (1ms)
			RebuildScriptCaches (159ms)
			SetupLoadedEditorAssemblies (5748ms)
				LogAssemblyErrors (0ms)
				InitializePlatformSupportModulesInManaged (18ms)
				SetLoadedEditorAssemblies (0ms)
				RefreshPlugins (121ms)
				BeforeProcessingInitializeOnLoad (171ms)
				ProcessInitializeOnLoadAttributes (1780ms)
				ProcessInitializeOnLoadMethodAttributes (3645ms)
				AfterProcessingInitializeOnLoad (13ms)
				EditorAssembliesLoaded (1ms)
			ExecutionOrderSort2 (0ms)
			AwakeInstancesAfterBackupRestoration (10ms)
Platform modules already initialized, skipping
========================================================================
Worker process is ready to serve import requests
Launched and connected shader compiler UnityShaderCompiler.exe after 0.09 seconds
Refreshing native plugins compatible for Editor in 21.02 ms, found 17 plugins.
Preloading 1 native plugins for Editor in 0.31 ms.
Unloading 5473 Unused Serialized files (Serialized files now loaded: 0)
Unloading 2451 unused Assets / (4.7 MB). Loaded Objects now: 5495.
Memory consumption went from 268.4 MB to 263.7 MB.
Total: 65.735700 ms (FindLiveObjects: 7.186200 ms CreateObjectMapping: 1.777400 ms MarkObjects: 14.020900 ms  DeleteObjects: 42.359700 ms)

AssetImportParameters requested are different than current active one (requested -> active):
  custom:video-decoder-ogg-theora: a1e56fd34408186e4bbccfd4996cb3dc -> 
  custom:container-muxer-webm: aa71ff27fc2769a1b78a27578f13a17b -> 
  custom:container-demuxer-webm: 4f35f7cbe854078d1ac9338744f61a02 -> 
  custom:video-encoder-webm-vp8: eb34c28f22e8b96e1ab97ce403110664 -> 
  custom:audio-encoder-webm-vorbis: bf7c407c2cedff20999df2af8eb42d56 -> 
  custom:framework-win-MediaFoundation: 216162199b28c13a410421893ffa2e32 -> 
  custom:container-demuxer-ogg: 62fdf1f143b41e24485cea50d1cbac27 -> 
  custom:video-decoder-webm-vp8: 9c59270c3fd7afecdb556c50c9e8de78 -> 
  custom:audio-decoder-ogg-vorbis: bf7c407c2cedff20999df2af8eb42d56 -> 
========================================================================
Received Import Request.
  Time since last request: 160166.739875 seconds.
  path: Assets/Textures/c.e.r.png
  artifactKey: Guid(597c38b92ee043c4f95a015402a9da64) Importer(815301076,1909f56bfc062723c751e8b465ee728b)
Start importing Assets/Textures/c.e.r.png using Guid(597c38b92ee043c4f95a015402a9da64) Importer(815301076,1909f56bfc062723c751e8b465ee728b)  -> (artifact id: '7fc972a0bba96bfa1f02ee0eed886c2c') in 0.260497 seconds 
========================================================================
Received Import Request.
  Time since last request: 0.000037 seconds.
  path: Assets/Textures/heart.png
  artifactKey: Guid(aac09dc0b5528034989ec6fb9eff70f4) Importer(815301076,1909f56bfc062723c751e8b465ee728b)
Start importing Assets/Textures/heart.png using Guid(aac09dc0b5528034989ec6fb9eff70f4) Importer(815301076,1909f56bfc062723c751e8b465ee728b)  -> (artifact id: 'cd8f7dd7571c0e5d72720ea1062818d8') in 0.114180 seconds 
========================================================================
Received Import Request.
  Time since last request: 0.000347 seconds.
  path: Assets/Textures/circle.png
  artifactKey: Guid(205ab695f1f72534ca5935459c72ea41) Importer(815301076,1909f56bfc062723c751e8b465ee728b)
Start importing Assets/Textures/circle.png using Guid(205ab695f1f72534ca5935459c72ea41) Importer(815301076,1909f56bfc062723c751e8b465ee728b)  -> (artifact id: 'a5ed989963d578f28a7ad21b73448b9d') in 0.033407 seconds 
========================================================================
Received Import Request.
  Time since last request: 0.000089 seconds.
  path: Assets/Textures/drive tube.png
  artifactKey: Guid(f7429d009ef740d4d8587f2fe3b01356) Importer(815301076,1909f56bfc062723c751e8b465ee728b)
Start importing Assets/Textures/drive tube.png using Guid(f7429d009ef740d4d8587f2fe3b01356) Importer(815301076,1909f56bfc062723c751e8b465ee728b)  -> (artifact id: '246d3689b7e7c059fc4c5a549349eed1') in 0.030602 seconds 
========================================================================
Received Import Request.
  Time since last request: 0.000036 seconds.
  path: Assets/Textures/hammer.png
  artifactKey: Guid(093926577198d4445a74d73ec136a926) Importer(815301076,1909f56bfc062723c751e8b465ee728b)
Start importing Assets/Textures/hammer.png using Guid(093926577198d4445a74d73ec136a926) Importer(815301076,1909f56bfc062723c751e8b465ee728b)  -> (artifact id: '9e820dd2b6ab62ac61f6cd2f0941f9d4') in 0.026311 seconds 
========================================================================
Received Import Request.
  Time since last request: 0.000031 seconds.
  path: Assets/XR/XRGeneralSettings.asset
  artifactKey: Guid(a7d390c8fac066748b652475e1dbf234) Importer(815301076,1909f56bfc062723c751e8b465ee728b)
Start importing Assets/XR/XRGeneralSettings.asset using Guid(a7d390c8fac066748b652475e1dbf234) Importer(815301076,1909f56bfc062723c751e8b465ee728b)  -> (artifact id: 'd91da69a5d905818495a3d02b0ebd110') in 0.021429 seconds 
========================================================================
Received Import Request.
  Time since last request: 0.000036 seconds.
  path: Assets/Textures/empty-battery.png
  artifactKey: Guid(0136741948f4ede49988f89300658dda) Importer(815301076,1909f56bfc062723c751e8b465ee728b)
Start importing Assets/Textures/empty-battery.png using Guid(0136741948f4ede49988f89300658dda) Importer(815301076,1909f56bfc062723c751e8b465ee728b)  -> (artifact id: 'f2f4751bf0af46c9a4f5f5cd5f185df5') in 0.042648 seconds 
========================================================================
Received Import Request.
  Time since last request: 0.000040 seconds.
  path: Assets/Textures/c.s.png
  artifactKey: Guid(a7ef1d3143955bd45a7d1cd0d9f6d9a5) Importer(815301076,1909f56bfc062723c751e8b465ee728b)
Start importing Assets/Textures/c.s.png using Guid(a7ef1d3143955bd45a7d1cd0d9f6d9a5) Importer(815301076,1909f56bfc062723c751e8b465ee728b)  -> (artifact id: 'd4c6f20d045a4c85915a1ec97e9ff8df') in 0.027053 seconds 
========================================================================
Received Import Request.
  Time since last request: 0.000053 seconds.
  path: Assets/Textures/d.s.b.png
  artifactKey: Guid(501466f4b31f9004d811f53bdfd3bfcc) Importer(815301076,1909f56bfc062723c751e8b465ee728b)
Start importing Assets/Textures/d.s.b.png using Guid(501466f4b31f9004d811f53bdfd3bfcc) Importer(815301076,1909f56bfc062723c751e8b465ee728b)  -> (artifact id: 'f0226e679fce1a075044d5487d1e6a31') in 0.024891 seconds 
========================================================================
Received Import Request.
  Time since last request: 0.000037 seconds.
  path: Assets/Textures/clipboard1600.png
  artifactKey: Guid(042f9770257aa4540a2f8bfe1f4828a6) Importer(815301076,1909f56bfc062723c751e8b465ee728b)
Start importing Assets/Textures/clipboard1600.png using Guid(042f9770257aa4540a2f8bfe1f4828a6) Importer(815301076,1909f56bfc062723c751e8b465ee728b)  -> (artifact id: 'c33eb40cb0d63b9a0a82b4e8e848b5e1') in 0.192614 seconds 
========================================================================
Received Import Request.
  Time since last request: 0.121696 seconds.
  path: Assets/Prefabs/Ball.prefab
  artifactKey: Guid(1400a56ec94eb18499e036dbe1455180) Importer(815301076,1909f56bfc062723c751e8b465ee728b)
Start importing Assets/Prefabs/Ball.prefab using Guid(1400a56ec94eb18499e036dbe1455180) Importer(815301076,1909f56bfc062723c751e8b465ee728b)  -> (artifact id: '5ea30e3f71b3b663b8a5dea224129297') in 0.139259 seconds 
========================================================================
Received Import Request.
  Time since last request: 0.000050 seconds.
  path: Assets/Prefabs/Blue Marine.prefab
  artifactKey: Guid(460b34b134541294fb8beadd1ab6bf47) Importer(815301076,1909f56bfc062723c751e8b465ee728b)
Start importing Assets/Prefabs/Blue Marine.prefab using Guid(460b34b134541294fb8beadd1ab6bf47) Importer(815301076,1909f56bfc062723c751e8b465ee728b)  -> (artifact id: '043d47d0d15fe0751b4e60d0634f55e2') in 0.468158 seconds 
========================================================================
Received Import Request.
  Time since last request: 0.000682 seconds.
  path: Assets/Prefabs/Camera Button.prefab
  artifactKey: Guid(01ae3f2d435cb644d9c20c73cf4d006f) Importer(815301076,1909f56bfc062723c751e8b465ee728b)
Start importing Assets/Prefabs/Camera Button.prefab using Guid(01ae3f2d435cb644d9c20c73cf4d006f) Importer(815301076,1909f56bfc062723c751e8b465ee728b)  -> (artifact id: 'e364b114e4e120854beba519502037c0') in 0.326077 seconds 
========================================================================
Received Import Request.
  Time since last request: 0.000052 seconds.
  path: Assets/Prefabs/Celestial Green.prefab
  artifactKey: Guid(1367512932270e64ebe4cdf00532ad3a) Importer(815301076,1909f56bfc062723c751e8b465ee728b)
Start importing Assets/Prefabs/Celestial Green.prefab using Guid(1367512932270e64ebe4cdf00532ad3a) Importer(815301076,1909f56bfc062723c751e8b465ee728b)  -> (artifact id: '69b3cb7db07c540b54354a417223a28c') in 0.244523 seconds 
========================================================================
Received Import Request.
  Time since last request: 0.000047 seconds.
  path: Assets/Prefabs/CeilingLights.prefab
  artifactKey: Guid(37fae0d3246bf664c98cb48893902ca3) Importer(815301076,1909f56bfc062723c751e8b465ee728b)
Start importing Assets/Prefabs/CeilingLights.prefab using Guid(37fae0d3246bf664c98cb48893902ca3) Importer(815301076,1909f56bfc062723c751e8b465ee728b)  -> (artifact id: 'bf70f2e1b720c3ecf3ac0b959640e883') in 0.070379 seconds 
========================================================================
Received Import Request.
  Time since last request: 0.000034 seconds.
  path: Assets/Prefabs/Blue Vortex (1).prefab
  artifactKey: Guid(ad18d03c3052953469848ddc5d8ce98e) Importer(815301076,1909f56bfc062723c751e8b465ee728b)
Start importing Assets/Prefabs/Blue Vortex (1).prefab using Guid(ad18d03c3052953469848ddc5d8ce98e) Importer(815301076,1909f56bfc062723c751e8b465ee728b)  -> (artifact id: 'e8e1aa1fedbd5ead9a3870b69259fcd8') in 0.083811 seconds 
========================================================================
Received Import Request.
  Time since last request: 0.000045 seconds.
  path: Assets/Prefabs/Canvas.prefab
  artifactKey: Guid(5442650611e7bd940acbbac2cadf39ca) Importer(815301076,1909f56bfc062723c751e8b465ee728b)
Start importing Assets/Prefabs/Canvas.prefab using Guid(5442650611e7bd940acbbac2cadf39ca) Importer(815301076,1909f56bfc062723c751e8b465ee728b)  -> (artifact id: '5e706af187c9fa3091ac3416c37864dd') in 0.031158 seconds 
========================================================================
Received Import Request.
  Time since last request: 0.000043 seconds.
  path: Assets/Prefabs/Dark Strawberry.prefab
  artifactKey: Guid(02705c9341492e243bdd4cca53eb7f03) Importer(815301076,1909f56bfc062723c751e8b465ee728b)
Start importing Assets/Prefabs/Dark Strawberry.prefab using Guid(02705c9341492e243bdd4cca53eb7f03) Importer(815301076,1909f56bfc062723c751e8b465ee728b)  -> (artifact id: 'be54a1164046fa841140167acb95b7ba') in 0.173112 seconds 
========================================================================
Received Import Request.
  Time since last request: 0.000047 seconds.
  path: Assets/Prefabs/Digital Nest.prefab
  artifactKey: Guid(b870e8b3cf807a440a1ed334287f38da) Importer(815301076,1909f56bfc062723c751e8b465ee728b)
Start importing Assets/Prefabs/Digital Nest.prefab using Guid(b870e8b3cf807a440a1ed334287f38da) Importer(815301076,1909f56bfc062723c751e8b465ee728b)  -> (artifact id: 'c742fe26e335ca734102540c265b57fa') in 0.084802 seconds 
========================================================================
Received Import Request.
  Time since last request: 6.240810 seconds.
  path: Assets/Prefabs/DisplayFeaturesPanel 1.prefab
  artifactKey: Guid(684ffbc7443e9f64db5acfb59b7358d9) Importer(815301076,1909f56bfc062723c751e8b465ee728b)
Start importing Assets/Prefabs/DisplayFeaturesPanel 1.prefab using Guid(684ffbc7443e9f64db5acfb59b7358d9) Importer(815301076,1909f56bfc062723c751e8b465ee728b)  -> (artifact id: '08ff396f0ba6e632f7aad0b2f31d39c6') in 0.284604 seconds 
========================================================================
Received Import Request.
  Time since last request: 0.000047 seconds.
  path: Assets/Prefabs/Emerald Simple.prefab
  artifactKey: Guid(aba1b6df1b5573542840000abe418390) Importer(815301076,1909f56bfc062723c751e8b465ee728b)
Start importing Assets/Prefabs/Emerald Simple.prefab using Guid(aba1b6df1b5573542840000abe418390) Importer(815301076,1909f56bfc062723c751e8b465ee728b)  -> (artifact id: 'a0a7add8e78590b17d5962b404958f5d') in 0.149589 seconds 
========================================================================
Received Import Request.
  Time since last request: 0.000050 seconds.
  path: Assets/Prefabs/ExampleCamPivot.prefab
  artifactKey: Guid(d8a4fa19640c8d14995fc6fad3ee03e2) Importer(815301076,1909f56bfc062723c751e8b465ee728b)
Start importing Assets/Prefabs/ExampleCamPivot.prefab using Guid(d8a4fa19640c8d14995fc6fad3ee03e2) Importer(815301076,1909f56bfc062723c751e8b465ee728b)  -> (artifact id: 'd543288a860e2126d9d6815c287216e7') in 0.031544 seconds 
========================================================================
Received Import Request.
  Time since last request: 0.000034 seconds.
  path: Assets/Prefabs/DisplayFeaturesPanel.prefab
  artifactKey: Guid(ce439ddf0c7e8a34d910ad1e9d46f67d) Importer(815301076,1909f56bfc062723c751e8b465ee728b)
Start importing Assets/Prefabs/DisplayFeaturesPanel.prefab using Guid(ce439ddf0c7e8a34d910ad1e9d46f67d) Importer(815301076,1909f56bfc062723c751e8b465ee728b)  -> (artifact id: '2a1b7d02175abd68caf7ed9a226e0537') in 0.235480 seconds 
========================================================================
Received Import Request.
  Time since last request: 1.888538 seconds.
  path: Assets/Prefabs/Digital Nest.prefab
  artifactKey: Guid(b870e8b3cf807a440a1ed334287f38da) Importer(815301076,1909f56bfc062723c751e8b465ee728b)
Start importing Assets/Prefabs/Digital Nest.prefab using Guid(b870e8b3cf807a440a1ed334287f38da) Importer(815301076,1909f56bfc062723c751e8b465ee728b)  -> (artifact id: '5c8339fae281067f49d697c75d791de9') in 0.087057 seconds 
========================================================================
Received Import Request.
  Time since last request: 755.972851 seconds.
  path: Assets/Prefabs/HoloInterfaces 1 1.prefab
  artifactKey: Guid(d816bd6950fc46e4a8b9c7c2829a78a9) Importer(815301076,1909f56bfc062723c751e8b465ee728b)
Start importing Assets/Prefabs/HoloInterfaces 1 1.prefab using Guid(d816bd6950fc46e4a8b9c7c2829a78a9) Importer(815301076,1909f56bfc062723c751e8b465ee728b)  -> (artifact id: 'aa6a29a88661bd0fddfe8ac0e10b6361') in 1.600988 seconds 
========================================================================
Received Import Request.
  Time since last request: 0.000076 seconds.
  path: Assets/Prefabs/MiniMapCamera.prefab
  artifactKey: Guid(884138f7b12542f4b85042c2b4fb3cf8) Importer(815301076,1909f56bfc062723c751e8b465ee728b)
Start importing Assets/Prefabs/MiniMapCamera.prefab using Guid(884138f7b12542f4b85042c2b4fb3cf8) Importer(815301076,1909f56bfc062723c751e8b465ee728b)  -> (artifact id: 'c0e6b6af9822b62275b9707e643ae53a') in 0.054703 seconds 
========================================================================
Received Import Request.
  Time since last request: 17.814378 seconds.
  path: Assets/Prefabs/HoloInterfaces 1.prefab
  artifactKey: Guid(bda070f5bcf76b54995e342a80edb93a) Importer(815301076,1909f56bfc062723c751e8b465ee728b)
Start importing Assets/Prefabs/HoloInterfaces 1.prefab using Guid(bda070f5bcf76b54995e342a80edb93a) Importer(815301076,1909f56bfc062723c751e8b465ee728b)  -> (artifact id: '34348bb6de8bf4b8e852a239a1ac2218') in 0.581703 seconds 
========================================================================
Received Import Request.
  Time since last request: 506.603921 seconds.
  path: Assets/Prefabs/GetData.prefab
  artifactKey: Guid(9a72755f11905334ea5f2de0b337a61a) Importer(815301076,1909f56bfc062723c751e8b465ee728b)
Start importing Assets/Prefabs/GetData.prefab using Guid(9a72755f11905334ea5f2de0b337a61a) Importer(815301076,1909f56bfc062723c751e8b465ee728b)  -> (artifact id: '27d6b38567fc28f2bf4af8d593832c1d') in 0.025372 seconds 
========================================================================
Received Prepare
Registering precompiled user dll's ...
Registered in 0.272733 seconds.
Begin MonoManager ReloadAssembly
Native extension for WindowsStandalone target not found
Refreshing native plugins compatible for Editor in 2.85 ms, found 17 plugins.
Preloading 1 native plugins for Editor in 1.18 ms.
Mono: successfully reloaded assembly
- Completed reload, in  6.015 seconds
Domain Reload Profiling:
	ReloadAssembly (6018ms)
		BeginReloadAssembly (613ms)
			ExecutionOrderSort (0ms)
			DisableScriptedObjects (14ms)
			BackupInstance (0ms)
			ReleaseScriptingObjects (0ms)
			CreateAndSetChildDomain (141ms)
		EndReloadAssembly (5186ms)
			LoadAssemblies (859ms)
			RebuildTransferFunctionScriptingTraits (1ms)
			SetupTypeCache (470ms)
			ReleaseScriptCaches (6ms)
			RebuildScriptCaches (195ms)
			SetupLoadedEditorAssemblies (3611ms)
				LogAssemblyErrors (0ms)
				InitializePlatformSupportModulesInManaged (27ms)
				SetLoadedEditorAssemblies (2ms)
				RefreshPlugins (4ms)
				BeforeProcessingInitializeOnLoad (239ms)
				ProcessInitializeOnLoadAttributes (954ms)
				ProcessInitializeOnLoadMethodAttributes (2351ms)
				AfterProcessingInitializeOnLoad (16ms)
				EditorAssembliesLoaded (18ms)
			ExecutionOrderSort2 (0ms)
			AwakeInstancesAfterBackupRestoration (27ms)
Platform modules already initialized, skipping
Switching build target platform(19) subTarget(0) extendedPlatform(0) -> platform(21) subTarget(0) extendedPlatform(0)
Refreshing native plugins compatible for Editor in 3.55 ms, found 17 plugins.
Preloading 1 native plugins for Editor in 0.16 ms.
Unloading 5405 Unused Serialized files (Serialized files now loaded: 0)
Unloading 2660 unused Assets / (4.8 MB). Loaded Objects now: 5652.
Memory consumption went from 279.6 MB to 274.8 MB.
Total: 17.661400 ms (FindLiveObjects: 0.916200 ms CreateObjectMapping: 1.097300 ms MarkObjects: 6.517800 ms  DeleteObjects: 9.126800 ms)

AssetImportParameters requested are different than current active one (requested -> active):
  custom:video-decoder-ogg-theora: a1e56fd34408186e4bbccfd4996cb3dc -> 
  custom:container-muxer-webm: aa71ff27fc2769a1b78a27578f13a17b -> 
  custom:container-demuxer-webm: 4f35f7cbe854078d1ac9338744f61a02 -> 
  custom:video-encoder-webm-vp8: eb34c28f22e8b96e1ab97ce403110664 -> 
  custom:audio-encoder-webm-vorbis: bf7c407c2cedff20999df2af8eb42d56 -> 
  custom:framework-win-MediaFoundation: 216162199b28c13a410421893ffa2e32 -> 
  custom:container-demuxer-ogg: 62fdf1f143b41e24485cea50d1cbac27 -> 
  custom:video-decoder-webm-vp8: 9c59270c3fd7afecdb556c50c9e8de78 -> 
  custom:audio-decoder-ogg-vorbis: bf7c407c2cedff20999df2af8eb42d56 -> 
========================================================================
Received Prepare
Registering precompiled user dll's ...
Registered in 0.099949 seconds.
Begin MonoManager ReloadAssembly
Native extension for WindowsStandalone target not found
Refreshing native plugins compatible for Editor in 9.00 ms, found 17 plugins.
Preloading 1 native plugins for Editor in 0.18 ms.
Mono: successfully reloaded assembly
- Completed reload, in 25.750 seconds
Domain Reload Profiling:
	ReloadAssembly (25760ms)
		BeginReloadAssembly (1495ms)
			ExecutionOrderSort (0ms)
			DisableScriptedObjects (71ms)
			BackupInstance (0ms)
			ReleaseScriptingObjects (1ms)
			CreateAndSetChildDomain (401ms)
		EndReloadAssembly (23215ms)
			LoadAssemblies (1815ms)
			RebuildTransferFunctionScriptingTraits (0ms)
			SetupTypeCache (2326ms)
			ReleaseScriptCaches (20ms)
			RebuildScriptCaches (1037ms)
			SetupLoadedEditorAssemblies (17302ms)
				LogAssemblyErrors (0ms)
				InitializePlatformSupportModulesInManaged (82ms)
				SetLoadedEditorAssemblies (2ms)
				RefreshPlugins (9ms)
				BeforeProcessingInitializeOnLoad (905ms)
				ProcessInitializeOnLoadAttributes (5000ms)
				ProcessInitializeOnLoadMethodAttributes (11209ms)
				AfterProcessingInitializeOnLoad (94ms)
				EditorAssembliesLoaded (1ms)
			ExecutionOrderSort2 (0ms)
			AwakeInstancesAfterBackupRestoration (157ms)
Platform modules already initialized, skipping
Switching build target platform(19) subTarget(0) extendedPlatform(0) -> platform(21) subTarget(0) extendedPlatform(0)
Refreshing native plugins compatible for Editor in 39.86 ms, found 17 plugins.
Preloading 1 native plugins for Editor in 0.60 ms.
Unloading 5394 Unused Serialized files (Serialized files now loaded: 0)
Unloading 2650 unused Assets / (4.6 MB). Loaded Objects now: 5655.
Memory consumption went from 279.3 MB to 274.6 MB.
Total: 70.645400 ms (FindLiveObjects: 9.478200 ms CreateObjectMapping: 2.232100 ms MarkObjects: 19.168400 ms  DeleteObjects: 39.763800 ms)

AssetImportParameters requested are different than current active one (requested -> active):
  custom:video-decoder-ogg-theora: a1e56fd34408186e4bbccfd4996cb3dc -> 
  custom:container-muxer-webm: aa71ff27fc2769a1b78a27578f13a17b -> 
  custom:container-demuxer-webm: 4f35f7cbe854078d1ac9338744f61a02 -> 
  custom:video-encoder-webm-vp8: eb34c28f22e8b96e1ab97ce403110664 -> 
  custom:audio-encoder-webm-vorbis: bf7c407c2cedff20999df2af8eb42d56 -> 
  custom:framework-win-MediaFoundation: 216162199b28c13a410421893ffa2e32 -> 
  custom:container-demuxer-ogg: 62fdf1f143b41e24485cea50d1cbac27 -> 
  custom:video-decoder-webm-vp8: 9c59270c3fd7afecdb556c50c9e8de78 -> 
  custom:audio-decoder-ogg-vorbis: bf7c407c2cedff20999df2af8eb42d56 -> 
========================================================================
Received Prepare
Registering precompiled user dll's ...
Registered in 0.087260 seconds.
Begin MonoManager ReloadAssembly
Native extension for WindowsStandalone target not found
Refreshing native plugins compatible for Editor in 19.48 ms, found 17 plugins.
Preloading 1 native plugins for Editor in 0.59 ms.
Mono: successfully reloaded assembly
- Completed reload, in 26.370 seconds
Domain Reload Profiling:
	ReloadAssembly (26373ms)
		BeginReloadAssembly (1551ms)
			ExecutionOrderSort (0ms)
			DisableScriptedObjects (63ms)
			BackupInstance (0ms)
			ReleaseScriptingObjects (0ms)
			CreateAndSetChildDomain (491ms)
		EndReloadAssembly (23833ms)
			LoadAssemblies (2041ms)
			RebuildTransferFunctionScriptingTraits (1ms)
			SetupTypeCache (2632ms)
			ReleaseScriptCaches (22ms)
			RebuildScriptCaches (1100ms)
			SetupLoadedEditorAssemblies (17459ms)
				LogAssemblyErrors (0ms)
				InitializePlatformSupportModulesInManaged (189ms)
				SetLoadedEditorAssemblies (21ms)
				RefreshPlugins (21ms)
				BeforeProcessingInitializeOnLoad (1101ms)
				ProcessInitializeOnLoadAttributes (4723ms)
				ProcessInitializeOnLoadMethodAttributes (11373ms)
				AfterProcessingInitializeOnLoad (30ms)
				EditorAssembliesLoaded (0ms)
			ExecutionOrderSort2 (0ms)
			AwakeInstancesAfterBackupRestoration (27ms)
Platform modules already initialized, skipping
Switching build target platform(19) subTarget(0) extendedPlatform(0) -> platform(21) subTarget(0) extendedPlatform(0)
Refreshing native plugins compatible for Editor in 3.49 ms, found 17 plugins.
Preloading 1 native plugins for Editor in 0.20 ms.
Unloading 5394 Unused Serialized files (Serialized files now loaded: 0)
Unloading 2650 unused Assets / (4.7 MB). Loaded Objects now: 5658.
Memory consumption went from 279.3 MB to 274.6 MB.
Total: 16.614200 ms (FindLiveObjects: 1.142300 ms CreateObjectMapping: 1.162900 ms MarkObjects: 6.305600 ms  DeleteObjects: 8.001100 ms)

AssetImportParameters requested are different than current active one (requested -> active):
  custom:video-decoder-ogg-theora: a1e56fd34408186e4bbccfd4996cb3dc -> 
  custom:container-muxer-webm: aa71ff27fc2769a1b78a27578f13a17b -> 
  custom:container-demuxer-webm: 4f35f7cbe854078d1ac9338744f61a02 -> 
  custom:video-encoder-webm-vp8: eb34c28f22e8b96e1ab97ce403110664 -> 
  custom:audio-encoder-webm-vorbis: bf7c407c2cedff20999df2af8eb42d56 -> 
  custom:framework-win-MediaFoundation: 216162199b28c13a410421893ffa2e32 -> 
  custom:container-demuxer-ogg: 62fdf1f143b41e24485cea50d1cbac27 -> 
  custom:video-decoder-webm-vp8: 9c59270c3fd7afecdb556c50c9e8de78 -> 
  custom:audio-decoder-ogg-vorbis: bf7c407c2cedff20999df2af8eb42d56 -> 
========================================================================
Received Prepare
Registering precompiled user dll's ...
Registered in 0.078887 seconds.
Begin MonoManager ReloadAssembly
Native extension for WindowsStandalone target not found
Refreshing native plugins compatible for Editor in 3.24 ms, found 17 plugins.
Preloading 1 native plugins for Editor in 0.18 ms.
Mono: successfully reloaded assembly
- Completed reload, in  4.649 seconds
Domain Reload Profiling:
	ReloadAssembly (4650ms)
		BeginReloadAssembly (395ms)
			ExecutionOrderSort (0ms)
			DisableScriptedObjects (11ms)
			BackupInstance (0ms)
			ReleaseScriptingObjects (0ms)
			CreateAndSetChildDomain (113ms)
		EndReloadAssembly (4046ms)
			LoadAssemblies (457ms)
			RebuildTransferFunctionScriptingTraits (0ms)
			SetupTypeCache (623ms)
			ReleaseScriptCaches (5ms)
			RebuildScriptCaches (225ms)
			SetupLoadedEditorAssemblies (2680ms)
				LogAssemblyErrors (0ms)
				InitializePlatformSupportModulesInManaged (20ms)
				SetLoadedEditorAssemblies (1ms)
				RefreshPlugins (4ms)
				BeforeProcessingInitializeOnLoad (183ms)
				ProcessInitializeOnLoadAttributes (822ms)
				ProcessInitializeOnLoadMethodAttributes (1638ms)
				AfterProcessingInitializeOnLoad (11ms)
				EditorAssembliesLoaded (0ms)
			ExecutionOrderSort2 (0ms)
			AwakeInstancesAfterBackupRestoration (22ms)
Platform modules already initialized, skipping
Switching build target platform(19) subTarget(0) extendedPlatform(0) -> platform(21) subTarget(0) extendedPlatform(0)
Refreshing native plugins compatible for Editor in 3.06 ms, found 17 plugins.
Preloading 1 native plugins for Editor in 0.15 ms.
Unloading 5394 Unused Serialized files (Serialized files now loaded: 0)
Unloading 2650 unused Assets / (4.8 MB). Loaded Objects now: 5661.
Memory consumption went from 279.4 MB to 274.6 MB.
Total: 17.248100 ms (FindLiveObjects: 0.781100 ms CreateObjectMapping: 0.902600 ms MarkObjects: 4.663600 ms  DeleteObjects: 10.898200 ms)

AssetImportParameters requested are different than current active one (requested -> active):
  custom:video-decoder-ogg-theora: a1e56fd34408186e4bbccfd4996cb3dc -> 
  custom:container-muxer-webm: aa71ff27fc2769a1b78a27578f13a17b -> 
  custom:container-demuxer-webm: 4f35f7cbe854078d1ac9338744f61a02 -> 
  custom:video-encoder-webm-vp8: eb34c28f22e8b96e1ab97ce403110664 -> 
  custom:audio-encoder-webm-vorbis: bf7c407c2cedff20999df2af8eb42d56 -> 
  custom:framework-win-MediaFoundation: 216162199b28c13a410421893ffa2e32 -> 
  custom:container-demuxer-ogg: 62fdf1f143b41e24485cea50d1cbac27 -> 
  custom:video-decoder-webm-vp8: 9c59270c3fd7afecdb556c50c9e8de78 -> 
  custom:audio-decoder-ogg-vorbis: bf7c407c2cedff20999df2af8eb42d56 -> 
========================================================================
Received Prepare
Registering precompiled user dll's ...
Registered in 0.075316 seconds.
Begin MonoManager ReloadAssembly
Native extension for WindowsStandalone target not found
Refreshing native plugins compatible for Editor in 1.98 ms, found 17 plugins.
Preloading 1 native plugins for Editor in 0.16 ms.
Mono: successfully reloaded assembly
- Completed reload, in  3.958 seconds
Domain Reload Profiling:
	ReloadAssembly (3960ms)
		BeginReloadAssembly (252ms)
			ExecutionOrderSort (0ms)
			DisableScriptedObjects (9ms)
			BackupInstance (0ms)
			ReleaseScriptingObjects (0ms)
			CreateAndSetChildDomain (76ms)
		EndReloadAssembly (3559ms)
			LoadAssemblies (339ms)
			RebuildTransferFunctionScriptingTraits (0ms)
			SetupTypeCache (378ms)
			ReleaseScriptCaches (4ms)
			RebuildScriptCaches (146ms)
			SetupLoadedEditorAssemblies (2557ms)
				LogAssemblyErrors (0ms)
				InitializePlatformSupportModulesInManaged (16ms)
				SetLoadedEditorAssemblies (1ms)
				RefreshPlugins (2ms)
				BeforeProcessingInitializeOnLoad (158ms)
				ProcessInitializeOnLoadAttributes (498ms)
				ProcessInitializeOnLoadMethodAttributes (1865ms)
				AfterProcessingInitializeOnLoad (17ms)
				EditorAssembliesLoaded (1ms)
			ExecutionOrderSort2 (0ms)
			AwakeInstancesAfterBackupRestoration (26ms)
Platform modules already initialized, skipping
Switching build target platform(19) subTarget(0) extendedPlatform(0) -> platform(21) subTarget(0) extendedPlatform(0)
Refreshing native plugins compatible for Editor in 2.73 ms, found 17 plugins.
Preloading 1 native plugins for Editor in 0.21 ms.
Unloading 5394 Unused Serialized files (Serialized files now loaded: 0)
Unloading 2650 unused Assets / (4.6 MB). Loaded Objects now: 5664.
Memory consumption went from 279.2 MB to 274.6 MB.
Total: 20.665000 ms (FindLiveObjects: 1.383100 ms CreateObjectMapping: 1.832400 ms MarkObjects: 6.364900 ms  DeleteObjects: 11.080800 ms)

AssetImportParameters requested are different than current active one (requested -> active):
  custom:video-decoder-ogg-theora: a1e56fd34408186e4bbccfd4996cb3dc -> 
  custom:container-muxer-webm: aa71ff27fc2769a1b78a27578f13a17b -> 
  custom:container-demuxer-webm: 4f35f7cbe854078d1ac9338744f61a02 -> 
  custom:video-encoder-webm-vp8: eb34c28f22e8b96e1ab97ce403110664 -> 
  custom:audio-encoder-webm-vorbis: bf7c407c2cedff20999df2af8eb42d56 -> 
  custom:framework-win-MediaFoundation: 216162199b28c13a410421893ffa2e32 -> 
  custom:container-demuxer-ogg: 62fdf1f143b41e24485cea50d1cbac27 -> 
  custom:video-decoder-webm-vp8: 9c59270c3fd7afecdb556c50c9e8de78 -> 
  custom:audio-decoder-ogg-vorbis: bf7c407c2cedff20999df2af8eb42d56 -> 
========================================================================
Received Prepare
Registering precompiled user dll's ...
Registered in 0.107832 seconds.
Begin MonoManager ReloadAssembly
Native extension for WindowsStandalone target not found
Refreshing native plugins compatible for Editor in 24.34 ms, found 17 plugins.
Preloading 1 native plugins for Editor in 3.94 ms.
Mono: successfully reloaded assembly
- Completed reload, in 24.791 seconds
Domain Reload Profiling:
	ReloadAssembly (24798ms)
		BeginReloadAssembly (1525ms)
			ExecutionOrderSort (0ms)
			DisableScriptedObjects (62ms)
			BackupInstance (0ms)
			ReleaseScriptingObjects (0ms)
			CreateAndSetChildDomain (438ms)
		EndReloadAssembly (22270ms)
			LoadAssemblies (2176ms)
			RebuildTransferFunctionScriptingTraits (0ms)
			SetupTypeCache (2043ms)
			ReleaseScriptCaches (77ms)
			RebuildScriptCaches (999ms)
			SetupLoadedEditorAssemblies (14407ms)
				LogAssemblyErrors (0ms)
				InitializePlatformSupportModulesInManaged (146ms)
				SetLoadedEditorAssemblies (2ms)
				RefreshPlugins (32ms)
				BeforeProcessingInitializeOnLoad (1094ms)
				ProcessInitializeOnLoadAttributes (4466ms)
				ProcessInitializeOnLoadMethodAttributes (8578ms)
				AfterProcessingInitializeOnLoad (87ms)
				EditorAssembliesLoaded (1ms)
			ExecutionOrderSort2 (0ms)
			AwakeInstancesAfterBackupRestoration (133ms)
Platform modules already initialized, skipping
Switching build target platform(19) subTarget(0) extendedPlatform(0) -> platform(21) subTarget(0) extendedPlatform(0)
Refreshing native plugins compatible for Editor in 19.58 ms, found 17 plugins.
Preloading 1 native plugins for Editor in 0.20 ms.
Unloading 5394 Unused Serialized files (Serialized files now loaded: 0)
Unloading 2650 unused Assets / (4.7 MB). Loaded Objects now: 5667.
Memory consumption went from 279.4 MB to 274.8 MB.
Total: 85.944800 ms (FindLiveObjects: 4.223700 ms CreateObjectMapping: 11.935800 ms MarkObjects: 20.433300 ms  DeleteObjects: 49.347800 ms)

AssetImportParameters requested are different than current active one (requested -> active):
  custom:video-decoder-ogg-theora: a1e56fd34408186e4bbccfd4996cb3dc -> 
  custom:container-muxer-webm: aa71ff27fc2769a1b78a27578f13a17b -> 
  custom:container-demuxer-webm: 4f35f7cbe854078d1ac9338744f61a02 -> 
  custom:video-encoder-webm-vp8: eb34c28f22e8b96e1ab97ce403110664 -> 
  custom:audio-encoder-webm-vorbis: bf7c407c2cedff20999df2af8eb42d56 -> 
  custom:framework-win-MediaFoundation: 216162199b28c13a410421893ffa2e32 -> 
  custom:container-demuxer-ogg: 62fdf1f143b41e24485cea50d1cbac27 -> 
  custom:video-decoder-webm-vp8: 9c59270c3fd7afecdb556c50c9e8de78 -> 
  custom:audio-decoder-ogg-vorbis: bf7c407c2cedff20999df2af8eb42d56 -> 
========================================================================
Received Import Request.
  Time since last request: 775.968080 seconds.
  path: Assets/Lunar Landscape 3D/Resources/Materials/Dust.mat
  artifactKey: Guid(f35383bc9e18b4381af109e7608ac5d9) Importer(815301076,1909f56bfc062723c751e8b465ee728b)
Start importing Assets/Lunar Landscape 3D/Resources/Materials/Dust.mat using Guid(f35383bc9e18b4381af109e7608ac5d9) Importer(815301076,1909f56bfc062723c751e8b465ee728b)  -> (artifact id: '16e0395a25a7a0e88f8ae1d12c885083') in 0.466828 seconds 
========================================================================
Received Import Request.
  Time since last request: 29.078158 seconds.
  path: Assets/10 Particles over 60 seconds small.asset
  artifactKey: Guid(138d22f565a4b4c4d8f0bc717f6a0a28) Importer(815301076,1909f56bfc062723c751e8b465ee728b)
Start importing Assets/10 Particles over 60 seconds small.asset using Guid(138d22f565a4b4c4d8f0bc717f6a0a28) Importer(815301076,1909f56bfc062723c751e8b465ee728b)  -> (artifact id: 'faacbe43c73ddeb30b446f73e1e279ef') in 0.103096 seconds 
========================================================================
Received Import Request.
  Time since last request: 0.000045 seconds.
  path: Assets/A demo 1.asset
  artifactKey: Guid(161ae447ec196d84b947820636de14fd) Importer(815301076,1909f56bfc062723c751e8b465ee728b)
Start importing Assets/A demo 1.asset using Guid(161ae447ec196d84b947820636de14fd) Importer(815301076,1909f56bfc062723c751e8b465ee728b)  -> (artifact id: '0212380a6d1c158844c93e6db2c0c620') in 0.009146 seconds 
