Using pre-set license
Built from '2021.2/staging' branch; Version is '2021.2.7f1 (6bd9e232123f) revision 7068130'; Using compiler version '192829333'; Build Type 'Release'
OS: 'Windows 10  (10.0.17134) 64bit Enterprise' Language: 'en' Physical Memory: 8112 MB
BatchMode: 1, IsHumanControllingUs: 0, StartBugReporterOnCrash: 0, Is64bit: 1, IsPro: 0

COMMAND LINE ARGUMENTS:
C:\Program Files\Unity\Hub\Editor\2021.2.7f1\Editor\Unity.exe
-adb2
-batchMode
-noUpm
-name
AssetImportWorker0
-projectPath
C:/Users/pauld/Desktop/NASA-SUITS-AR-Displays
-logFile
Logs/AssetImportWorker0.log
-srvPort
59478
Successfully changed project path to: C:/Users/pauld/Desktop/NASA-SUITS-AR-Displays
C:/Users/pauld/Desktop/NASA-SUITS-AR-Displays
[UnityMemory] Configuration Parameters - Can be set up in boot.config
    "memorysetup-bucket-allocator-granularity=16"
    "memorysetup-bucket-allocator-bucket-count=8"
    "memorysetup-bucket-allocator-block-size=33554432"
    "memorysetup-bucket-allocator-block-count=8"
    "memorysetup-main-allocator-block-size=16777216"
    "memorysetup-thread-allocator-block-size=16777216"
    "memorysetup-gfx-main-allocator-block-size=16777216"
    "memorysetup-gfx-thread-allocator-block-size=16777216"
    "memorysetup-cache-allocator-block-size=4194304"
    "memorysetup-typetree-allocator-block-size=2097152"
    "memorysetup-profiler-bucket-allocator-granularity=16"
    "memorysetup-profiler-bucket-allocator-bucket-count=8"
    "memorysetup-profiler-bucket-allocator-block-size=33554432"
    "memorysetup-profiler-bucket-allocator-block-count=8"
    "memorysetup-profiler-allocator-block-size=16777216"
    "memorysetup-profiler-editor-allocator-block-size=1048576"
    "memorysetup-temp-allocator-size-main=16777216"
    "memorysetup-job-temp-allocator-block-size=2097152"
    "memorysetup-job-temp-allocator-block-size-background=1048576"
    "memorysetup-job-temp-allocator-reduction-small-platforms=262144"
    "memorysetup-temp-allocator-size-background-worker=32768"
    "memorysetup-temp-allocator-size-job-worker=262144"
    "memorysetup-temp-allocator-size-preload-manager=33554432"
    "memorysetup-temp-allocator-size-nav-mesh-worker=65536"
    "memorysetup-temp-allocator-size-audio-worker=65536"
    "memorysetup-temp-allocator-size-cloud-worker=32768"
    "memorysetup-temp-allocator-size-gi-baking-worker=262144"
    "memorysetup-temp-allocator-size-gfx=262144"
Refreshing native plugins compatible for Editor in 375.28 ms, found 17 plugins.
Preloading 1 native plugins for Editor in 27.62 ms.
Initialize engine version: 2021.2.7f1 (6bd9e232123f)
[Subsystems] Discovering subsystems at path C:/Program Files/Unity/Hub/Editor/2021.2.7f1/Editor/Data/Resources/UnitySubsystems
[Subsystems] Discovering subsystems at path C:/Users/pauld/Desktop/NASA-SUITS-AR-Displays/Assets
GfxDevice: creating device client; threaded=0; jobified=0
Direct3D:
    Version:  Direct3D 11.0 [level 11.1]
    Renderer: Intel(R) Iris(TM) Graphics 6100 (ID=0x162b)
    Vendor:   Intel
    VRAM:     4056 MB
    Driver:   20.19.15.4703
Initialize mono
Mono path[0] = 'C:/Program Files/Unity/Hub/Editor/2021.2.7f1/Editor/Data/Managed'
Mono path[1] = 'C:/Program Files/Unity/Hub/Editor/2021.2.7f1/Editor/Data/MonoBleedingEdge/lib/mono/unityjit-win32'
Mono config path = 'C:/Program Files/Unity/Hub/Editor/2021.2.7f1/Editor/Data/MonoBleedingEdge/etc'
Using monoOptions --debugger-agent=transport=dt_socket,embedding=1,server=y,suspend=n,address=127.0.0.1:56280
Begin MonoManager ReloadAssembly
Registering precompiled unity dll's ...
Register platform support module: C:/Program Files/Unity/Hub/Editor/2021.2.7f1/Editor/Data/PlaybackEngines/WindowsStandaloneSupport/UnityEditor.WindowsStandalone.Extensions.dll
Registered in 0.015650 seconds.
Native extension for WindowsStandalone target not found
Refreshing native plugins compatible for Editor in 197.33 ms, found 17 plugins.
Preloading 1 native plugins for Editor in 0.22 ms.
Mono: successfully reloaded assembly
- Completed reload, in  2.099 seconds
Domain Reload Profiling:
	ReloadAssembly (2100ms)
		BeginReloadAssembly (404ms)
			ExecutionOrderSort (0ms)
			DisableScriptedObjects (0ms)
			BackupInstance (0ms)
			ReleaseScriptingObjects (0ms)
			CreateAndSetChildDomain (2ms)
		EndReloadAssembly (1473ms)
			LoadAssemblies (406ms)
			RebuildTransferFunctionScriptingTraits (1ms)
			SetupTypeCache (423ms)
			ReleaseScriptCaches (0ms)
			RebuildScriptCaches (70ms)
			SetupLoadedEditorAssemblies (780ms)
				LogAssemblyErrors (0ms)
				InitializePlatformSupportModulesInManaged (39ms)
				SetLoadedEditorAssemblies (0ms)
				RefreshPlugins (198ms)
				BeforeProcessingInitializeOnLoad (2ms)
				ProcessInitializeOnLoadAttributes (415ms)
				ProcessInitializeOnLoadMethodAttributes (125ms)
				AfterProcessingInitializeOnLoad (0ms)
				EditorAssembliesLoaded (0ms)
			ExecutionOrderSort2 (0ms)
			AwakeInstancesAfterBackupRestoration (0ms)
Platform modules already initialized, skipping
Registering precompiled user dll's ...
Registered in 0.149081 seconds.
Begin MonoManager ReloadAssembly
Native extension for WindowsStandalone target not found
Refreshing native plugins compatible for Editor in 162.30 ms, found 17 plugins.
Preloading 1 native plugins for Editor in 0.20 ms.
Package Manager log level set to [2]
Mono: successfully reloaded assembly
- Completed reload, in  7.229 seconds
Domain Reload Profiling:
	ReloadAssembly (7231ms)
		BeginReloadAssembly (353ms)
			ExecutionOrderSort (0ms)
			DisableScriptedObjects (13ms)
			BackupInstance (0ms)
			ReleaseScriptingObjects (0ms)
			CreateAndSetChildDomain (44ms)
		EndReloadAssembly (6583ms)
			LoadAssemblies (763ms)
			RebuildTransferFunctionScriptingTraits (0ms)
			SetupTypeCache (713ms)
			ReleaseScriptCaches (1ms)
			RebuildScriptCaches (132ms)
			SetupLoadedEditorAssemblies (5038ms)
				LogAssemblyErrors (0ms)
				InitializePlatformSupportModulesInManaged (16ms)
				SetLoadedEditorAssemblies (0ms)
				RefreshPlugins (163ms)
				BeforeProcessingInitializeOnLoad (237ms)
				ProcessInitializeOnLoadAttributes (2227ms)
				ProcessInitializeOnLoadMethodAttributes (2381ms)
				AfterProcessingInitializeOnLoad (14ms)
				EditorAssembliesLoaded (0ms)
			ExecutionOrderSort2 (0ms)
			AwakeInstancesAfterBackupRestoration (8ms)
Platform modules already initialized, skipping
========================================================================
Worker process is ready to serve import requests
Launched and connected shader compiler UnityShaderCompiler.exe after 0.09 seconds
Refreshing native plugins compatible for Editor in 4.69 ms, found 17 plugins.
Preloading 1 native plugins for Editor in 0.20 ms.
Unloading 5511 Unused Serialized files (Serialized files now loaded: 0)
Unloading 2452 unused Assets / (4.7 MB). Loaded Objects now: 5532.
Memory consumption went from 268.6 MB to 263.9 MB.
Total: 17.654900 ms (FindLiveObjects: 1.087200 ms CreateObjectMapping: 1.127800 ms MarkObjects: 5.682700 ms  DeleteObjects: 9.755100 ms)

AssetImportParameters requested are different than current active one (requested -> active):
  custom:video-decoder-ogg-theora: a1e56fd34408186e4bbccfd4996cb3dc -> 
  custom:container-muxer-webm: aa71ff27fc2769a1b78a27578f13a17b -> 
  custom:container-demuxer-webm: 4f35f7cbe854078d1ac9338744f61a02 -> 
  custom:video-encoder-webm-vp8: eb34c28f22e8b96e1ab97ce403110664 -> 
  custom:audio-encoder-webm-vorbis: bf7c407c2cedff20999df2af8eb42d56 -> 
  custom:framework-win-MediaFoundation: 216162199b28c13a410421893ffa2e32 -> 
  custom:container-demuxer-ogg: 62fdf1f143b41e24485cea50d1cbac27 -> 
  custom:video-decoder-webm-vp8: 9c59270c3fd7afecdb556c50c9e8de78 -> 
  custom:audio-decoder-ogg-vorbis: bf7c407c2cedff20999df2af8eb42d56 -> 
========================================================================
Received Import Request.
  Time since last request: 83809.001621 seconds.
  path: Assets/Prefabs/HoloInterfaces 1.prefab
  artifactKey: Guid(bda070f5bcf76b54995e342a80edb93a) Importer(815301076,1909f56bfc062723c751e8b465ee728b)
Start importing Assets/Prefabs/HoloInterfaces 1.prefab using Guid(bda070f5bcf76b54995e342a80edb93a) Importer(815301076,1909f56bfc062723c751e8b465ee728b)  -> (artifact id: '5914edfacb7abbc5b16316b84c61d2fb') in 1.801124 seconds 
========================================================================
Received Import Request.
  Time since last request: 0.000051 seconds.
  path: Assets/Prefabs/HoloInterfaces.prefab
  artifactKey: Guid(0128c1d5f9566cd4fa00a8350a16aff6) Importer(815301076,1909f56bfc062723c751e8b465ee728b)
Start importing Assets/Prefabs/HoloInterfaces.prefab using Guid(0128c1d5f9566cd4fa00a8350a16aff6) Importer(815301076,1909f56bfc062723c751e8b465ee728b)  -> (artifact id: '345844eb914da1eb31e270a42ab3c2be') in 0.858798 seconds 
========================================================================
Received Import Request.
  Time since last request: 0.000050 seconds.
  path: Assets/Prefabs/Map 1.prefab
  artifactKey: Guid(0949d05297cdda14b9f3ed4c36e6f394) Importer(815301076,1909f56bfc062723c751e8b465ee728b)
Start importing Assets/Prefabs/Map 1.prefab using Guid(0949d05297cdda14b9f3ed4c36e6f394) Importer(815301076,1909f56bfc062723c751e8b465ee728b)  -> (artifact id: '1114751d12b9ba5eaf3a9ce882fda580') in 0.180888 seconds 
========================================================================
Received Import Request.
  Time since last request: 0.000046 seconds.
  path: Assets/MRTK/Providers/Oculus/XRSDK/MRTK-Quest/Prefabs/MRTK-Quest_HandsPrefab.prefab
  artifactKey: Guid(7f285947dfc20f248ad3ce02c2e997a3) Importer(815301076,1909f56bfc062723c751e8b465ee728b)
Start importing Assets/MRTK/Providers/Oculus/XRSDK/MRTK-Quest/Prefabs/MRTK-Quest_HandsPrefab.prefab using Guid(7f285947dfc20f248ad3ce02c2e997a3) Importer(815301076,1909f56bfc062723c751e8b465ee728b)  -> (artifact id: 'cf6e148be411133b413a92c3f5dab159') in 0.030420 seconds 
========================================================================
Received Import Request.
  Time since last request: 0.000100 seconds.
  path: Assets/MRTK/Providers/Oculus/XRSDK/MRTK-Quest/Prefabs/MRTK-Quest_LocalAvatar.prefab
  artifactKey: Guid(5357c8e6c4495c04f90e97272375c294) Importer(815301076,1909f56bfc062723c751e8b465ee728b)
Start importing Assets/MRTK/Providers/Oculus/XRSDK/MRTK-Quest/Prefabs/MRTK-Quest_LocalAvatar.prefab using Guid(5357c8e6c4495c04f90e97272375c294) Importer(815301076,1909f56bfc062723c751e8b465ee728b)  -> (artifact id: 'fa78d2504b8543602c98fa0f91124f03') in 0.025794 seconds 
========================================================================
Received Import Request.
  Time since last request: 0.000034 seconds.
  path: Assets/Prefabs/MiniMapCamera.prefab
  artifactKey: Guid(884138f7b12542f4b85042c2b4fb3cf8) Importer(815301076,1909f56bfc062723c751e8b465ee728b)
Start importing Assets/Prefabs/MiniMapCamera.prefab using Guid(884138f7b12542f4b85042c2b4fb3cf8) Importer(815301076,1909f56bfc062723c751e8b465ee728b)  -> (artifact id: '0c7c0fa923b52b5e1451fa7fb06068a2') in 0.014911 seconds 
========================================================================
Received Import Request.
  Time since last request: 0.000093 seconds.
  path: Assets/MRTK/Providers/Oculus/XRSDK/MRTK-Quest/Prefabs/MRTK-Quest_OVRCameraRig.prefab
  artifactKey: Guid(69a746aa83d0d0e45b4e2d33eab0fff4) Importer(815301076,1909f56bfc062723c751e8b465ee728b)
Start importing Assets/MRTK/Providers/Oculus/XRSDK/MRTK-Quest/Prefabs/MRTK-Quest_OVRCameraRig.prefab using Guid(69a746aa83d0d0e45b4e2d33eab0fff4) Importer(815301076,1909f56bfc062723c751e8b465ee728b)  -> (artifact id: 'e4dcaaaddebb43dcd962e2a97659bd70') in 0.028506 seconds 
========================================================================
Received Import Request.
  Time since last request: 0.000032 seconds.
  path: Assets/Prefabs/Meticulous Lock.prefab
  artifactKey: Guid(a2539485fec2bf242859d8a18318dd10) Importer(815301076,1909f56bfc062723c751e8b465ee728b)
Start importing Assets/Prefabs/Meticulous Lock.prefab using Guid(a2539485fec2bf242859d8a18318dd10) Importer(815301076,1909f56bfc062723c751e8b465ee728b)  -> (artifact id: 'cdc3520e338f4f7a0f699c2dd9acf3f5') in 0.056050 seconds 
========================================================================
Received Import Request.
  Time since last request: 0.000049 seconds.
  path: Assets/Prefabs/Map.prefab
  artifactKey: Guid(53ec84b14b8db784b8478ed4b50c4bcc) Importer(815301076,1909f56bfc062723c751e8b465ee728b)
Start importing Assets/Prefabs/Map.prefab using Guid(53ec84b14b8db784b8478ed4b50c4bcc) Importer(815301076,1909f56bfc062723c751e8b465ee728b)  -> (artifact id: '57d9d47592cf01d134a3f734bf2a47d3') in 0.046541 seconds 
========================================================================
Received Import Request.
  Time since last request: 0.000098 seconds.
  path: Assets/Prefabs/Note Taking.prefab
  artifactKey: Guid(57fbcef162c6d5742a0ea82c962a7c58) Importer(815301076,1909f56bfc062723c751e8b465ee728b)
Start importing Assets/Prefabs/Note Taking.prefab using Guid(57fbcef162c6d5742a0ea82c962a7c58) Importer(815301076,1909f56bfc062723c751e8b465ee728b)  -> (artifact id: 'df241eaf6f892d24f78bfae6586aa64b') in 0.185449 seconds 
========================================================================
Received Import Request.
  Time since last request: 0.000043 seconds.
  path: Assets/Prefabs/Note Taking 1.prefab
  artifactKey: Guid(45f2815f8e16f37428c6087ecec8e4fc) Importer(815301076,1909f56bfc062723c751e8b465ee728b)
Start importing Assets/Prefabs/Note Taking 1.prefab using Guid(45f2815f8e16f37428c6087ecec8e4fc) Importer(815301076,1909f56bfc062723c751e8b465ee728b)  -> (artifact id: '29247937a0952b5c958897978137f638') in 0.134490 seconds 
========================================================================
Received Import Request.
  Time since last request: 0.000043 seconds.
  path: Assets/Prefabs/Mythical Sun.prefab
  artifactKey: Guid(d4c63b91d6483d541adef7c3be80c50c) Importer(815301076,1909f56bfc062723c751e8b465ee728b)
Start importing Assets/Prefabs/Mythical Sun.prefab using Guid(d4c63b91d6483d541adef7c3be80c50c) Importer(815301076,1909f56bfc062723c751e8b465ee728b)  -> (artifact id: 'eab59e562466d84eb2382472a48435c0') in 0.224536 seconds 
========================================================================
Received Import Request.
  Time since last request: 31.540066 seconds.
  path: Assets/Prefabs/HoloInterfaces 1.prefab
  artifactKey: Guid(bda070f5bcf76b54995e342a80edb93a) Importer(815301076,1909f56bfc062723c751e8b465ee728b)
Start importing Assets/Prefabs/HoloInterfaces 1.prefab using Guid(bda070f5bcf76b54995e342a80edb93a) Importer(815301076,1909f56bfc062723c751e8b465ee728b)  -> (artifact id: '410b9d84ca44ec2f633e5ede2259cbdd') in 0.679650 seconds 
========================================================================
Received Import Request.
  Time since last request: 0.000064 seconds.
  path: Assets/Prefabs/MiniMapCamera.prefab
  artifactKey: Guid(884138f7b12542f4b85042c2b4fb3cf8) Importer(815301076,1909f56bfc062723c751e8b465ee728b)
Start importing Assets/Prefabs/MiniMapCamera.prefab using Guid(884138f7b12542f4b85042c2b4fb3cf8) Importer(815301076,1909f56bfc062723c751e8b465ee728b)  -> (artifact id: '0c7c0fa923b52b5e1451fa7fb06068a2') in 0.018066 seconds 
========================================================================
Received Import Request.
  Time since last request: 0.000138 seconds.
  path: Assets/Prefabs/Obvious Warning.prefab
  artifactKey: Guid(9610c3e788a4dd34093f04c8e3727fc2) Importer(815301076,1909f56bfc062723c751e8b465ee728b)
Start importing Assets/Prefabs/Obvious Warning.prefab using Guid(9610c3e788a4dd34093f04c8e3727fc2) Importer(815301076,1909f56bfc062723c751e8b465ee728b)  -> (artifact id: '892366d3069104ae4bec7bbefa84e67a') in 0.077741 seconds 
========================================================================
Received Import Request.
  Time since last request: 6.917268 seconds.
  path: Assets/Prefabs/ExampleRecord.prefab
  artifactKey: Guid(acbb7ada440b5c1429b2a73cbc302c15) Importer(815301076,1909f56bfc062723c751e8b465ee728b)
Start importing Assets/Prefabs/ExampleRecord.prefab using Guid(acbb7ada440b5c1429b2a73cbc302c15) Importer(815301076,1909f56bfc062723c751e8b465ee728b)  -> (artifact id: 'cc6c7e898cd530dfc2a0c39a195f3f42') in 0.029853 seconds 
========================================================================
Received Import Request.
  Time since last request: 0.000037 seconds.
  path: Assets/Prefabs/ExampleUI.prefab
  artifactKey: Guid(046d473c138dfe647888672f8f5e6839) Importer(815301076,1909f56bfc062723c751e8b465ee728b)
Start importing Assets/Prefabs/ExampleUI.prefab using Guid(046d473c138dfe647888672f8f5e6839) Importer(815301076,1909f56bfc062723c751e8b465ee728b)  -> (artifact id: '9a164b590e0c6b8e9e1229ee09c3fb2d') in 0.064887 seconds 
========================================================================
Received Import Request.
  Time since last request: 0.000058 seconds.
  path: Assets/Prefabs/Geology Tools Instructions.prefab
  artifactKey: Guid(1e9daf9bd7fcf3d409c7e14988702f7a) Importer(815301076,1909f56bfc062723c751e8b465ee728b)
Start importing Assets/Prefabs/Geology Tools Instructions.prefab using Guid(1e9daf9bd7fcf3d409c7e14988702f7a) Importer(815301076,1909f56bfc062723c751e8b465ee728b)  -> (artifact id: '0b7d04a92fafee2836926e17c680e797') in 0.453217 seconds 
========================================================================
Received Import Request.
  Time since last request: 8.968626 seconds.
  path: Assets/Prefabs/MiniMapCamera.prefab
  artifactKey: Guid(884138f7b12542f4b85042c2b4fb3cf8) Importer(815301076,1909f56bfc062723c751e8b465ee728b)
Start importing Assets/Prefabs/MiniMapCamera.prefab using Guid(884138f7b12542f4b85042c2b4fb3cf8) Importer(815301076,1909f56bfc062723c751e8b465ee728b)  -> (artifact id: '0c7c0fa923b52b5e1451fa7fb06068a2') in 0.021356 seconds 
========================================================================
Received Import Request.
  Time since last request: 23.505971 seconds.
  path: Assets/Scenes/UserInterface guides.unity
  artifactKey: Guid(f650eae57dbc01341b7af3d6ec82934b) Importer(815301076,1909f56bfc062723c751e8b465ee728b)
Start importing Assets/Scenes/UserInterface guides.unity using Guid(f650eae57dbc01341b7af3d6ec82934b) Importer(815301076,1909f56bfc062723c751e8b465ee728b)  -> (artifact id: '29c81131582cb3df52971756572083f0') in 0.034517 seconds 
========================================================================
Received Import Request.
  Time since last request: 37.485216 seconds.
  path: Assets/Scenes/Azure Cloud Tutorials.unity
  artifactKey: Guid(b66fe750f8650dd46bf1899336f62b35) Importer(815301076,1909f56bfc062723c751e8b465ee728b)
Start importing Assets/Scenes/Azure Cloud Tutorials.unity using Guid(b66fe750f8650dd46bf1899336f62b35) Importer(815301076,1909f56bfc062723c751e8b465ee728b)  -> (artifact id: 'be5356e3a6757ae84e74d2df13236a09') in 0.011114 seconds 
========================================================================
Received Import Request.
  Time since last request: 18.087580 seconds.
  path: Assets/MRTK.Tutorials.AzureCloudServices/Scripts/Managers/SceneController.cs
  artifactKey: Guid(f0073f035b85808418cad7976612497c) Importer(815301076,1909f56bfc062723c751e8b465ee728b)
Start importing Assets/MRTK.Tutorials.AzureCloudServices/Scripts/Managers/SceneController.cs using Guid(f0073f035b85808418cad7976612497c) Importer(815301076,1909f56bfc062723c751e8b465ee728b)  -> (artifact id: '2d36af0ee158149327a607659bfd0741') in 0.017848 seconds 
========================================================================
Received Import Request.
  Time since last request: 946.657965 seconds.
  path: Assets/MRTK.Tutorials.AzureSpatialAnchors/Scripts/AnchorFeedbackScript.cs
  artifactKey: Guid(d3f03f5b67853cb458099b982d872440) Importer(815301076,1909f56bfc062723c751e8b465ee728b)
Start importing Assets/MRTK.Tutorials.AzureSpatialAnchors/Scripts/AnchorFeedbackScript.cs using Guid(d3f03f5b67853cb458099b982d872440) Importer(815301076,1909f56bfc062723c751e8b465ee728b)  -> (artifact id: 'ab3266e1a6514ca305e6242a796611c4') in 0.102470 seconds 
========================================================================
Received Import Request.
  Time since last request: 11.946041 seconds.
  path: Assets/MRTK.Tutorials.AzureSpatialAnchors/Scripts/AnchorModuleScript.cs
  artifactKey: Guid(dcbd141a0cfae6a4e813b9fd7b3b748c) Importer(815301076,1909f56bfc062723c751e8b465ee728b)
Start importing Assets/MRTK.Tutorials.AzureSpatialAnchors/Scripts/AnchorModuleScript.cs using Guid(dcbd141a0cfae6a4e813b9fd7b3b748c) Importer(815301076,1909f56bfc062723c751e8b465ee728b)  -> (artifact id: '566dadfa7e6074481d14888ee2779a66') in 0.021653 seconds 
========================================================================
Received Prepare
Registering precompiled user dll's ...
Registered in 0.498745 seconds.
Begin MonoManager ReloadAssembly
Native extension for WindowsStandalone target not found
Refreshing native plugins compatible for Editor in 341.57 ms, found 17 plugins.
Preloading 1 native plugins for Editor in 0.24 ms.
Mono: successfully reloaded assembly
- Completed reload, in 17.103 seconds
Domain Reload Profiling:
	ReloadAssembly (17114ms)
		BeginReloadAssembly (2220ms)
			ExecutionOrderSort (0ms)
			DisableScriptedObjects (189ms)
			BackupInstance (0ms)
			ReleaseScriptingObjects (0ms)
			CreateAndSetChildDomain (711ms)
		EndReloadAssembly (14480ms)
			LoadAssemblies (941ms)
			RebuildTransferFunctionScriptingTraits (3ms)
			SetupTypeCache (2238ms)
			ReleaseScriptCaches (7ms)
			RebuildScriptCaches (447ms)
			SetupLoadedEditorAssemblies (10848ms)
				LogAssemblyErrors (0ms)
				InitializePlatformSupportModulesInManaged (36ms)
				SetLoadedEditorAssemblies (0ms)
				RefreshPlugins (342ms)
				BeforeProcessingInitializeOnLoad (1772ms)
				ProcessInitializeOnLoadAttributes (2767ms)
				ProcessInitializeOnLoadMethodAttributes (5911ms)
				AfterProcessingInitializeOnLoad (20ms)
				EditorAssembliesLoaded (1ms)
			ExecutionOrderSort2 (0ms)
			AwakeInstancesAfterBackupRestoration (19ms)
Platform modules already initialized, skipping
Switching build target platform(19) subTarget(0) extendedPlatform(0) -> platform(21) subTarget(0) extendedPlatform(0)
Refreshing native plugins compatible for Editor in 7.57 ms, found 17 plugins.
Preloading 1 native plugins for Editor in 0.20 ms.
Unloading 5205 Unused Serialized files (Serialized files now loaded: 0)
Unloading 2643 unused Assets / (3.4 MB). Loaded Objects now: 5545.
Memory consumption went from 267.2 MB to 263.8 MB.
Total: 139.736600 ms (FindLiveObjects: 10.058500 ms CreateObjectMapping: 5.494700 ms MarkObjects: 23.883000 ms  DeleteObjects: 100.296700 ms)

AssetImportParameters requested are different than current active one (requested -> active):
  custom:video-decoder-ogg-theora: a1e56fd34408186e4bbccfd4996cb3dc -> 
  custom:container-muxer-webm: aa71ff27fc2769a1b78a27578f13a17b -> 
  custom:container-demuxer-webm: 4f35f7cbe854078d1ac9338744f61a02 -> 
  custom:video-encoder-webm-vp8: eb34c28f22e8b96e1ab97ce403110664 -> 
  custom:audio-encoder-webm-vorbis: bf7c407c2cedff20999df2af8eb42d56 -> 
  custom:framework-win-MediaFoundation: 216162199b28c13a410421893ffa2e32 -> 
  custom:container-demuxer-ogg: 62fdf1f143b41e24485cea50d1cbac27 -> 
  custom:video-decoder-webm-vp8: 9c59270c3fd7afecdb556c50c9e8de78 -> 
  custom:audio-decoder-ogg-vorbis: bf7c407c2cedff20999df2af8eb42d56 -> 
========================================================================
Received Prepare
Registering precompiled user dll's ...
Registered in 0.108780 seconds.
Begin MonoManager ReloadAssembly
Native extension for WindowsStandalone target not found
Refreshing native plugins compatible for Editor in 27.95 ms, found 17 plugins.
Preloading 1 native plugins for Editor in 0.23 ms.
Mono: successfully reloaded assembly
- Completed reload, in 32.937 seconds
Domain Reload Profiling:
	ReloadAssembly (32939ms)
		BeginReloadAssembly (1244ms)
			ExecutionOrderSort (0ms)
			DisableScriptedObjects (5ms)
			BackupInstance (0ms)
			ReleaseScriptingObjects (0ms)
			CreateAndSetChildDomain (98ms)
		EndReloadAssembly (31266ms)
			LoadAssemblies (1436ms)
			RebuildTransferFunctionScriptingTraits (0ms)
			SetupTypeCache (8464ms)
			ReleaseScriptCaches (21ms)
			RebuildScriptCaches (2139ms)
			SetupLoadedEditorAssemblies (19804ms)
				LogAssemblyErrors (0ms)
				InitializePlatformSupportModulesInManaged (100ms)
				SetLoadedEditorAssemblies (2ms)
				RefreshPlugins (28ms)
				BeforeProcessingInitializeOnLoad (937ms)
				ProcessInitializeOnLoadAttributes (3342ms)
				ProcessInitializeOnLoadMethodAttributes (15379ms)
				AfterProcessingInitializeOnLoad (15ms)
				EditorAssembliesLoaded (0ms)
			ExecutionOrderSort2 (0ms)
			AwakeInstancesAfterBackupRestoration (13ms)
Platform modules already initialized, skipping
Switching build target platform(19) subTarget(0) extendedPlatform(0) -> platform(21) subTarget(0) extendedPlatform(0)
Refreshing native plugins compatible for Editor in 4.96 ms, found 17 plugins.
Preloading 1 native plugins for Editor in 0.44 ms.
Unloading 5216 Unused Serialized files (Serialized files now loaded: 0)
Unloading 2650 unused Assets / (4.7 MB). Loaded Objects now: 5548.
Memory consumption went from 267.7 MB to 263.0 MB.
Total: 25.614100 ms (FindLiveObjects: 1.557600 ms CreateObjectMapping: 2.005500 ms MarkObjects: 9.789400 ms  DeleteObjects: 12.257000 ms)

AssetImportParameters requested are different than current active one (requested -> active):
  custom:video-decoder-ogg-theora: a1e56fd34408186e4bbccfd4996cb3dc -> 
  custom:container-muxer-webm: aa71ff27fc2769a1b78a27578f13a17b -> 
  custom:container-demuxer-webm: 4f35f7cbe854078d1ac9338744f61a02 -> 
  custom:video-encoder-webm-vp8: eb34c28f22e8b96e1ab97ce403110664 -> 
  custom:audio-encoder-webm-vorbis: bf7c407c2cedff20999df2af8eb42d56 -> 
  custom:framework-win-MediaFoundation: 216162199b28c13a410421893ffa2e32 -> 
  custom:container-demuxer-ogg: 62fdf1f143b41e24485cea50d1cbac27 -> 
  custom:video-decoder-webm-vp8: 9c59270c3fd7afecdb556c50c9e8de78 -> 
  custom:audio-decoder-ogg-vorbis: bf7c407c2cedff20999df2af8eb42d56 -> 
========================================================================
Received Prepare
Registering precompiled user dll's ...
Registered in 0.381152 seconds.
Begin MonoManager ReloadAssembly
Native extension for WindowsStandalone target not found
Refreshing native plugins compatible for Editor in 135.23 ms, found 17 plugins.
Preloading 1 native plugins for Editor in 0.19 ms.
Mono: successfully reloaded assembly
- Completed reload, in  7.586 seconds
Domain Reload Profiling:
	ReloadAssembly (7587ms)
		BeginReloadAssembly (475ms)
			ExecutionOrderSort (0ms)
			DisableScriptedObjects (12ms)
			BackupInstance (0ms)
			ReleaseScriptingObjects (0ms)
			CreateAndSetChildDomain (114ms)
		EndReloadAssembly (6927ms)
			LoadAssemblies (744ms)
			RebuildTransferFunctionScriptingTraits (0ms)
			SetupTypeCache (484ms)
			ReleaseScriptCaches (6ms)
			RebuildScriptCaches (180ms)
			SetupLoadedEditorAssemblies (5472ms)
				LogAssemblyErrors (0ms)
				InitializePlatformSupportModulesInManaged (21ms)
				SetLoadedEditorAssemblies (0ms)
				RefreshPlugins (136ms)
				BeforeProcessingInitializeOnLoad (195ms)
				ProcessInitializeOnLoadAttributes (2161ms)
				ProcessInitializeOnLoadMethodAttributes (2943ms)
				AfterProcessingInitializeOnLoad (15ms)
				EditorAssembliesLoaded (0ms)
			ExecutionOrderSort2 (0ms)
			AwakeInstancesAfterBackupRestoration (15ms)
Platform modules already initialized, skipping
Switching build target platform(19) subTarget(0) extendedPlatform(0) -> platform(21) subTarget(0) extendedPlatform(0)
Refreshing native plugins compatible for Editor in 3.15 ms, found 17 plugins.
Preloading 1 native plugins for Editor in 0.20 ms.
Unloading 5393 Unused Serialized files (Serialized files now loaded: 0)
Unloading 2652 unused Assets / (4.6 MB). Loaded Objects now: 5551.
Memory consumption went from 271.5 MB to 266.9 MB.
Total: 16.378100 ms (FindLiveObjects: 1.095600 ms CreateObjectMapping: 1.240400 ms MarkObjects: 5.297400 ms  DeleteObjects: 8.742000 ms)

AssetImportParameters requested are different than current active one (requested -> active):
  custom:video-decoder-ogg-theora: a1e56fd34408186e4bbccfd4996cb3dc -> 
  custom:container-muxer-webm: aa71ff27fc2769a1b78a27578f13a17b -> 
  custom:container-demuxer-webm: 4f35f7cbe854078d1ac9338744f61a02 -> 
  custom:video-encoder-webm-vp8: eb34c28f22e8b96e1ab97ce403110664 -> 
  custom:audio-encoder-webm-vorbis: bf7c407c2cedff20999df2af8eb42d56 -> 
  custom:framework-win-MediaFoundation: 216162199b28c13a410421893ffa2e32 -> 
  custom:container-demuxer-ogg: 62fdf1f143b41e24485cea50d1cbac27 -> 
  custom:video-decoder-webm-vp8: 9c59270c3fd7afecdb556c50c9e8de78 -> 
  custom:audio-decoder-ogg-vorbis: bf7c407c2cedff20999df2af8eb42d56 -> 
========================================================================
Received Import Request.
  Time since last request: 432.997502 seconds.
  path: Packages/com.microsoft.azure.spatial-anchors-sdk.android/package.json
  artifactKey: Guid(28b02a05124795948b89f82e2a9299f5) Importer(815301076,1909f56bfc062723c751e8b465ee728b)
Start importing Packages/com.microsoft.azure.spatial-anchors-sdk.android/package.json using Guid(28b02a05124795948b89f82e2a9299f5) Importer(815301076,1909f56bfc062723c751e8b465ee728b)  -> (artifact id: '83ff8b47940ac6cc88384a674a744ca4') in 0.299538 seconds 
